310
DEBUG 2021-02-06 01:47:36.643 UTC: 	 CRAB Client version: v3.201110
DEBUG 2021-02-06 01:47:36.644 UTC: 	 Running on: Linux lxplus786.cern.ch 3.10.0-1160.6.1.el7.x86_64 #1 SMP Tue Nov 17 13:59:11 UTC 2020 x86_64 x86_64 x86_64 GNU/Linux - CentOS Linux 7 (Core)
DEBUG 2021-02-06 01:47:36.644 UTC: 	 Executing command: 'submit'
DEBUG 2021-02-06 01:47:36.645 UTC: 	 Found CRAB cache file /afs/cern.ch/user/m/mmyllyma/.crab3
INFO 2021-02-06 01:47:36.668 UTC: 	 Will use CRAB configuration file crab_generate_K0S_20k.py
DEBUG 2021-02-06 01:47:36.668 UTC: 	 Loading CRAB configuration file.
DEBUG 2021-02-06 01:47:36.673 UTC: 	 Will use CRAB PrivateMC plugin (i.e. will run a MC generation job type).
DEBUG 2021-02-06 01:47:36.693 UTC: 	 Checking credentials
DEBUG 2021-02-06 01:47:36.693 UTC: 	 Found proxy file /tmp/x509up_u104199
DEBUG 2021-02-06 01:47:36.693 UTC: 	 Getting proxy life time left
DEBUG 2021-02-06 01:47:37.299 UTC: 	 Executing : 
 command : voms-proxy-info -file /tmp/x509up_u104199 -timeleft
 output : 39284

 error: 
 retcode : 0
DEBUG 2021-02-06 01:47:37.904 UTC: 	 Executing : 
 command : voms-proxy-info -file /tmp/x509up_u104199 -actimeleft
 output : 39284

 error: 
 retcode : 0
DEBUG 2021-02-06 01:47:37.905 UTC: 	 Proxy valid for 10:54:44 hours
DEBUG 2021-02-06 01:47:38.511 UTC: 	 Executing : 
 command : env X509_USER_PROXY=/tmp/x509up_u104199 voms-proxy-info -fqan
 output : /cms/Role=NULL/Capability=NULL

 error: 
 retcode : 0
DEBUG 2021-02-06 01:47:38.586 UTC: 	 Registering user credentials for server /DC=ch/DC=cern/OU=computers/CN=vocms0105.cern.ch|/DC=ch/DC=cern/OU=computers/CN=crab-(preprod|prod|dev)-tw(02|01).cern.ch|/DC=ch/DC=cern/OU=computers/CN=(ddi|ddidk|mytw).cern.ch|/DC=ch/DC=cern/OU=computers/CN=stefanov(m|m2).cern.ch
DEBUG 2021-02-06 01:47:39.200 UTC: 	 Executing : 
 command : voms-proxy-info -file /tmp/x509up_u104199 -identity
 output : /DC=ch/DC=cern/OU=Organic Units/OU=Users/CN=mmyllyma/CN=821759/CN=Mikael Myllymaki

 error: 
 retcode : 0
DEBUG 2021-02-06 01:47:39.209 UTC: 	 Getting myproxy life time left for myproxy.cern.ch
DEBUG 2021-02-06 01:47:39.209 UTC: 	 using a3633836dd8d176e9381cc89a8c8629d52861e19 as credential login name
DEBUG 2021-02-06 01:47:39.614 UTC: 	 Executing : 
 command : myproxy-info -l a3633836dd8d176e9381cc89a8c8629d52861e19 -s myproxy.cern.ch
 output : username: a3633836dd8d176e9381cc89a8c8629d52861e19
owner: /DC=ch/DC=cern/OU=Organic Units/OU=Users/CN=mmyllyma/CN=821759/CN=Mikael Myllymaki
  renewal policy: /DC=ch/DC=cern/OU=computers/CN=vocms0105.cern.ch|/DC=ch/DC=cern/OU=computers/CN=crab-(preprod|prod|dev)-tw(02|01).cern.ch|/DC=ch/DC=cern/OU=computers/CN=(ddi|ddidk|mytw).cern.ch|/DC=ch/DC=cern/OU=computers/CN=stefanov(m|m2).cern.ch
  trusted retrieval policy: /DC=ch/DC=cern/OU=computers/CN=vocms0105.cern.ch|/DC=ch/DC=cern/OU=computers/CN=crab-(preprod|prod|dev)-tw(02|01).cern.ch|/DC=ch/DC=cern/OU=computers/CN=(ddi|ddidk|mytw).cern.ch|/DC=ch/DC=cern/OU=computers/CN=stefanov(m|m2).cern.ch
  timeleft: 636:10:38  (26.5 days)

 error: 
 retcode : 0
DEBUG 2021-02-06 01:47:39.615 UTC: 	 Myproxy is valid: 2290238
DEBUG 2021-02-06 01:47:39.615 UTC: 	 Retrieving username ...
DEBUG 2021-02-06 01:47:39.616 UTC: 	 Retrieving username from CRIC...
DEBUG 2021-02-06 01:47:40.351 UTC: 	 username is mmyllyma
DEBUG 2021-02-06 01:47:40.358 UTC: 	 Getting myproxy life time left for myproxy.cern.ch
DEBUG 2021-02-06 01:47:40.358 UTC: 	 using mmyllyma_CRAB as credential login name
DEBUG 2021-02-06 01:47:40.663 UTC: 	 Executing : 
 command : myproxy-info -l mmyllyma_CRAB -s myproxy.cern.ch
 output : username: mmyllyma_CRAB
owner: /DC=ch/DC=cern/OU=Organic Units/OU=Users/CN=mmyllyma/CN=821759/CN=Mikael Myllymaki
  renewal policy: /DC=ch/DC=cern/OU=computers/CN=vocms0105.cern.ch|/DC=ch/DC=cern/OU=computers/CN=crab-(preprod|prod|dev)-tw(02|01).cern.ch|/DC=ch/DC=cern/OU=computers/CN=(ddi|ddidk|mytw).cern.ch|/DC=ch/DC=cern/OU=computers/CN=stefanov(m|m2).cern.ch
  trusted retrieval policy: /DC=ch/DC=cern/OU=computers/CN=vocms0105.cern.ch|/DC=ch/DC=cern/OU=computers/CN=crab-(preprod|prod|dev)-tw(02|01).cern.ch|/DC=ch/DC=cern/OU=computers/CN=(ddi|ddidk|mytw).cern.ch|/DC=ch/DC=cern/OU=computers/CN=stefanov(m|m2).cern.ch
  timeleft: 636:10:45  (26.5 days)

 error: 
 retcode : 0
DEBUG 2021-02-06 01:47:40.663 UTC: 	 Myproxy is valid: 2290245
DEBUG 2021-02-06 01:47:40.664 UTC: 	 Result of myproxy credential check:
  Credential exists on myproxy: username: a3633836dd8d176e9381cc89a8c8629d52861e19  - validity: 26 days, 12:10:38
  Credential exists on myproxy: username: mmyllyma_CRAB  - validity: 26 days, 12:10:45
DEBUG 2021-02-06 01:47:40.664 UTC: 	 Command use: submit
DEBUG 2021-02-06 01:47:40.664 UTC: 	 Options use: ['-c', 'crab_generate_K0S_20k.py']
DEBUG 2021-02-06 01:47:40.769 UTC: 	 CRABClient version: v3.201110
DEBUG 2021-02-06 01:47:40.770 UTC: 	 Instance is prod
DEBUG 2021-02-06 01:47:40.770 UTC: 	 Server base url is cmsweb-k8s-prod.cern.ch
DEBUG 2021-02-06 01:47:40.770 UTC: 	 Command url /crabserver/prod/workflow
DEBUG 2021-02-06 01:47:40.770 UTC: 	 Started submission
DEBUG 2021-02-06 01:47:40.770 UTC: 	 Working on /afs/cern.ch/work/m/mmyllyma/singleParticleResponse/CMSSW_10_4_0/src/PFCalibration/PFChargedHadronAnalyzer/mmylly/K0S/crab_generate_K0S_20k
DEBUG 2021-02-06 01:47:40.879 UTC: 	 Loading required information from the environment
DEBUG 2021-02-06 01:47:40.879 UTC: 	 Found CMSSW_10_4_0 for slc7_amd64_gcc700 with base /afs/cern.ch/work/m/mmyllyma/singleParticleResponse/CMSSW_10_4_0
DEBUG 2021-02-06 01:47:40.879 UTC: 	 UNIQUE NAME: tarUUID 6fb740e4-15f1-4107-af82-13b173808046 
DEBUG 2021-02-06 01:47:40.879 UTC: 	 self.config: from WMCore.Configuration import Configuration
config = Configuration()
config.section_('General')
config.General.transferOutputs = True
config.General.requestName = 'generate_K0S_20k'
config.section_('JobType')
config.JobType.psetName = 'generate_K0S_20k.py'
config.JobType.pluginName = 'PrivateMC'
config.JobType.outputFiles = ['step1_K0S_20k.root']
config.JobType.allowUndistributedCMSSW = True
config.JobType.eventsPerLumi = 500
config.section_('Data')
config.Data.outputDatasetTag = 'generate_K0S_20k'
config.Data.publishDBS = 'https://cmsweb.cern.ch/dbs/prod/phys03/DBSWriter/'
config.Data.publication = True
config.Data.unitsPerJob = 1000
config.Data.splitting = 'EventBased'
config.Data.outLFNDirBase = '/store/user/mmyllyma/CRAB3_TransferData'
config.Data.outputPrimaryDataset = 'SingleK0S'
config.Data.totalUnits = 20000
config.section_('Site')
config.Site.storageSite = 'T2_FI_HIP'

DEBUG 2021-02-06 01:47:40.879 UTC: 	 self.config.JobType.psetName: generate_K0S_20k.py
INFO 2021-02-06 01:47:40.879 UTC: 	 Importing CMSSW configuration generate_K0S_20k.py
INFO 2021-02-06 01:47:42.635 UTC: 	 Finished importing CMSSW configuration generate_K0S_20k.py
DEBUG 2021-02-06 01:47:42.635 UTC: 	 Writing CMSSW configuration to /afs/cern.ch/work/m/mmyllyma/singleParticleResponse/CMSSW_10_4_0/src/PFCalibration/PFChargedHadronAnalyzer/mmylly/K0S/crab_generate_K0S_20k/inputs/PSet.py
DEBUG 2021-02-06 01:47:43.096 UTC: 	 The following EDM output files will be collected: ['step1_K0S_20k.root']
DEBUG 2021-02-06 01:47:43.096 UTC: 	 The following TFile output files will be collected: []
DEBUG 2021-02-06 01:47:43.096 UTC: 	 The following user output files (not listed as PoolOuputModule or TFileService in the CMSSW PSet) will be collected: 
DEBUG 2021-02-06 01:47:43.096 UTC: 	 Loading required information from the environment
DEBUG 2021-02-06 01:47:43.096 UTC: 	 Found CMSSW_10_4_0 for slc7_amd64_gcc700 with base /afs/cern.ch/work/m/mmyllyma/singleParticleResponse/CMSSW_10_4_0
DEBUG 2021-02-06 01:47:43.096 UTC: 	 Making tarball in /afs/cern.ch/work/m/mmyllyma/singleParticleResponse/CMSSW_10_4_0/src/PFCalibration/PFChargedHadronAnalyzer/mmylly/K0S/crab_generate_K0S_20k/inputs/6fb740e4-15f1-4107-af82-13b173808046default.tgz
DEBUG 2021-02-06 01:47:43.098 UTC: 	 Checking directory /afs/cern.ch/work/m/mmyllyma/singleParticleResponse/CMSSW_10_4_0/lib
DEBUG 2021-02-06 01:47:43.099 UTC: 	 Adding directory /afs/cern.ch/work/m/mmyllyma/singleParticleResponse/CMSSW_10_4_0/lib to tarball
DEBUG 2021-02-06 01:47:43.290 UTC: 	 Checking directory /afs/cern.ch/work/m/mmyllyma/singleParticleResponse/CMSSW_10_4_0/biglib
DEBUG 2021-02-06 01:47:43.290 UTC: 	 Adding directory /afs/cern.ch/work/m/mmyllyma/singleParticleResponse/CMSSW_10_4_0/biglib to tarball
DEBUG 2021-02-06 01:47:43.291 UTC: 	 Checking directory /afs/cern.ch/work/m/mmyllyma/singleParticleResponse/CMSSW_10_4_0/module
DEBUG 2021-02-06 01:47:44.230 UTC: 	 Uploading archive /afs/cern.ch/work/m/mmyllyma/singleParticleResponse/CMSSW_10_4_0/src/PFCalibration/PFChargedHadronAnalyzer/mmylly/K0S/crab_generate_K0S_20k/inputs/6fb740e4-15f1-4107-af82-13b173808046default.tgz (189 KB) to the CRAB cache. Using URI https://cmsweb.cern.ch:8443/crabcache
DEBUG 2021-02-06 01:47:44.614 UTC: 	 Loading required information from the environment
DEBUG 2021-02-06 01:47:44.614 UTC: 	 Found CMSSW_10_4_0 for slc7_amd64_gcc700 with base /afs/cern.ch/work/m/mmyllyma/singleParticleResponse/CMSSW_10_4_0
DEBUG 2021-02-06 01:47:44.615 UTC: 	 Making tarball in /afs/cern.ch/work/m/mmyllyma/singleParticleResponse/CMSSW_10_4_0/src/PFCalibration/PFChargedHadronAnalyzer/mmylly/K0S/crab_generate_K0S_20k/inputs/debugFiles.tgz
DEBUG 2021-02-06 01:47:44.623 UTC: 	 Uploading archive /afs/cern.ch/work/m/mmyllyma/singleParticleResponse/CMSSW_10_4_0/src/PFCalibration/PFChargedHadronAnalyzer/mmylly/K0S/crab_generate_K0S_20k/inputs/debugFiles.tgz (2 KB) to the CRAB cache. Using URI https://cmsweb.cern.ch:8443/crabcache
DEBUG 2021-02-06 01:47:44.676 UTC: 	 Result uploading input files: b75e722d9f90788a3710d86773e36b796740e98f43e3aa3f5dbb5897a31a5dff.tar.gz 
INFO 2021-02-06 01:47:44.676 UTC: 	 Sending the request to the server at cmsweb-k8s-prod.cern.ch
DEBUG 2021-02-06 01:47:44.676 UTC: 	 Submitting {'maxjobruntime': 1250, 'extrajdl': [], 'ignorelocality': 0, 'savelogsflag': 0, 'useparent': 0, 'asyncdest': 'T2_FI_HIP', 'algoargs': 1000, 'cachefilename': 'b75e722d9f90788a3710d86773e36b796740e98f43e3aa3f5dbb5897a31a5dff.tar.gz', 'numcores': 1, 'addoutputfiles': [], 'generator': 'pythia', 'maxmemory': 2000, 'publishdbsurl': 'https://cmsweb.cern.ch/dbs/prod/phys03/DBSWriter', 'priority': 10, 'jobsw': 'CMSSW_10_4_0', 'eventsperlumi': 500, 'edmoutfiles': ['step1_K0S_20k.root'], 'userfiles': [], 'primarydataset': 'SingleK0S', 'inputdata': '', 'lfn': '/store/user/mmyllyma/CRAB3_TransferData', 'dryrun': 0, 'workflow': 'crab_generate_K0S_20k', 'cacheurl': u'https://cmsweb.cern.ch:8443/crabcache', 'nonprodsw': 1, 'tfileoutfiles': [], 'oneEventMode': 0, 'debugfilename': '276c90523f6a77c551d419c7608ef44fc1176ea3df1c7fdc67bd2586f98443f4.tar.gz', 'saveoutput': 1, 'publication': 1, 'jobarch': 'slc7_amd64_gcc700', 'totalunits': 20000, 'splitalgo': 'EventBased', 'ignoreglobalblacklist': 0, 'nonvaliddata': 0, 'dbsurl': 'https://cmsweb.cern.ch/dbs/prod/global/DBSReader', 'publishgroupname': 0, 'jobtype': 'PrivateMC', 'publishname2': 'generate_K0S_20k'} 
DEBUG 2021-02-06 01:47:44.676 UTC: 	 Encoded submit request: maxjobruntime=1250&ignorelocality=0&savelogsflag=0&useparent=0&asyncdest=T2_FI_HIP&algoargs=1000&cachefilename=b75e722d9f90788a3710d86773e36b796740e98f43e3aa3f5dbb5897a31a5dff.tar.gz&numcores=1&generator=pythia&maxmemory=2000&publishdbsurl=https%3A%2F%2Fcmsweb.cern.ch%2Fdbs%2Fprod%2Fphys03%2FDBSWriter&priority=10&jobsw=CMSSW_10_4_0&eventsperlumi=500&primarydataset=SingleK0S&inputdata=&lfn=%2Fstore%2Fuser%2Fmmyllyma%2FCRAB3_TransferData&dryrun=0&workflow=crab_generate_K0S_20k&cacheurl=https%3A%2F%2Fcmsweb.cern.ch%3A8443%2Fcrabcache&nonprodsw=1&oneEventMode=0&debugfilename=276c90523f6a77c551d419c7608ef44fc1176ea3df1c7fdc67bd2586f98443f4.tar.gz&saveoutput=1&publication=1&jobarch=slc7_amd64_gcc700&totalunits=20000&splitalgo=EventBased&ignoreglobalblacklist=0&nonvaliddata=0&dbsurl=https%3A%2F%2Fcmsweb.cern.ch%2Fdbs%2Fprod%2Fglobal%2FDBSReader&publishgroupname=0&jobtype=PrivateMC&publishname2=generate_K0S_20k&edmoutfiles=step1_K0S_20k.root
DEBUG 2021-02-06 01:47:45.017 UTC: 	 Result: {u'result': [{u'RequestName': u'210206_014744:mmyllyma_crab_generate_K0S_20k'}]}
INFO 2021-02-06 01:47:45.021 UTC: 	 Success: Your task has been delivered to the prod CRAB3 server.
INFO 2021-02-06 01:47:45.021 UTC: 	 Task name: 210206_014744:mmyllyma_crab_generate_K0S_20k
INFO 2021-02-06 01:47:45.021 UTC: 	 Project dir: ./crab_generate_K0S_20k
INFO 2021-02-06 01:47:45.021 UTC: 	 Please use ' crab status -d ./crab_generate_K0S_20k ' to check how the submission process proceeds.
DEBUG 2021-02-06 01:47:45.021 UTC: 	 About to return
INFO 2021-02-06 01:47:45.023 UTC: 	 Log file is /afs/cern.ch/work/m/mmyllyma/singleParticleResponse/CMSSW_10_4_0/src/PFCalibration/PFChargedHadronAnalyzer/mmylly/K0S/crab_generate_K0S_20k/crab.log
DEBUG 2021-02-06 01:52:08.420 UTC: 	 CRAB Client version: v3.201110
DEBUG 2021-02-06 01:52:08.420 UTC: 	 Running on: Linux lxplus786.cern.ch 3.10.0-1160.6.1.el7.x86_64 #1 SMP Tue Nov 17 13:59:11 UTC 2020 x86_64 x86_64 x86_64 GNU/Linux - CentOS Linux 7 (Core)
DEBUG 2021-02-06 01:52:08.420 UTC: 	 Executing command: 'status'
DEBUG 2021-02-06 01:52:08.423 UTC: 	 Found CRAB cache file /afs/cern.ch/user/m/mmyllyma/.crab3
DEBUG 2021-02-06 01:52:08.437 UTC: 	 Checking credentials
DEBUG 2021-02-06 01:52:08.438 UTC: 	 Found proxy file /tmp/x509up_u104199
DEBUG 2021-02-06 01:52:08.438 UTC: 	 Getting proxy life time left
DEBUG 2021-02-06 01:52:09.043 UTC: 	 Executing : 
 command : voms-proxy-info -file /tmp/x509up_u104199 -timeleft
 output : 39013

 error: 
 retcode : 0
DEBUG 2021-02-06 01:52:09.648 UTC: 	 Executing : 
 command : voms-proxy-info -file /tmp/x509up_u104199 -actimeleft
 output : 39012

 error: 
 retcode : 0
DEBUG 2021-02-06 01:52:09.648 UTC: 	 Proxy lifetime 39013 secs is different from voms extension lifetime 39012 secs for proxy: /tmp/x509up_u104199
DEBUG 2021-02-06 01:52:09.648 UTC: 	 Proxy valid for 10:50:12 hours
DEBUG 2021-02-06 01:52:09.797 UTC: 	 Registering user credentials for server /DC=ch/DC=cern/OU=computers/CN=vocms0105.cern.ch|/DC=ch/DC=cern/OU=computers/CN=crab-(preprod|prod|dev)-tw(02|01).cern.ch|/DC=ch/DC=cern/OU=computers/CN=(ddi|ddidk|mytw).cern.ch|/DC=ch/DC=cern/OU=computers/CN=stefanov(m|m2).cern.ch
DEBUG 2021-02-06 01:52:10.408 UTC: 	 Executing : 
 command : voms-proxy-info -file /tmp/x509up_u104199 -identity
 output : /DC=ch/DC=cern/OU=Organic Units/OU=Users/CN=mmyllyma/CN=821759/CN=Mikael Myllymaki

 error: 
 retcode : 0
DEBUG 2021-02-06 01:52:10.416 UTC: 	 Getting myproxy life time left for myproxy.cern.ch
DEBUG 2021-02-06 01:52:10.417 UTC: 	 using a3633836dd8d176e9381cc89a8c8629d52861e19 as credential login name
DEBUG 2021-02-06 01:52:10.821 UTC: 	 Executing : 
 command : myproxy-info -l a3633836dd8d176e9381cc89a8c8629d52861e19 -s myproxy.cern.ch
 output : username: a3633836dd8d176e9381cc89a8c8629d52861e19
owner: /DC=ch/DC=cern/OU=Organic Units/OU=Users/CN=mmyllyma/CN=821759/CN=Mikael Myllymaki
  renewal policy: /DC=ch/DC=cern/OU=computers/CN=vocms0105.cern.ch|/DC=ch/DC=cern/OU=computers/CN=crab-(preprod|prod|dev)-tw(02|01).cern.ch|/DC=ch/DC=cern/OU=computers/CN=(ddi|ddidk|mytw).cern.ch|/DC=ch/DC=cern/OU=computers/CN=stefanov(m|m2).cern.ch
  trusted retrieval policy: /DC=ch/DC=cern/OU=computers/CN=vocms0105.cern.ch|/DC=ch/DC=cern/OU=computers/CN=crab-(preprod|prod|dev)-tw(02|01).cern.ch|/DC=ch/DC=cern/OU=computers/CN=(ddi|ddidk|mytw).cern.ch|/DC=ch/DC=cern/OU=computers/CN=stefanov(m|m2).cern.ch
  timeleft: 636:06:07  (26.5 days)

 error: 
 retcode : 0
DEBUG 2021-02-06 01:52:10.822 UTC: 	 Myproxy is valid: 2289967
DEBUG 2021-02-06 01:52:10.822 UTC: 	 Retrieving username ...
DEBUG 2021-02-06 01:52:10.822 UTC: 	 Retrieving username from CRIC...
DEBUG 2021-02-06 01:52:11.589 UTC: 	 username is mmyllyma
DEBUG 2021-02-06 01:52:11.596 UTC: 	 Getting myproxy life time left for myproxy.cern.ch
DEBUG 2021-02-06 01:52:11.597 UTC: 	 using mmyllyma_CRAB as credential login name
DEBUG 2021-02-06 01:52:11.901 UTC: 	 Executing : 
 command : myproxy-info -l mmyllyma_CRAB -s myproxy.cern.ch
 output : username: mmyllyma_CRAB
owner: /DC=ch/DC=cern/OU=Organic Units/OU=Users/CN=mmyllyma/CN=821759/CN=Mikael Myllymaki
  renewal policy: /DC=ch/DC=cern/OU=computers/CN=vocms0105.cern.ch|/DC=ch/DC=cern/OU=computers/CN=crab-(preprod|prod|dev)-tw(02|01).cern.ch|/DC=ch/DC=cern/OU=computers/CN=(ddi|ddidk|mytw).cern.ch|/DC=ch/DC=cern/OU=computers/CN=stefanov(m|m2).cern.ch
  trusted retrieval policy: /DC=ch/DC=cern/OU=computers/CN=vocms0105.cern.ch|/DC=ch/DC=cern/OU=computers/CN=crab-(preprod|prod|dev)-tw(02|01).cern.ch|/DC=ch/DC=cern/OU=computers/CN=(ddi|ddidk|mytw).cern.ch|/DC=ch/DC=cern/OU=computers/CN=stefanov(m|m2).cern.ch
  timeleft: 636:06:14  (26.5 days)

 error: 
 retcode : 0
DEBUG 2021-02-06 01:52:11.902 UTC: 	 Myproxy is valid: 2289974
DEBUG 2021-02-06 01:52:11.902 UTC: 	 Result of myproxy credential check:
  Credential exists on myproxy: username: a3633836dd8d176e9381cc89a8c8629d52861e19  - validity: 26 days, 12:06:07
  Credential exists on myproxy: username: mmyllyma_CRAB  - validity: 26 days, 12:06:14
DEBUG 2021-02-06 01:52:11.903 UTC: 	 Command use: status
DEBUG 2021-02-06 01:52:11.903 UTC: 	 Options use: ['crab_generate_K0S_20k']
DEBUG 2021-02-06 01:52:11.960 UTC: 	 CRABClient version: v3.201110
DEBUG 2021-02-06 01:52:11.961 UTC: 	 Instance is prod
DEBUG 2021-02-06 01:52:11.961 UTC: 	 Server base url is cmsweb-k8s-prod.cern.ch
DEBUG 2021-02-06 01:52:11.961 UTC: 	 Command url /crabserver/prod/workflow
DEBUG 2021-02-06 01:52:12.072 UTC: 	 Got information from server oracle database: {u'result': [u'210206_014744:mmyllyma_crab_generate_K0S_20k', u'None', u'None', u'SUBMITTED', u'SUBMIT', u'2021-02-06 01:47:45.009651', u'None', u'2021-02-06 01:48:23.731149', u'None', u'CMSSW_10_4_0', u'slc7_amd64_gcc700', u'None', u'F', u'0', u'[]', u'[]', u'EventBased', u"{'splitOnRun': False, 'events_per_job': 1000, 'halt_job_on_file_boundaries': False, 'runs': [], 'lumis': []}", u'b75e722d9f90788a3710d86773e36b796740e98f43e3aa3f5dbb5897a31a5dff.tar.gz', u'https://cmsweb.cern.ch:8443/crabcache', u'mmyllyma', u'/DC=ch/DC=cern/OU=Organic Units/OU=Users/CN=mmyllyma/CN=821759/CN=Mikael Myllymaki', u'cms', u'None', u'None', u'generate_K0S_20k-00000000000000000000000000000000', u'F', u'T2_FI_HIP', u'https://cmsweb.cern.ch/dbs/prod/global/DBSReader', u'https://cmsweb.cern.ch/dbs/prod/phys03/DBSWriter', u'T', u'[]', u'[]', u"['step1_K0S_20k.root']", u'PrivateMC', u'pythia', u'500', u'{}', u'[]', u'F', u'crab-prod-tw01', u'[]', u'1250', u'1', u'2000', u'10', u'None', u'[]', u'http://vocms0197.cern.ch/mon/cms1254/210206_014744:mmyllyma_crab_generate_K0S_20k', u'None', u'[]', u'[]', u'https://cmsweb.cern.ch/crabserver/prod', u'cmsgwms-collector-global.cern.ch:9620,cmsgwms-collector-global.fnal.gov', u'crab3@vocms0197.cern.ch', u'F', u'[]', u'T', u'/store/user/mmyllyma/CRAB3_TransferData', u'F', u'None', u'F', u'None', u'SingleK0S', u'None', u'276c90523f6a77c551d419c7608ef44fc1176ea3df1c7fdc67bd2586f98443f4.tar.gz', u'61190812', u'filetransfers', u'F', u'188.185.91.202', u'20000.0', u'None'], u'desc': {u'columns': [u'tm_taskname', u'tm_activity', u'panda_jobset_id', u'tm_task_status', u'tm_task_command', u'tm_start_time', u'tm_start_injection', u'tm_end_injection', u'tm_task_failure', u'tm_job_sw', u'tm_job_arch', u'tm_input_dataset', u'tm_nonvalid_input_dataset', u'tm_use_parent', u'tm_site_whitelist', u'tm_site_blacklist', u'tm_split_algo', u'tm_split_args', u'tm_user_sandbox', u'tm_cache_url', u'tm_username', u'tm_user_dn', u'tm_user_vo', u'tm_user_role', u'tm_user_group', u'tm_publish_name', u'tm_publish_groupname', u'tm_asyncdest', u'tm_dbs_url', u'tm_publish_dbs_url', u'tm_publication', u'tm_outfiles', u'tm_tfile_outfiles', u'tm_edm_outfiles', u'tm_job_type', u'tm_generator', u'tm_events_per_lumi', u'tm_arguments', u'panda_resubmitted_jobs', u'tm_save_logs', u'tw_name', u'tm_user_infiles', u'tm_maxjobruntime', u'tm_numcores', u'tm_maxmemory', u'tm_priority', u'tm_output_dataset', u'tm_task_warnings', u'tm_user_webdir', u'tm_scriptexe', u'tm_scriptargs', u'tm_extrajdl', u'tm_asourl', u'tm_collector', u'tm_schedd', u'tm_dry_run', u'tm_user_files', u'tm_transfer_outputs', u'tm_output_lfn', u'tm_ignore_locality', u'tm_fail_limit', u'tm_one_event_mode', u'tm_secondary_input_dataset', u'tm_primary_dataset', u'tm_last_publication', u'tm_debug_files', u'clusterid', u'tm_asodb', u'tm_ignore_global_blacklist', u'tm_submitter_ip_addr', u'tm_totalunits', u'tm_ddm_reqid']}}
INFO 2021-02-06 01:52:12.072 UTC: 	 CRAB project directory:		/afs/cern.ch/work/m/mmyllyma/singleParticleResponse/CMSSW_10_4_0/src/PFCalibration/PFChargedHadronAnalyzer/mmylly/K0S/crab_generate_K0S_20k
INFO 2021-02-06 01:52:12.072 UTC: 	 Task name:			210206_014744:mmyllyma_crab_generate_K0S_20k
INFO 2021-02-06 01:52:12.072 UTC: 	 Grid scheduler - Task Worker:	crab3@vocms0197.cern.ch - crab-prod-tw01
INFO 2021-02-06 01:52:12.072 UTC: 	 Status on the CRAB server:	SUBMITTED
INFO 2021-02-06 01:52:12.072 UTC: 	 Task URL to use for HELP:	https://cmsweb-k8s-prod.cern.ch/crabserver/ui/task/210206_014744%3Ammyllyma_crab_generate_K0S_20k
INFO 2021-02-06 01:52:12.078 UTC: 	 Dashboard monitoring URL:	https://monit-grafana.cern.ch/d/cmsTMDetail/cms-task-monitoring-task-view?orgId=11&var-user=mmyllyma&var-task=210206_014744%3Ammyllyma_crab_generate_K0S_20k&from=1612572465000&to=now
INFO 2021-02-06 01:52:12.078 UTC: 	 In case of issues with the dashboard, please provide feedback to hn-cms-computing-tools@cern.ch
DEBUG 2021-02-06 01:52:12.078 UTC: 	 The CRAB server submitted your task to the Grid scheduler (cluster ID: 61190812)
DEBUG 2021-02-06 01:52:12.078 UTC: 	 Webdir is located at http://vocms0197.cern.ch/mon/cms1254/210206_014744:mmyllyma_crab_generate_K0S_20k
DEBUG 2021-02-06 01:52:12.280 UTC: 	 Proxied webdir is located at https://cmsweb.cern.ch:8443/scheddmon/0197/cms1254/210206_014744:mmyllyma_crab_generate_K0S_20k
DEBUG 2021-02-06 01:52:12.280 UTC: 	 Retrieving 'status_cache' file from https://cmsweb.cern.ch:8443/scheddmon/0197/cms1254/210206_014744:mmyllyma_crab_generate_K0S_20k/status_cache
DEBUG 2021-02-06 01:52:12.330 UTC: 	 Got information from status cache file: {'11': {'Retries': 0, 'WallDurations': [0], 'StartTimes': [], 'SubmitTimes': [1612576114.0], 'JobIds': ['61190836.0'], 'EndTimes': [], 'Restarts': 0, 'RecordedSite': False, 'State': 'idle', 'ResidentSetSize': [0], 'TotalUserCpuTimeHistory': [0.0], 'SiteHistory': ['Unknown'], 'TotalSysCpuTimeHistory': [0.0]}, '10': {'Retries': 0, 'WallDurations': [0], 'StartTimes': [], 'SubmitTimes': [1612576114.0], 'JobIds': ['61190840.0'], 'EndTimes': [], 'Restarts': 0, 'RecordedSite': False, 'State': 'idle', 'ResidentSetSize': [0], 'TotalUserCpuTimeHistory': [0.0], 'SiteHistory': ['Unknown'], 'TotalSysCpuTimeHistory': [0.0]}, '13': {'Retries': 0, 'WallDurations': [0], 'StartTimes': [], 'SubmitTimes': [1612576115.0], 'JobIds': ['61190843.0'], 'EndTimes': [], 'Restarts': 0, 'RecordedSite': False, 'State': 'idle', 'ResidentSetSize': [0], 'TotalUserCpuTimeHistory': [0.0], 'SiteHistory': ['Unknown'], 'TotalSysCpuTimeHistory': [0.0]}, '12': {'Retries': 0, 'WallDurations': [0], 'StartTimes': [], 'SubmitTimes': [1612576114.0], 'JobIds': ['61190841.0'], 'EndTimes': [], 'Restarts': 0, 'RecordedSite': False, 'State': 'idle', 'ResidentSetSize': [0], 'TotalUserCpuTimeHistory': [0.0], 'SiteHistory': ['Unknown'], 'TotalSysCpuTimeHistory': [0.0]}, '15': {'Retries': 0, 'WallDurations': [0], 'StartTimes': [], 'SubmitTimes': [1612576115.0], 'JobIds': ['61190845.0'], 'EndTimes': [], 'Restarts': 0, 'RecordedSite': False, 'State': 'idle', 'ResidentSetSize': [0], 'TotalUserCpuTimeHistory': [0.0], 'SiteHistory': ['Unknown'], 'TotalSysCpuTimeHistory': [0.0]}, '14': {'Retries': 0, 'WallDurations': [0], 'StartTimes': [], 'SubmitTimes': [1612576114.0], 'JobIds': ['61190842.0'], 'EndTimes': [], 'Restarts': 0, 'RecordedSite': False, 'State': 'idle', 'ResidentSetSize': [0], 'TotalUserCpuTimeHistory': [0.0], 'SiteHistory': ['Unknown'], 'TotalSysCpuTimeHistory': [0.0]}, '17': {'Retries': 0, 'WallDurations': [0], 'StartTimes': [], 'SubmitTimes': [1612576115.0], 'JobIds': ['61190844.0'], 'EndTimes': [], 'Restarts': 0, 'RecordedSite': False, 'State': 'idle', 'ResidentSetSize': [0], 'TotalUserCpuTimeHistory': [0.0], 'SiteHistory': ['Unknown'], 'TotalSysCpuTimeHistory': [0.0]}, '16': {'Retries': 0, 'WallDurations': [0], 'StartTimes': [], 'SubmitTimes': [1612576116.0], 'JobIds': ['61190846.0'], 'EndTimes': [], 'Restarts': 0, 'RecordedSite': False, 'State': 'idle', 'ResidentSetSize': [0], 'TotalUserCpuTimeHistory': [0.0], 'SiteHistory': ['Unknown'], 'TotalSysCpuTimeHistory': [0.0]}, '19': {'Retries': 0, 'WallDurations': [0], 'StartTimes': [], 'SubmitTimes': [1612576121.0], 'JobIds': ['61190855.0'], 'EndTimes': [], 'Restarts': 0, 'RecordedSite': False, 'State': 'idle', 'ResidentSetSize': [0], 'TotalUserCpuTimeHistory': [0.0], 'SiteHistory': ['Unknown'], 'TotalSysCpuTimeHistory': [0.0]}, '18': {'Retries': 0, 'WallDurations': [0], 'StartTimes': [], 'SubmitTimes': [1612576121.0], 'JobIds': ['61190854.0'], 'EndTimes': [], 'Restarts': 0, 'RecordedSite': False, 'State': 'idle', 'ResidentSetSize': [0], 'TotalUserCpuTimeHistory': [0.0], 'SiteHistory': ['Unknown'], 'TotalSysCpuTimeHistory': [0.0]}, '1': {'Retries': 0, 'WallDurations': [0], 'StartTimes': [], 'SubmitTimes': [1612576110.0], 'JobIds': ['61190823.0'], 'EndTimes': [], 'Restarts': 0, 'RecordedSite': False, 'State': 'idle', 'ResidentSetSize': [0], 'TotalUserCpuTimeHistory': [0.0], 'SiteHistory': ['Unknown'], 'TotalSysCpuTimeHistory': [0.0]}, '3': {'Retries': 0, 'WallDurations': [0], 'StartTimes': [], 'SubmitTimes': [1612576111.0], 'JobIds': ['61190825.0'], 'EndTimes': [], 'Restarts': 0, 'RecordedSite': False, 'State': 'idle', 'ResidentSetSize': [0], 'TotalUserCpuTimeHistory': [0.0], 'SiteHistory': ['Unknown'], 'TotalSysCpuTimeHistory': [0.0]}, '2': {'Retries': 0, 'WallDurations': [0], 'StartTimes': [], 'SubmitTimes': [1612576111.0], 'JobIds': ['61190824.0'], 'EndTimes': [], 'Restarts': 0, 'RecordedSite': False, 'State': 'idle', 'ResidentSetSize': [0], 'TotalUserCpuTimeHistory': [0.0], 'SiteHistory': ['Unknown'], 'TotalSysCpuTimeHistory': [0.0]}, '5': {'Retries': 0, 'WallDurations': [0], 'StartTimes': [], 'SubmitTimes': [1612576111.0], 'JobIds': ['61190828.0'], 'EndTimes': [], 'Restarts': 0, 'RecordedSite': False, 'State': 'idle', 'ResidentSetSize': [0], 'TotalUserCpuTimeHistory': [0.0], 'SiteHistory': ['Unknown'], 'TotalSysCpuTimeHistory': [0.0]}, '4': {'Retries': 0, 'WallDurations': [0], 'StartTimes': [], 'SubmitTimes': [1612576111.0], 'JobIds': ['61190826.0'], 'EndTimes': [], 'Restarts': 0, 'RecordedSite': False, 'State': 'idle', 'ResidentSetSize': [0], 'TotalUserCpuTimeHistory': [0.0], 'SiteHistory': ['Unknown'], 'TotalSysCpuTimeHistory': [0.0]}, '7': {'Retries': 0, 'WallDurations': [0], 'StartTimes': [], 'SubmitTimes': [1612576114.0], 'JobIds': ['61190838.0'], 'EndTimes': [], 'Restarts': 0, 'RecordedSite': False, 'State': 'idle', 'ResidentSetSize': [0], 'TotalUserCpuTimeHistory': [0.0], 'SiteHistory': ['Unknown'], 'TotalSysCpuTimeHistory': [0.0]}, '6': {'Retries': 0, 'WallDurations': [0], 'StartTimes': [], 'SubmitTimes': [1612576111.0], 'JobIds': ['61190830.0'], 'EndTimes': [], 'Restarts': 0, 'RecordedSite': False, 'State': 'idle', 'ResidentSetSize': [0], 'TotalUserCpuTimeHistory': [0.0], 'SiteHistory': ['Unknown'], 'TotalSysCpuTimeHistory': [0.0]}, '9': {'Retries': 0, 'WallDurations': [0], 'StartTimes': [], 'SubmitTimes': [1612576114.0], 'JobIds': ['61190834.0'], 'EndTimes': [], 'Restarts': 0, 'RecordedSite': False, 'State': 'idle', 'ResidentSetSize': [0], 'TotalUserCpuTimeHistory': [0.0], 'SiteHistory': ['Unknown'], 'TotalSysCpuTimeHistory': [0.0]}, '20': {'Retries': 0, 'WallDurations': [0], 'StartTimes': [], 'SubmitTimes': [1612576121.0], 'JobIds': ['61190856.0'], 'EndTimes': [], 'Restarts': 0, 'RecordedSite': False, 'State': 'idle', 'ResidentSetSize': [0], 'TotalUserCpuTimeHistory': [0.0], 'SiteHistory': ['Unknown'], 'TotalSysCpuTimeHistory': [0.0]}, '8': {'Retries': 0, 'WallDurations': [0], 'StartTimes': [], 'SubmitTimes': [1612576111.0], 'JobIds': ['61190832.0'], 'EndTimes': [], 'Restarts': 0, 'RecordedSite': False, 'State': 'idle', 'ResidentSetSize': [0], 'TotalUserCpuTimeHistory': [0.0], 'SiteHistory': ['Unknown'], 'TotalSysCpuTimeHistory': [0.0]}}
INFO 2021-02-06 01:52:12.331 UTC: 	 Status on the scheduler:	SUBMITTED
INFO 2021-02-06 01:52:12.331 UTC: 	 
Jobs status:                    idle         		100.0% (20/20)
INFO 2021-02-06 01:52:12.331 UTC: 	 
No publication information available yet
INFO 2021-02-06 01:52:12.345 UTC: 	 Log file is /afs/cern.ch/work/m/mmyllyma/singleParticleResponse/CMSSW_10_4_0/src/PFCalibration/PFChargedHadronAnalyzer/mmylly/K0S/crab_generate_K0S_20k/crab.log
DEBUG 2021-02-06 02:00:41.710 UTC: 	 CRAB Client version: v3.201110
DEBUG 2021-02-06 02:00:41.711 UTC: 	 Running on: Linux lxplus786.cern.ch 3.10.0-1160.6.1.el7.x86_64 #1 SMP Tue Nov 17 13:59:11 UTC 2020 x86_64 x86_64 x86_64 GNU/Linux - CentOS Linux 7 (Core)
DEBUG 2021-02-06 02:00:41.711 UTC: 	 Executing command: 'status'
DEBUG 2021-02-06 02:00:41.711 UTC: 	 Found CRAB cache file /afs/cern.ch/user/m/mmyllyma/.crab3
DEBUG 2021-02-06 02:00:41.728 UTC: 	 Checking credentials
DEBUG 2021-02-06 02:00:41.728 UTC: 	 Found proxy file /tmp/x509up_u104199
DEBUG 2021-02-06 02:00:41.728 UTC: 	 Getting proxy life time left
DEBUG 2021-02-06 02:00:42.333 UTC: 	 Executing : 
 command : voms-proxy-info -file /tmp/x509up_u104199 -timeleft
 output : 38499

 error: 
 retcode : 0
DEBUG 2021-02-06 02:00:42.939 UTC: 	 Executing : 
 command : voms-proxy-info -file /tmp/x509up_u104199 -actimeleft
 output : 38499

 error: 
 retcode : 0
DEBUG 2021-02-06 02:00:42.939 UTC: 	 Proxy valid for 10:41:39 hours
DEBUG 2021-02-06 02:00:43.056 UTC: 	 Registering user credentials for server /DC=ch/DC=cern/OU=computers/CN=vocms0105.cern.ch|/DC=ch/DC=cern/OU=computers/CN=crab-(preprod|prod|dev)-tw(02|01).cern.ch|/DC=ch/DC=cern/OU=computers/CN=(ddi|ddidk|mytw).cern.ch|/DC=ch/DC=cern/OU=computers/CN=stefanov(m|m2).cern.ch
DEBUG 2021-02-06 02:00:43.669 UTC: 	 Executing : 
 command : voms-proxy-info -file /tmp/x509up_u104199 -identity
 output : /DC=ch/DC=cern/OU=Organic Units/OU=Users/CN=mmyllyma/CN=821759/CN=Mikael Myllymaki

 error: 
 retcode : 0
DEBUG 2021-02-06 02:00:43.677 UTC: 	 Getting myproxy life time left for myproxy.cern.ch
DEBUG 2021-02-06 02:00:43.677 UTC: 	 using a3633836dd8d176e9381cc89a8c8629d52861e19 as credential login name
DEBUG 2021-02-06 02:00:44.082 UTC: 	 Executing : 
 command : myproxy-info -l a3633836dd8d176e9381cc89a8c8629d52861e19 -s myproxy.cern.ch
 output : username: a3633836dd8d176e9381cc89a8c8629d52861e19
owner: /DC=ch/DC=cern/OU=Organic Units/OU=Users/CN=mmyllyma/CN=821759/CN=Mikael Myllymaki
  renewal policy: /DC=ch/DC=cern/OU=computers/CN=vocms0105.cern.ch|/DC=ch/DC=cern/OU=computers/CN=crab-(preprod|prod|dev)-tw(02|01).cern.ch|/DC=ch/DC=cern/OU=computers/CN=(ddi|ddidk|mytw).cern.ch|/DC=ch/DC=cern/OU=computers/CN=stefanov(m|m2).cern.ch
  trusted retrieval policy: /DC=ch/DC=cern/OU=computers/CN=vocms0105.cern.ch|/DC=ch/DC=cern/OU=computers/CN=crab-(preprod|prod|dev)-tw(02|01).cern.ch|/DC=ch/DC=cern/OU=computers/CN=(ddi|ddidk|mytw).cern.ch|/DC=ch/DC=cern/OU=computers/CN=stefanov(m|m2).cern.ch
  timeleft: 635:57:33  (26.5 days)

 error: 
 retcode : 0
DEBUG 2021-02-06 02:00:44.083 UTC: 	 Myproxy is valid: 2289453
DEBUG 2021-02-06 02:00:44.083 UTC: 	 Retrieving username ...
DEBUG 2021-02-06 02:00:44.083 UTC: 	 Retrieving username from CRIC...
DEBUG 2021-02-06 02:00:45.370 UTC: 	 username is mmyllyma
DEBUG 2021-02-06 02:00:45.376 UTC: 	 Getting myproxy life time left for myproxy.cern.ch
DEBUG 2021-02-06 02:00:45.377 UTC: 	 using mmyllyma_CRAB as credential login name
DEBUG 2021-02-06 02:00:45.881 UTC: 	 Executing : 
 command : myproxy-info -l mmyllyma_CRAB -s myproxy.cern.ch
 output : username: mmyllyma_CRAB
owner: /DC=ch/DC=cern/OU=Organic Units/OU=Users/CN=mmyllyma/CN=821759/CN=Mikael Myllymaki
  renewal policy: /DC=ch/DC=cern/OU=computers/CN=vocms0105.cern.ch|/DC=ch/DC=cern/OU=computers/CN=crab-(preprod|prod|dev)-tw(02|01).cern.ch|/DC=ch/DC=cern/OU=computers/CN=(ddi|ddidk|mytw).cern.ch|/DC=ch/DC=cern/OU=computers/CN=stefanov(m|m2).cern.ch
  trusted retrieval policy: /DC=ch/DC=cern/OU=computers/CN=vocms0105.cern.ch|/DC=ch/DC=cern/OU=computers/CN=crab-(preprod|prod|dev)-tw(02|01).cern.ch|/DC=ch/DC=cern/OU=computers/CN=(ddi|ddidk|mytw).cern.ch|/DC=ch/DC=cern/OU=computers/CN=stefanov(m|m2).cern.ch
  timeleft: 635:57:40  (26.5 days)

 error: 
 retcode : 0
DEBUG 2021-02-06 02:00:45.881 UTC: 	 Myproxy is valid: 2289460
DEBUG 2021-02-06 02:00:45.881 UTC: 	 Result of myproxy credential check:
  Credential exists on myproxy: username: a3633836dd8d176e9381cc89a8c8629d52861e19  - validity: 26 days, 11:57:33
  Credential exists on myproxy: username: mmyllyma_CRAB  - validity: 26 days, 11:57:40
DEBUG 2021-02-06 02:00:45.882 UTC: 	 Command use: status
DEBUG 2021-02-06 02:00:45.882 UTC: 	 Options use: ['crab_generate_K0S_20k']
DEBUG 2021-02-06 02:00:45.936 UTC: 	 CRABClient version: v3.201110
DEBUG 2021-02-06 02:00:45.936 UTC: 	 Instance is prod
DEBUG 2021-02-06 02:00:45.936 UTC: 	 Server base url is cmsweb-k8s-prod.cern.ch
DEBUG 2021-02-06 02:00:45.936 UTC: 	 Command url /crabserver/prod/workflow
DEBUG 2021-02-06 02:00:46.013 UTC: 	 Got information from server oracle database: {u'result': [u'210206_014744:mmyllyma_crab_generate_K0S_20k', u'None', u'None', u'SUBMITTED', u'SUBMIT', u'2021-02-06 01:47:45.009651', u'None', u'2021-02-06 01:48:23.731149', u'None', u'CMSSW_10_4_0', u'slc7_amd64_gcc700', u'None', u'F', u'0', u'[]', u'[]', u'EventBased', u"{'splitOnRun': False, 'events_per_job': 1000, 'halt_job_on_file_boundaries': False, 'runs': [], 'lumis': []}", u'b75e722d9f90788a3710d86773e36b796740e98f43e3aa3f5dbb5897a31a5dff.tar.gz', u'https://cmsweb.cern.ch:8443/crabcache', u'mmyllyma', u'/DC=ch/DC=cern/OU=Organic Units/OU=Users/CN=mmyllyma/CN=821759/CN=Mikael Myllymaki', u'cms', u'None', u'None', u'generate_K0S_20k-00000000000000000000000000000000', u'F', u'T2_FI_HIP', u'https://cmsweb.cern.ch/dbs/prod/global/DBSReader', u'https://cmsweb.cern.ch/dbs/prod/phys03/DBSWriter', u'T', u'[]', u'[]', u"['step1_K0S_20k.root']", u'PrivateMC', u'pythia', u'500', u'{}', u'[]', u'F', u'crab-prod-tw01', u'[]', u'1250', u'1', u'2000', u'10', u'None', u'[]', u'http://vocms0197.cern.ch/mon/cms1254/210206_014744:mmyllyma_crab_generate_K0S_20k', u'None', u'[]', u'[]', u'https://cmsweb.cern.ch/crabserver/prod', u'cmsgwms-collector-global.cern.ch:9620,cmsgwms-collector-global.fnal.gov', u'crab3@vocms0197.cern.ch', u'F', u'[]', u'T', u'/store/user/mmyllyma/CRAB3_TransferData', u'F', u'None', u'F', u'None', u'SingleK0S', u'None', u'276c90523f6a77c551d419c7608ef44fc1176ea3df1c7fdc67bd2586f98443f4.tar.gz', u'61190812', u'filetransfers', u'F', u'188.185.91.202', u'20000.0', u'None'], u'desc': {u'columns': [u'tm_taskname', u'tm_activity', u'panda_jobset_id', u'tm_task_status', u'tm_task_command', u'tm_start_time', u'tm_start_injection', u'tm_end_injection', u'tm_task_failure', u'tm_job_sw', u'tm_job_arch', u'tm_input_dataset', u'tm_nonvalid_input_dataset', u'tm_use_parent', u'tm_site_whitelist', u'tm_site_blacklist', u'tm_split_algo', u'tm_split_args', u'tm_user_sandbox', u'tm_cache_url', u'tm_username', u'tm_user_dn', u'tm_user_vo', u'tm_user_role', u'tm_user_group', u'tm_publish_name', u'tm_publish_groupname', u'tm_asyncdest', u'tm_dbs_url', u'tm_publish_dbs_url', u'tm_publication', u'tm_outfiles', u'tm_tfile_outfiles', u'tm_edm_outfiles', u'tm_job_type', u'tm_generator', u'tm_events_per_lumi', u'tm_arguments', u'panda_resubmitted_jobs', u'tm_save_logs', u'tw_name', u'tm_user_infiles', u'tm_maxjobruntime', u'tm_numcores', u'tm_maxmemory', u'tm_priority', u'tm_output_dataset', u'tm_task_warnings', u'tm_user_webdir', u'tm_scriptexe', u'tm_scriptargs', u'tm_extrajdl', u'tm_asourl', u'tm_collector', u'tm_schedd', u'tm_dry_run', u'tm_user_files', u'tm_transfer_outputs', u'tm_output_lfn', u'tm_ignore_locality', u'tm_fail_limit', u'tm_one_event_mode', u'tm_secondary_input_dataset', u'tm_primary_dataset', u'tm_last_publication', u'tm_debug_files', u'clusterid', u'tm_asodb', u'tm_ignore_global_blacklist', u'tm_submitter_ip_addr', u'tm_totalunits', u'tm_ddm_reqid']}}
INFO 2021-02-06 02:00:46.013 UTC: 	 CRAB project directory:		/afs/cern.ch/work/m/mmyllyma/singleParticleResponse/CMSSW_10_4_0/src/PFCalibration/PFChargedHadronAnalyzer/mmylly/K0S/crab_generate_K0S_20k
INFO 2021-02-06 02:00:46.014 UTC: 	 Task name:			210206_014744:mmyllyma_crab_generate_K0S_20k
INFO 2021-02-06 02:00:46.014 UTC: 	 Grid scheduler - Task Worker:	crab3@vocms0197.cern.ch - crab-prod-tw01
INFO 2021-02-06 02:00:46.014 UTC: 	 Status on the CRAB server:	SUBMITTED
INFO 2021-02-06 02:00:46.014 UTC: 	 Task URL to use for HELP:	https://cmsweb-k8s-prod.cern.ch/crabserver/ui/task/210206_014744%3Ammyllyma_crab_generate_K0S_20k
INFO 2021-02-06 02:00:46.018 UTC: 	 Dashboard monitoring URL:	https://monit-grafana.cern.ch/d/cmsTMDetail/cms-task-monitoring-task-view?orgId=11&var-user=mmyllyma&var-task=210206_014744%3Ammyllyma_crab_generate_K0S_20k&from=1612572465000&to=now
INFO 2021-02-06 02:00:46.018 UTC: 	 In case of issues with the dashboard, please provide feedback to hn-cms-computing-tools@cern.ch
DEBUG 2021-02-06 02:00:46.018 UTC: 	 The CRAB server submitted your task to the Grid scheduler (cluster ID: 61190812)
DEBUG 2021-02-06 02:00:46.018 UTC: 	 Webdir is located at http://vocms0197.cern.ch/mon/cms1254/210206_014744:mmyllyma_crab_generate_K0S_20k
DEBUG 2021-02-06 02:00:46.074 UTC: 	 Proxied webdir is located at https://cmsweb.cern.ch:8443/scheddmon/0197/cms1254/210206_014744:mmyllyma_crab_generate_K0S_20k
DEBUG 2021-02-06 02:00:46.074 UTC: 	 Retrieving 'status_cache' file from https://cmsweb.cern.ch:8443/scheddmon/0197/cms1254/210206_014744:mmyllyma_crab_generate_K0S_20k/status_cache
DEBUG 2021-02-06 02:00:46.113 UTC: 	 Got information from status cache file: {'11': {'Retries': 0, 'WallDurations': [10.0, 60.65218901634216, 310.0], 'StartTimes': [1612576414.0], 'SubmitTimes': [1612576114.0], 'JobIds': ['61190836.0'], 'EndTimes': [], 'Restarts': 0, 'RecordedSite': True, 'State': 'running', 'ResidentSetSize': [318196], 'TotalUserCpuTimeHistory': [5.0], 'SiteHistory': ['Unknown', 'T2_US_UCSD', 'T2_US_UCSD'], 'TotalSysCpuTimeHistory': [1.0]}, '10': {'Retries': 0, 'WallDurations': [8.0, 177.65218901634216, 308.0], 'StartTimes': [1612576297.0], 'SubmitTimes': [1612576114.0], 'JobIds': ['61190840.0'], 'EndTimes': [], 'Restarts': 0, 'RecordedSite': True, 'State': 'running', 'ResidentSetSize': [695648], 'TotalUserCpuTimeHistory': [260.0], 'SiteHistory': ['Unknown', 'T2_CH_CERN', 'T2_CH_CERN'], 'TotalSysCpuTimeHistory': [3.0]}, '13': {'Retries': 0, 'WallDurations': [8.0, 177.65218901634216, 308.0], 'StartTimes': [1612576297.0], 'SubmitTimes': [1612576115.0], 'JobIds': ['61190843.0'], 'EndTimes': [], 'Restarts': 0, 'RecordedSite': True, 'State': 'running', 'ResidentSetSize': [675884], 'TotalUserCpuTimeHistory': [209.0], 'SiteHistory': ['Unknown', 'T2_CH_CERN', 'T2_CH_CERN'], 'TotalSysCpuTimeHistory': [5.0]}, '12': {'Retries': 0, 'WallDurations': [9.0, 178.65218901634216, 310.0], 'StartTimes': [1612576296.0], 'SubmitTimes': [1612576114.0], 'JobIds': ['61190841.0'], 'EndTimes': [], 'Restarts': 0, 'RecordedSite': True, 'State': 'running', 'ResidentSetSize': [691512], 'TotalUserCpuTimeHistory': [253.0], 'SiteHistory': ['Unknown', 'T2_CH_CERN', 'T2_CH_CERN'], 'TotalSysCpuTimeHistory': [3.0]}, '15': {'Retries': 0, 'WallDurations': [10.0, 177.65218901634216, 310.0], 'StartTimes': [1612576297.0], 'SubmitTimes': [1612576115.0], 'JobIds': ['61190845.0'], 'EndTimes': [], 'Restarts': 0, 'RecordedSite': True, 'State': 'running', 'ResidentSetSize': [687884], 'TotalUserCpuTimeHistory': [207.0], 'SiteHistory': ['Unknown', 'T2_CH_CERN', 'T2_CH_CERN'], 'TotalSysCpuTimeHistory': [5.0]}, '14': {'Retries': 0, 'WallDurations': [9.0, 178.65218901634216, 310.0], 'StartTimes': [1612576296.0], 'SubmitTimes': [1612576114.0], 'JobIds': ['61190842.0'], 'EndTimes': [], 'Restarts': 0, 'RecordedSite': True, 'State': 'running', 'ResidentSetSize': [691492], 'TotalUserCpuTimeHistory': [258.0], 'SiteHistory': ['Unknown', 'T2_CH_CERN', 'T2_CH_CERN'], 'TotalSysCpuTimeHistory': [3.0]}, '17': {'Retries': 0, 'WallDurations': [8.0, 177.65218901634216, 308.0], 'StartTimes': [1612576297.0], 'SubmitTimes': [1612576115.0], 'JobIds': ['61190844.0'], 'EndTimes': [], 'Restarts': 0, 'RecordedSite': True, 'State': 'running', 'ResidentSetSize': [695936], 'TotalUserCpuTimeHistory': [258.0], 'SiteHistory': ['Unknown', 'T2_CH_CERN', 'T2_CH_CERN'], 'TotalSysCpuTimeHistory': [3.0]}, '16': {'Retries': 0, 'WallDurations': [9.0, 60.65218901634216, 310.0], 'StartTimes': [1612576414.0], 'SubmitTimes': [1612576116.0], 'JobIds': ['61190846.0'], 'EndTimes': [], 'Restarts': 0, 'RecordedSite': True, 'State': 'running', 'ResidentSetSize': [649588], 'TotalUserCpuTimeHistory': [39.0], 'SiteHistory': ['Unknown', 'T2_US_Wisconsin', 'T2_US_Wisconsin'], 'TotalSysCpuTimeHistory': [7.0]}, '19': {'Retries': 0, 'WallDurations': [10.0, 55.65218901634216, 311.0], 'StartTimes': [1612576419.0], 'SubmitTimes': [1612576121.0], 'JobIds': ['61190855.0'], 'EndTimes': [], 'Restarts': 0, 'RecordedSite': True, 'State': 'running', 'ResidentSetSize': [665596], 'TotalUserCpuTimeHistory': [45.0], 'SiteHistory': ['Unknown', 'T2_US_Caltech', 'T2_US_Caltech'], 'TotalSysCpuTimeHistory': [2.0]}, '18': {'Retries': 0, 'WallDurations': [9.0, 63.65218901634216, 310.0], 'StartTimes': [1612576411.0], 'SubmitTimes': [1612576121.0], 'JobIds': ['61190854.0'], 'EndTimes': [], 'Restarts': 0, 'RecordedSite': True, 'State': 'running', 'ResidentSetSize': [665156], 'TotalUserCpuTimeHistory': [131.0], 'SiteHistory': ['Unknown', 'T2_US_MIT', 'T2_US_MIT'], 'TotalSysCpuTimeHistory': [5.0]}, '1': {'Retries': 0, 'WallDurations': [10.0, 55.65218901634216, 310.0], 'StartTimes': [1612576419.0], 'SubmitTimes': [1612576110.0], 'JobIds': ['61190823.0'], 'EndTimes': [], 'Restarts': 0, 'RecordedSite': True, 'State': 'running', 'ResidentSetSize': [561856], 'TotalUserCpuTimeHistory': [50.0], 'SiteHistory': ['Unknown', 'T2_US_Caltech', 'T2_US_Caltech'], 'TotalSysCpuTimeHistory': [5.0]}, '3': {'Retries': 0, 'WallDurations': [9.0, 62.65218901634216, 310.0], 'StartTimes': [1612576412.0], 'SubmitTimes': [1612576111.0], 'JobIds': ['61190825.0'], 'EndTimes': [], 'Restarts': 0, 'RecordedSite': True, 'State': 'running', 'ResidentSetSize': [690404], 'TotalUserCpuTimeHistory': [127.0], 'SiteHistory': ['Unknown', 'T2_US_MIT', 'T2_US_MIT'], 'TotalSysCpuTimeHistory': [3.0]}, '2': {'Retries': 0, 'WallDurations': [9.0, 62.65218901634216, 310.0], 'StartTimes': [1612576412.0], 'SubmitTimes': [1612576111.0], 'JobIds': ['61190824.0'], 'EndTimes': [], 'Restarts': 0, 'RecordedSite': True, 'State': 'running', 'ResidentSetSize': [501928], 'TotalUserCpuTimeHistory': [45.0], 'SiteHistory': ['Unknown', 'T2_US_Nebraska', 'T2_US_Nebraska'], 'TotalSysCpuTimeHistory': [4.0]}, '5': {'Retries': 0, 'WallDurations': [9.0, 59.65218901634216, 310.0], 'StartTimes': [1612576415.0], 'SubmitTimes': [1612576111.0], 'JobIds': ['61190828.0'], 'EndTimes': [], 'Restarts': 0, 'RecordedSite': True, 'State': 'running', 'ResidentSetSize': [821124], 'TotalUserCpuTimeHistory': [119.0], 'SiteHistory': ['Unknown', 'T2_US_Wisconsin', 'T2_US_Wisconsin'], 'TotalSysCpuTimeHistory': [4.0]}, '4': {'Retries': 0, 'WallDurations': [10.0, 62.65218901634216, 310.0], 'StartTimes': [1612576412.0], 'SubmitTimes': [1612576111.0], 'JobIds': ['61190826.0'], 'EndTimes': [], 'Restarts': 0, 'RecordedSite': True, 'State': 'running', 'ResidentSetSize': [776308], 'TotalUserCpuTimeHistory': [96.0], 'SiteHistory': ['Unknown', 'T2_US_Wisconsin', 'T2_US_Wisconsin'], 'TotalSysCpuTimeHistory': [10.0]}, '7': {'Retries': 0, 'WallDurations': [8.0, 178.65218901634216, 308.0], 'StartTimes': [1612576296.0], 'SubmitTimes': [1612576114.0], 'JobIds': ['61190838.0'], 'EndTimes': [], 'Restarts': 0, 'RecordedSite': True, 'State': 'running', 'ResidentSetSize': [695480], 'TotalUserCpuTimeHistory': [258.0], 'SiteHistory': ['Unknown', 'T2_CH_CERN', 'T2_CH_CERN'], 'TotalSysCpuTimeHistory': [2.0]}, '6': {'Retries': 0, 'WallDurations': [9.0, 177.65218901634216, 177.65218901634216], 'StartTimes': [1612576297.0], 'SubmitTimes': [1612576111.0], 'JobIds': ['61190830.0'], 'EndTimes': [], 'Restarts': 0, 'RecordedSite': True, 'State': 'running', 'ResidentSetSize': [59072], 'TotalUserCpuTimeHistory': [0.0], 'SiteHistory': ['Unknown', 'T2_CH_CERN', 'T2_CH_CERN'], 'TotalSysCpuTimeHistory': [0.0]}, '9': {'Retries': 0, 'WallDurations': [8.0, 176.65218901634216, 176.65218901634216], 'StartTimes': [1612576298.0], 'SubmitTimes': [1612576114.0], 'JobIds': ['61190834.0'], 'EndTimes': [], 'Restarts': 0, 'RecordedSite': True, 'State': 'running', 'ResidentSetSize': [2792], 'TotalUserCpuTimeHistory': [0.0], 'SiteHistory': ['Unknown', 'T2_CH_CERN', 'T2_CH_CERN'], 'TotalSysCpuTimeHistory': [0.0]}, '20': {'Retries': 0, 'WallDurations': [9.0, 59.65218901634216, 310.0], 'StartTimes': [1612576415.0], 'SubmitTimes': [1612576121.0], 'JobIds': ['61190856.0'], 'EndTimes': [], 'Restarts': 0, 'RecordedSite': True, 'State': 'running', 'ResidentSetSize': [339860], 'TotalUserCpuTimeHistory': [5.0], 'SiteHistory': ['Unknown', 'T2_US_UCSD', 'T2_US_UCSD'], 'TotalSysCpuTimeHistory': [1.0]}, '8': {'Retries': 0, 'WallDurations': [8.0, 176.65218901634216, 176.65218901634216], 'StartTimes': [1612576298.0], 'SubmitTimes': [1612576111.0], 'JobIds': ['61190832.0'], 'EndTimes': [], 'Restarts': 0, 'RecordedSite': True, 'State': 'running', 'ResidentSetSize': [44992], 'TotalUserCpuTimeHistory': [0.0], 'SiteHistory': ['Unknown', 'T2_CH_CERN', 'T2_CH_CERN'], 'TotalSysCpuTimeHistory': [0.0]}}
INFO 2021-02-06 02:00:46.113 UTC: 	 Status on the scheduler:	SUBMITTED
INFO 2021-02-06 02:00:46.113 UTC: 	 
Jobs status:                    running      		100.0% (20/20)
INFO 2021-02-06 02:00:46.113 UTC: 	 
No publication information available yet
INFO 2021-02-06 02:00:46.116 UTC: 	 Log file is /afs/cern.ch/work/m/mmyllyma/singleParticleResponse/CMSSW_10_4_0/src/PFCalibration/PFChargedHadronAnalyzer/mmylly/K0S/crab_generate_K0S_20k/crab.log
DEBUG 2021-02-06 02:06:47.650 UTC: 	 CRAB Client version: v3.201110
DEBUG 2021-02-06 02:06:47.650 UTC: 	 Running on: Linux lxplus786.cern.ch 3.10.0-1160.6.1.el7.x86_64 #1 SMP Tue Nov 17 13:59:11 UTC 2020 x86_64 x86_64 x86_64 GNU/Linux - CentOS Linux 7 (Core)
DEBUG 2021-02-06 02:06:47.650 UTC: 	 Executing command: 'status'
DEBUG 2021-02-06 02:06:47.650 UTC: 	 Found CRAB cache file /afs/cern.ch/user/m/mmyllyma/.crab3
DEBUG 2021-02-06 02:06:47.663 UTC: 	 Checking credentials
DEBUG 2021-02-06 02:06:47.664 UTC: 	 Found proxy file /tmp/x509up_u104199
DEBUG 2021-02-06 02:06:47.664 UTC: 	 Getting proxy life time left
DEBUG 2021-02-06 02:06:48.269 UTC: 	 Executing : 
 command : voms-proxy-info -file /tmp/x509up_u104199 -timeleft
 output : 38133

 error: 
 retcode : 0
DEBUG 2021-02-06 02:06:48.874 UTC: 	 Executing : 
 command : voms-proxy-info -file /tmp/x509up_u104199 -actimeleft
 output : 38133

 error: 
 retcode : 0
DEBUG 2021-02-06 02:06:48.874 UTC: 	 Proxy valid for 10:35:33 hours
DEBUG 2021-02-06 02:06:48.937 UTC: 	 Registering user credentials for server /DC=ch/DC=cern/OU=computers/CN=vocms0105.cern.ch|/DC=ch/DC=cern/OU=computers/CN=crab-(preprod|prod|dev)-tw(02|01).cern.ch|/DC=ch/DC=cern/OU=computers/CN=(ddi|ddidk|mytw).cern.ch|/DC=ch/DC=cern/OU=computers/CN=stefanov(m|m2).cern.ch
DEBUG 2021-02-06 02:06:49.550 UTC: 	 Executing : 
 command : voms-proxy-info -file /tmp/x509up_u104199 -identity
 output : /DC=ch/DC=cern/OU=Organic Units/OU=Users/CN=mmyllyma/CN=821759/CN=Mikael Myllymaki

 error: 
 retcode : 0
DEBUG 2021-02-06 02:06:49.558 UTC: 	 Getting myproxy life time left for myproxy.cern.ch
DEBUG 2021-02-06 02:06:49.558 UTC: 	 using a3633836dd8d176e9381cc89a8c8629d52861e19 as credential login name
DEBUG 2021-02-06 02:06:49.965 UTC: 	 Executing : 
 command : myproxy-info -l a3633836dd8d176e9381cc89a8c8629d52861e19 -s myproxy.cern.ch
 output : username: a3633836dd8d176e9381cc89a8c8629d52861e19
owner: /DC=ch/DC=cern/OU=Organic Units/OU=Users/CN=mmyllyma/CN=821759/CN=Mikael Myllymaki
  renewal policy: /DC=ch/DC=cern/OU=computers/CN=vocms0105.cern.ch|/DC=ch/DC=cern/OU=computers/CN=crab-(preprod|prod|dev)-tw(02|01).cern.ch|/DC=ch/DC=cern/OU=computers/CN=(ddi|ddidk|mytw).cern.ch|/DC=ch/DC=cern/OU=computers/CN=stefanov(m|m2).cern.ch
  trusted retrieval policy: /DC=ch/DC=cern/OU=computers/CN=vocms0105.cern.ch|/DC=ch/DC=cern/OU=computers/CN=crab-(preprod|prod|dev)-tw(02|01).cern.ch|/DC=ch/DC=cern/OU=computers/CN=(ddi|ddidk|mytw).cern.ch|/DC=ch/DC=cern/OU=computers/CN=stefanov(m|m2).cern.ch
  timeleft: 635:51:28  (26.5 days)

 error: 
 retcode : 0
DEBUG 2021-02-06 02:06:49.966 UTC: 	 Myproxy is valid: 2289088
DEBUG 2021-02-06 02:06:49.967 UTC: 	 Retrieving username ...
DEBUG 2021-02-06 02:06:49.967 UTC: 	 Retrieving username from CRIC...
DEBUG 2021-02-06 02:06:50.712 UTC: 	 username is mmyllyma
DEBUG 2021-02-06 02:06:50.719 UTC: 	 Getting myproxy life time left for myproxy.cern.ch
DEBUG 2021-02-06 02:06:50.720 UTC: 	 using mmyllyma_CRAB as credential login name
DEBUG 2021-02-06 02:06:51.025 UTC: 	 Executing : 
 command : myproxy-info -l mmyllyma_CRAB -s myproxy.cern.ch
 output : username: mmyllyma_CRAB
owner: /DC=ch/DC=cern/OU=Organic Units/OU=Users/CN=mmyllyma/CN=821759/CN=Mikael Myllymaki
  renewal policy: /DC=ch/DC=cern/OU=computers/CN=vocms0105.cern.ch|/DC=ch/DC=cern/OU=computers/CN=crab-(preprod|prod|dev)-tw(02|01).cern.ch|/DC=ch/DC=cern/OU=computers/CN=(ddi|ddidk|mytw).cern.ch|/DC=ch/DC=cern/OU=computers/CN=stefanov(m|m2).cern.ch
  trusted retrieval policy: /DC=ch/DC=cern/OU=computers/CN=vocms0105.cern.ch|/DC=ch/DC=cern/OU=computers/CN=crab-(preprod|prod|dev)-tw(02|01).cern.ch|/DC=ch/DC=cern/OU=computers/CN=(ddi|ddidk|mytw).cern.ch|/DC=ch/DC=cern/OU=computers/CN=stefanov(m|m2).cern.ch
  timeleft: 635:51:34  (26.5 days)

 error: 
 retcode : 0
DEBUG 2021-02-06 02:06:51.025 UTC: 	 Myproxy is valid: 2289094
DEBUG 2021-02-06 02:06:51.025 UTC: 	 Result of myproxy credential check:
  Credential exists on myproxy: username: a3633836dd8d176e9381cc89a8c8629d52861e19  - validity: 26 days, 11:51:28
  Credential exists on myproxy: username: mmyllyma_CRAB  - validity: 26 days, 11:51:34
DEBUG 2021-02-06 02:06:51.026 UTC: 	 Command use: status
DEBUG 2021-02-06 02:06:51.026 UTC: 	 Options use: ['crab_generate_K0S_20k']
DEBUG 2021-02-06 02:06:51.100 UTC: 	 CRABClient version: v3.201110
DEBUG 2021-02-06 02:06:51.100 UTC: 	 Instance is prod
DEBUG 2021-02-06 02:06:51.100 UTC: 	 Server base url is cmsweb-k8s-prod.cern.ch
DEBUG 2021-02-06 02:06:51.100 UTC: 	 Command url /crabserver/prod/workflow
DEBUG 2021-02-06 02:06:51.246 UTC: 	 Got information from server oracle database: {u'result': [u'210206_014744:mmyllyma_crab_generate_K0S_20k', u'None', u'None', u'SUBMITTED', u'SUBMIT', u'2021-02-06 01:47:45.009651', u'None', u'2021-02-06 01:48:23.731149', u'None', u'CMSSW_10_4_0', u'slc7_amd64_gcc700', u'None', u'F', u'0', u'[]', u'[]', u'EventBased', u"{'splitOnRun': False, 'events_per_job': 1000, 'halt_job_on_file_boundaries': False, 'runs': [], 'lumis': []}", u'b75e722d9f90788a3710d86773e36b796740e98f43e3aa3f5dbb5897a31a5dff.tar.gz', u'https://cmsweb.cern.ch:8443/crabcache', u'mmyllyma', u'/DC=ch/DC=cern/OU=Organic Units/OU=Users/CN=mmyllyma/CN=821759/CN=Mikael Myllymaki', u'cms', u'None', u'None', u'generate_K0S_20k-00000000000000000000000000000000', u'F', u'T2_FI_HIP', u'https://cmsweb.cern.ch/dbs/prod/global/DBSReader', u'https://cmsweb.cern.ch/dbs/prod/phys03/DBSWriter', u'T', u'[]', u'[]', u"['step1_K0S_20k.root']", u'PrivateMC', u'pythia', u'500', u'{}', u'[]', u'F', u'crab-prod-tw01', u'[]', u'1250', u'1', u'2000', u'10', u'None', u'[]', u'http://vocms0197.cern.ch/mon/cms1254/210206_014744:mmyllyma_crab_generate_K0S_20k', u'None', u'[]', u'[]', u'https://cmsweb.cern.ch/crabserver/prod', u'cmsgwms-collector-global.cern.ch:9620,cmsgwms-collector-global.fnal.gov', u'crab3@vocms0197.cern.ch', u'F', u'[]', u'T', u'/store/user/mmyllyma/CRAB3_TransferData', u'F', u'None', u'F', u'None', u'SingleK0S', u'None', u'276c90523f6a77c551d419c7608ef44fc1176ea3df1c7fdc67bd2586f98443f4.tar.gz', u'61190812', u'filetransfers', u'F', u'188.185.91.202', u'20000.0', u'None'], u'desc': {u'columns': [u'tm_taskname', u'tm_activity', u'panda_jobset_id', u'tm_task_status', u'tm_task_command', u'tm_start_time', u'tm_start_injection', u'tm_end_injection', u'tm_task_failure', u'tm_job_sw', u'tm_job_arch', u'tm_input_dataset', u'tm_nonvalid_input_dataset', u'tm_use_parent', u'tm_site_whitelist', u'tm_site_blacklist', u'tm_split_algo', u'tm_split_args', u'tm_user_sandbox', u'tm_cache_url', u'tm_username', u'tm_user_dn', u'tm_user_vo', u'tm_user_role', u'tm_user_group', u'tm_publish_name', u'tm_publish_groupname', u'tm_asyncdest', u'tm_dbs_url', u'tm_publish_dbs_url', u'tm_publication', u'tm_outfiles', u'tm_tfile_outfiles', u'tm_edm_outfiles', u'tm_job_type', u'tm_generator', u'tm_events_per_lumi', u'tm_arguments', u'panda_resubmitted_jobs', u'tm_save_logs', u'tw_name', u'tm_user_infiles', u'tm_maxjobruntime', u'tm_numcores', u'tm_maxmemory', u'tm_priority', u'tm_output_dataset', u'tm_task_warnings', u'tm_user_webdir', u'tm_scriptexe', u'tm_scriptargs', u'tm_extrajdl', u'tm_asourl', u'tm_collector', u'tm_schedd', u'tm_dry_run', u'tm_user_files', u'tm_transfer_outputs', u'tm_output_lfn', u'tm_ignore_locality', u'tm_fail_limit', u'tm_one_event_mode', u'tm_secondary_input_dataset', u'tm_primary_dataset', u'tm_last_publication', u'tm_debug_files', u'clusterid', u'tm_asodb', u'tm_ignore_global_blacklist', u'tm_submitter_ip_addr', u'tm_totalunits', u'tm_ddm_reqid']}}
INFO 2021-02-06 02:06:51.246 UTC: 	 CRAB project directory:		/afs/cern.ch/work/m/mmyllyma/singleParticleResponse/CMSSW_10_4_0/src/PFCalibration/PFChargedHadronAnalyzer/mmylly/K0S/crab_generate_K0S_20k
INFO 2021-02-06 02:06:51.246 UTC: 	 Task name:			210206_014744:mmyllyma_crab_generate_K0S_20k
INFO 2021-02-06 02:06:51.247 UTC: 	 Grid scheduler - Task Worker:	crab3@vocms0197.cern.ch - crab-prod-tw01
INFO 2021-02-06 02:06:51.247 UTC: 	 Status on the CRAB server:	SUBMITTED
INFO 2021-02-06 02:06:51.247 UTC: 	 Task URL to use for HELP:	https://cmsweb-k8s-prod.cern.ch/crabserver/ui/task/210206_014744%3Ammyllyma_crab_generate_K0S_20k
INFO 2021-02-06 02:06:51.251 UTC: 	 Dashboard monitoring URL:	https://monit-grafana.cern.ch/d/cmsTMDetail/cms-task-monitoring-task-view?orgId=11&var-user=mmyllyma&var-task=210206_014744%3Ammyllyma_crab_generate_K0S_20k&from=1612572465000&to=now
INFO 2021-02-06 02:06:51.251 UTC: 	 In case of issues with the dashboard, please provide feedback to hn-cms-computing-tools@cern.ch
DEBUG 2021-02-06 02:06:51.251 UTC: 	 The CRAB server submitted your task to the Grid scheduler (cluster ID: 61190812)
DEBUG 2021-02-06 02:06:51.251 UTC: 	 Webdir is located at http://vocms0197.cern.ch/mon/cms1254/210206_014744:mmyllyma_crab_generate_K0S_20k
DEBUG 2021-02-06 02:06:51.557 UTC: 	 Proxied webdir is located at https://cmsweb.cern.ch:8443/scheddmon/0197/cms1254/210206_014744:mmyllyma_crab_generate_K0S_20k
DEBUG 2021-02-06 02:06:51.557 UTC: 	 Retrieving 'status_cache' file from https://cmsweb.cern.ch:8443/scheddmon/0197/cms1254/210206_014744:mmyllyma_crab_generate_K0S_20k/status_cache
DEBUG 2021-02-06 02:06:51.597 UTC: 	 Got information from status cache file: {'11': {'Retries': 0, 'WallDurations': [10.0, 60.65218901634216, 610.0], 'StartTimes': [1612576414.0], 'SubmitTimes': [1612576114.0], 'JobIds': ['61190836.0'], 'EndTimes': [], 'Restarts': 0, 'RecordedSite': True, 'State': 'running', 'ResidentSetSize': [610268], 'TotalUserCpuTimeHistory': [202.0], 'SiteHistory': ['Unknown', 'T2_US_UCSD', 'T2_US_UCSD'], 'TotalSysCpuTimeHistory': [3.0]}, '10': {'Retries': 0, 'WallDurations': [8.0, 177.65218901634216, 609.0], 'StartTimes': [1612576297.0], 'SubmitTimes': [1612576114.0], 'JobIds': ['61190840.0'], 'EndTimes': [], 'Restarts': 0, 'RecordedSite': True, 'State': 'running', 'ResidentSetSize': [699152], 'TotalUserCpuTimeHistory': [556.0], 'SiteHistory': ['Unknown', 'T2_CH_CERN', 'T2_CH_CERN'], 'TotalSysCpuTimeHistory': [3.0]}, '13': {'Retries': 0, 'WallDurations': [8.0, 177.65218901634216, 608.0], 'StartTimes': [1612576297.0], 'SubmitTimes': [1612576115.0], 'JobIds': ['61190843.0'], 'EndTimes': [], 'Restarts': 0, 'RecordedSite': True, 'State': 'running', 'ResidentSetSize': [684220], 'TotalUserCpuTimeHistory': [504.0], 'SiteHistory': ['Unknown', 'T2_CH_CERN', 'T2_CH_CERN'], 'TotalSysCpuTimeHistory': [5.0]}, '12': {'Retries': 0, 'WallDurations': [9.0, 178.65218901634216, 611.0], 'StartTimes': [1612576296.0], 'SubmitTimes': [1612576114.0], 'JobIds': ['61190841.0'], 'EndTimes': [], 'Restarts': 0, 'RecordedSite': True, 'State': 'running', 'ResidentSetSize': [698796], 'TotalUserCpuTimeHistory': [562.0], 'SiteHistory': ['Unknown', 'T2_CH_CERN', 'T2_CH_CERN'], 'TotalSysCpuTimeHistory': [3.0]}, '15': {'Retries': 0, 'WallDurations': [10.0, 177.65218901634216, 611.0], 'StartTimes': [1612576297.0], 'SubmitTimes': [1612576115.0], 'JobIds': ['61190845.0'], 'EndTimes': [], 'Restarts': 0, 'RecordedSite': True, 'State': 'running', 'ResidentSetSize': [699052], 'TotalUserCpuTimeHistory': [499.0], 'SiteHistory': ['Unknown', 'T2_CH_CERN', 'T2_CH_CERN'], 'TotalSysCpuTimeHistory': [7.0]}, '14': {'Retries': 0, 'WallDurations': [9.0, 178.65218901634216, 610.0], 'StartTimes': [1612576296.0], 'SubmitTimes': [1612576114.0], 'JobIds': ['61190842.0'], 'EndTimes': [], 'Restarts': 0, 'RecordedSite': True, 'State': 'running', 'ResidentSetSize': [698476], 'TotalUserCpuTimeHistory': [556.0], 'SiteHistory': ['Unknown', 'T2_CH_CERN', 'T2_CH_CERN'], 'TotalSysCpuTimeHistory': [4.0]}, '17': {'Retries': 0, 'WallDurations': [8.0, 177.65218901634216, 608.0], 'StartTimes': [1612576297.0], 'SubmitTimes': [1612576115.0], 'JobIds': ['61190844.0'], 'EndTimes': [], 'Restarts': 0, 'RecordedSite': True, 'State': 'running', 'ResidentSetSize': [704076], 'TotalUserCpuTimeHistory': [557.0], 'SiteHistory': ['Unknown', 'T2_CH_CERN', 'T2_CH_CERN'], 'TotalSysCpuTimeHistory': [3.0]}, '16': {'Retries': 0, 'WallDurations': [9.0, 60.65218901634216, 610.0], 'StartTimes': [1612576414.0], 'SubmitTimes': [1612576116.0], 'JobIds': ['61190846.0'], 'EndTimes': [], 'Restarts': 0, 'RecordedSite': True, 'State': 'running', 'ResidentSetSize': [794348], 'TotalUserCpuTimeHistory': [254.0], 'SiteHistory': ['Unknown', 'T2_US_Wisconsin', 'T2_US_Wisconsin'], 'TotalSysCpuTimeHistory': [11.0]}, '19': {'Retries': 0, 'WallDurations': [10.0, 55.65218901634216, 611.0], 'StartTimes': [1612576419.0], 'SubmitTimes': [1612576121.0], 'JobIds': ['61190855.0'], 'EndTimes': [], 'Restarts': 0, 'RecordedSite': True, 'State': 'running', 'ResidentSetSize': [690872], 'TotalUserCpuTimeHistory': [340.0], 'SiteHistory': ['Unknown', 'T2_US_Caltech', 'T2_US_Caltech'], 'TotalSysCpuTimeHistory': [5.0]}, '18': {'Retries': 0, 'WallDurations': [9.0, 63.65218901634216, 610.0], 'StartTimes': [1612576411.0], 'SubmitTimes': [1612576121.0], 'JobIds': ['61190854.0'], 'EndTimes': [], 'Restarts': 0, 'RecordedSite': True, 'State': 'running', 'ResidentSetSize': [678656], 'TotalUserCpuTimeHistory': [421.0], 'SiteHistory': ['Unknown', 'T2_US_MIT', 'T2_US_MIT'], 'TotalSysCpuTimeHistory': [8.0]}, '1': {'Retries': 0, 'WallDurations': [10.0, 55.65218901634216, 612.0], 'StartTimes': [1612576419.0], 'SubmitTimes': [1612576110.0], 'JobIds': ['61190823.0'], 'EndTimes': [], 'Restarts': 0, 'RecordedSite': True, 'State': 'running', 'ResidentSetSize': [689092], 'TotalUserCpuTimeHistory': [339.0], 'SiteHistory': ['Unknown', 'T2_US_Caltech', 'T2_US_Caltech'], 'TotalSysCpuTimeHistory': [10.0]}, '3': {'Retries': 0, 'WallDurations': [9.0, 62.65218901634216, 610.0], 'StartTimes': [1612576412.0], 'SubmitTimes': [1612576111.0], 'JobIds': ['61190825.0'], 'EndTimes': [], 'Restarts': 0, 'RecordedSite': True, 'State': 'running', 'ResidentSetSize': [698100], 'TotalUserCpuTimeHistory': [421.0], 'SiteHistory': ['Unknown', 'T2_US_MIT', 'T2_US_MIT'], 'TotalSysCpuTimeHistory': [5.0]}, '2': {'Retries': 0, 'WallDurations': [9.0, 62.65218901634216, 612.0], 'StartTimes': [1612576412.0], 'SubmitTimes': [1612576111.0], 'JobIds': ['61190824.0'], 'EndTimes': [], 'Restarts': 0, 'RecordedSite': True, 'State': 'running', 'ResidentSetSize': [658916], 'TotalUserCpuTimeHistory': [330.0], 'SiteHistory': ['Unknown', 'T2_US_Nebraska', 'T2_US_Nebraska'], 'TotalSysCpuTimeHistory': [4.0]}, '5': {'Retries': 0, 'WallDurations': [9.0, 59.65218901634216, 611.0], 'StartTimes': [1612576415.0], 'SubmitTimes': [1612576111.0], 'JobIds': ['61190828.0'], 'EndTimes': [], 'Restarts': 0, 'RecordedSite': True, 'State': 'running', 'ResidentSetSize': [833192], 'TotalUserCpuTimeHistory': [410.0], 'SiteHistory': ['Unknown', 'T2_US_Wisconsin', 'T2_US_Wisconsin'], 'TotalSysCpuTimeHistory': [6.0]}, '4': {'Retries': 0, 'WallDurations': [10.0, 62.65218901634216, 610.0], 'StartTimes': [1612576412.0], 'SubmitTimes': [1612576111.0], 'JobIds': ['61190826.0'], 'EndTimes': [], 'Restarts': 0, 'RecordedSite': True, 'State': 'running', 'ResidentSetSize': [791084], 'TotalUserCpuTimeHistory': [376.0], 'SiteHistory': ['Unknown', 'T2_US_Wisconsin', 'T2_US_Wisconsin'], 'TotalSysCpuTimeHistory': [12.0]}, '7': {'Retries': 0, 'WallDurations': [8.0, 178.65218901634216, 608.0], 'StartTimes': [1612576296.0], 'SubmitTimes': [1612576114.0], 'JobIds': ['61190838.0'], 'EndTimes': [], 'Restarts': 0, 'RecordedSite': True, 'State': 'running', 'ResidentSetSize': [702544], 'TotalUserCpuTimeHistory': [555.0], 'SiteHistory': ['Unknown', 'T2_CH_CERN', 'T2_CH_CERN'], 'TotalSysCpuTimeHistory': [3.0]}, '6': {'Retries': 0, 'WallDurations': [9.0, 177.65218901634216, 177.65218901634216], 'StartTimes': [1612576297.0], 'SubmitTimes': [1612576111.0], 'JobIds': ['61190830.0'], 'EndTimes': [], 'Restarts': 0, 'RecordedSite': True, 'State': 'running', 'ResidentSetSize': [59072], 'TotalUserCpuTimeHistory': [0.0], 'SiteHistory': ['Unknown', 'T2_CH_CERN', 'T2_CH_CERN'], 'TotalSysCpuTimeHistory': [0.0]}, '9': {'Retries': 0, 'WallDurations': [8.0, 176.65218901634216, 176.65218901634216], 'StartTimes': [1612576298.0], 'SubmitTimes': [1612576114.0], 'JobIds': ['61190834.0'], 'EndTimes': [], 'Restarts': 0, 'RecordedSite': True, 'State': 'running', 'ResidentSetSize': [2792], 'TotalUserCpuTimeHistory': [0.0], 'SiteHistory': ['Unknown', 'T2_CH_CERN', 'T2_CH_CERN'], 'TotalSysCpuTimeHistory': [0.0]}, '20': {'Retries': 0, 'WallDurations': [9.0, 59.65218901634216, 610.0], 'StartTimes': [1612576415.0], 'SubmitTimes': [1612576121.0], 'JobIds': ['61190856.0'], 'EndTimes': [], 'Restarts': 0, 'RecordedSite': True, 'State': 'running', 'ResidentSetSize': [684520], 'TotalUserCpuTimeHistory': [283.0], 'SiteHistory': ['Unknown', 'T2_US_UCSD', 'T2_US_UCSD'], 'TotalSysCpuTimeHistory': [4.0]}, '8': {'Retries': 0, 'WallDurations': [8.0, 176.65218901634216, 176.65218901634216], 'StartTimes': [1612576298.0], 'SubmitTimes': [1612576111.0], 'JobIds': ['61190832.0'], 'EndTimes': [], 'Restarts': 0, 'RecordedSite': True, 'State': 'running', 'ResidentSetSize': [44992], 'TotalUserCpuTimeHistory': [0.0], 'SiteHistory': ['Unknown', 'T2_CH_CERN', 'T2_CH_CERN'], 'TotalSysCpuTimeHistory': [0.0]}}
INFO 2021-02-06 02:06:51.597 UTC: 	 Status on the scheduler:	SUBMITTED
INFO 2021-02-06 02:06:51.598 UTC: 	 
Jobs status:                    running      		100.0% (20/20)
INFO 2021-02-06 02:06:51.598 UTC: 	 
No publication information available yet
INFO 2021-02-06 02:06:51.600 UTC: 	 Log file is /afs/cern.ch/work/m/mmyllyma/singleParticleResponse/CMSSW_10_4_0/src/PFCalibration/PFChargedHadronAnalyzer/mmylly/K0S/crab_generate_K0S_20k/crab.log
DEBUG 2021-02-06 22:32:38.544 UTC: 	 CRAB Client version: v3.201110
DEBUG 2021-02-06 22:32:38.545 UTC: 	 Running on: Linux lxplus722.cern.ch 3.10.0-1160.6.1.el7.x86_64 #1 SMP Tue Nov 17 13:59:11 UTC 2020 x86_64 x86_64 x86_64 GNU/Linux - CentOS Linux 7 (Core)
DEBUG 2021-02-06 22:32:38.545 UTC: 	 Executing command: 'status'
DEBUG 2021-02-06 22:32:38.546 UTC: 	 Found CRAB cache file /afs/cern.ch/user/m/mmyllyma/.crab3
DEBUG 2021-02-06 22:32:38.638 UTC: 	 Checking credentials
DEBUG 2021-02-06 22:32:38.638 UTC: 	 Found proxy file /tmp/x509up_u104199
DEBUG 2021-02-06 22:32:38.638 UTC: 	 Getting proxy life time left
DEBUG 2021-02-06 22:32:39.142 UTC: 	 Executing : 
 command : voms-proxy-info -file /tmp/x509up_u104199 -timeleft
 output : 43188

 error: 
 retcode : 0
DEBUG 2021-02-06 22:32:39.647 UTC: 	 Executing : 
 command : voms-proxy-info -file /tmp/x509up_u104199 -actimeleft
 output : 43188

 error: 
 retcode : 0
DEBUG 2021-02-06 22:32:39.647 UTC: 	 Proxy valid for 11:59:48 hours
DEBUG 2021-02-06 22:32:39.721 UTC: 	 Registering user credentials for server /DC=ch/DC=cern/OU=computers/CN=vocms0105.cern.ch|/DC=ch/DC=cern/OU=computers/CN=crab-(preprod|prod|dev)-tw(02|01).cern.ch|/DC=ch/DC=cern/OU=computers/CN=(ddi|ddidk|mytw).cern.ch|/DC=ch/DC=cern/OU=computers/CN=stefanov(m|m2).cern.ch
DEBUG 2021-02-06 22:32:40.331 UTC: 	 Executing : 
 command : voms-proxy-info -file /tmp/x509up_u104199 -identity
 output : /DC=ch/DC=cern/OU=Organic Units/OU=Users/CN=mmyllyma/CN=821759/CN=Mikael Myllymaki

 error: 
 retcode : 0
DEBUG 2021-02-06 22:32:40.338 UTC: 	 Getting myproxy life time left for myproxy.cern.ch
DEBUG 2021-02-06 22:32:40.338 UTC: 	 using a3633836dd8d176e9381cc89a8c8629d52861e19 as credential login name
DEBUG 2021-02-06 22:32:40.741 UTC: 	 Executing : 
 command : myproxy-info -l a3633836dd8d176e9381cc89a8c8629d52861e19 -s myproxy.cern.ch
 output : username: a3633836dd8d176e9381cc89a8c8629d52861e19
owner: /DC=ch/DC=cern/OU=Organic Units/OU=Users/CN=mmyllyma/CN=821759/CN=Mikael Myllymaki
  renewal policy: /DC=ch/DC=cern/OU=computers/CN=vocms0105.cern.ch|/DC=ch/DC=cern/OU=computers/CN=crab-(preprod|prod|dev)-tw(02|01).cern.ch|/DC=ch/DC=cern/OU=computers/CN=(ddi|ddidk|mytw).cern.ch|/DC=ch/DC=cern/OU=computers/CN=stefanov(m|m2).cern.ch
  trusted retrieval policy: /DC=ch/DC=cern/OU=computers/CN=vocms0105.cern.ch|/DC=ch/DC=cern/OU=computers/CN=crab-(preprod|prod|dev)-tw(02|01).cern.ch|/DC=ch/DC=cern/OU=computers/CN=(ddi|ddidk|mytw).cern.ch|/DC=ch/DC=cern/OU=computers/CN=stefanov(m|m2).cern.ch
  timeleft: 615:25:37  (25.6 days)

 error: 
 retcode : 0
DEBUG 2021-02-06 22:32:40.742 UTC: 	 Myproxy is valid: 2215537
DEBUG 2021-02-06 22:32:40.743 UTC: 	 Retrieving username ...
DEBUG 2021-02-06 22:32:40.743 UTC: 	 Retrieving username from CRIC...
DEBUG 2021-02-06 22:32:41.388 UTC: 	 username is mmyllyma
DEBUG 2021-02-06 22:32:41.395 UTC: 	 Getting myproxy life time left for myproxy.cern.ch
DEBUG 2021-02-06 22:32:41.395 UTC: 	 using mmyllyma_CRAB as credential login name
DEBUG 2021-02-06 22:32:41.699 UTC: 	 Executing : 
 command : myproxy-info -l mmyllyma_CRAB -s myproxy.cern.ch
 output : username: mmyllyma_CRAB
owner: /DC=ch/DC=cern/OU=Organic Units/OU=Users/CN=mmyllyma/CN=821759/CN=Mikael Myllymaki
  renewal policy: /DC=ch/DC=cern/OU=computers/CN=vocms0105.cern.ch|/DC=ch/DC=cern/OU=computers/CN=crab-(preprod|prod|dev)-tw(02|01).cern.ch|/DC=ch/DC=cern/OU=computers/CN=(ddi|ddidk|mytw).cern.ch|/DC=ch/DC=cern/OU=computers/CN=stefanov(m|m2).cern.ch
  trusted retrieval policy: /DC=ch/DC=cern/OU=computers/CN=vocms0105.cern.ch|/DC=ch/DC=cern/OU=computers/CN=crab-(preprod|prod|dev)-tw(02|01).cern.ch|/DC=ch/DC=cern/OU=computers/CN=(ddi|ddidk|mytw).cern.ch|/DC=ch/DC=cern/OU=computers/CN=stefanov(m|m2).cern.ch
  timeleft: 615:25:44  (25.6 days)

 error: 
 retcode : 0
DEBUG 2021-02-06 22:32:41.699 UTC: 	 Myproxy is valid: 2215544
DEBUG 2021-02-06 22:32:41.700 UTC: 	 Result of myproxy credential check:
  Credential exists on myproxy: username: a3633836dd8d176e9381cc89a8c8629d52861e19  - validity: 25 days, 15:25:37
  Credential exists on myproxy: username: mmyllyma_CRAB  - validity: 25 days, 15:25:44
DEBUG 2021-02-06 22:32:41.700 UTC: 	 Command use: status
DEBUG 2021-02-06 22:32:41.700 UTC: 	 Options use: ['crab_generate_K0S_20k']
DEBUG 2021-02-06 22:32:41.750 UTC: 	 CRABClient version: v3.201110
DEBUG 2021-02-06 22:32:41.750 UTC: 	 Instance is prod
DEBUG 2021-02-06 22:32:41.750 UTC: 	 Server base url is cmsweb-k8s-prod.cern.ch
DEBUG 2021-02-06 22:32:41.750 UTC: 	 Command url /crabserver/prod/workflow
DEBUG 2021-02-06 22:32:41.826 UTC: 	 Got information from server oracle database: {u'result': [u'210206_014744:mmyllyma_crab_generate_K0S_20k', u'None', u'None', u'SUBMITTED', u'SUBMIT', u'2021-02-06 01:47:45.009651', u'None', u'2021-02-06 01:48:23.731149', u'None', u'CMSSW_10_4_0', u'slc7_amd64_gcc700', u'None', u'F', u'0', u'[]', u'[]', u'EventBased', u"{'splitOnRun': False, 'events_per_job': 1000, 'halt_job_on_file_boundaries': False, 'runs': [], 'lumis': []}", u'b75e722d9f90788a3710d86773e36b796740e98f43e3aa3f5dbb5897a31a5dff.tar.gz', u'https://cmsweb.cern.ch:8443/crabcache', u'mmyllyma', u'/DC=ch/DC=cern/OU=Organic Units/OU=Users/CN=mmyllyma/CN=821759/CN=Mikael Myllymaki', u'cms', u'None', u'None', u'generate_K0S_20k-00000000000000000000000000000000', u'F', u'T2_FI_HIP', u'https://cmsweb.cern.ch/dbs/prod/global/DBSReader', u'https://cmsweb.cern.ch/dbs/prod/phys03/DBSWriter', u'T', u'[]', u'[]', u"['step1_K0S_20k.root']", u'PrivateMC', u'pythia', u'500', u'{}', u'[]', u'F', u'crab-prod-tw01', u'[]', u'1250', u'1', u'2000', u'10', u"['/SingleK0S/mmyllyma-generate_K0S_20k-d8fcbbeb0874d17edc07af95cfef2f12/USER']", u'[]', u'http://vocms0197.cern.ch/mon/cms1254/210206_014744:mmyllyma_crab_generate_K0S_20k', u'None', u'[]', u'[]', u'https://cmsweb.cern.ch/crabserver/prod', u'cmsgwms-collector-global.cern.ch:9620,cmsgwms-collector-global.fnal.gov', u'crab3@vocms0197.cern.ch', u'F', u'[]', u'T', u'/store/user/mmyllyma/CRAB3_TransferData', u'F', u'None', u'F', u'None', u'SingleK0S', u'2021-02-06 06:49:41.412784', u'276c90523f6a77c551d419c7608ef44fc1176ea3df1c7fdc67bd2586f98443f4.tar.gz', u'61190812', u'filetransfers', u'F', u'188.185.91.202', u'20000.0', u'None'], u'desc': {u'columns': [u'tm_taskname', u'tm_activity', u'panda_jobset_id', u'tm_task_status', u'tm_task_command', u'tm_start_time', u'tm_start_injection', u'tm_end_injection', u'tm_task_failure', u'tm_job_sw', u'tm_job_arch', u'tm_input_dataset', u'tm_nonvalid_input_dataset', u'tm_use_parent', u'tm_site_whitelist', u'tm_site_blacklist', u'tm_split_algo', u'tm_split_args', u'tm_user_sandbox', u'tm_cache_url', u'tm_username', u'tm_user_dn', u'tm_user_vo', u'tm_user_role', u'tm_user_group', u'tm_publish_name', u'tm_publish_groupname', u'tm_asyncdest', u'tm_dbs_url', u'tm_publish_dbs_url', u'tm_publication', u'tm_outfiles', u'tm_tfile_outfiles', u'tm_edm_outfiles', u'tm_job_type', u'tm_generator', u'tm_events_per_lumi', u'tm_arguments', u'panda_resubmitted_jobs', u'tm_save_logs', u'tw_name', u'tm_user_infiles', u'tm_maxjobruntime', u'tm_numcores', u'tm_maxmemory', u'tm_priority', u'tm_output_dataset', u'tm_task_warnings', u'tm_user_webdir', u'tm_scriptexe', u'tm_scriptargs', u'tm_extrajdl', u'tm_asourl', u'tm_collector', u'tm_schedd', u'tm_dry_run', u'tm_user_files', u'tm_transfer_outputs', u'tm_output_lfn', u'tm_ignore_locality', u'tm_fail_limit', u'tm_one_event_mode', u'tm_secondary_input_dataset', u'tm_primary_dataset', u'tm_last_publication', u'tm_debug_files', u'clusterid', u'tm_asodb', u'tm_ignore_global_blacklist', u'tm_submitter_ip_addr', u'tm_totalunits', u'tm_ddm_reqid']}}
INFO 2021-02-06 22:32:41.827 UTC: 	 CRAB project directory:		/afs/cern.ch/work/m/mmyllyma/singleParticleResponse/CMSSW_10_4_0/src/PFCalibration/PFChargedHadronAnalyzer/mmylly/K0S/crab_generate_K0S_20k
INFO 2021-02-06 22:32:41.827 UTC: 	 Task name:			210206_014744:mmyllyma_crab_generate_K0S_20k
INFO 2021-02-06 22:32:41.827 UTC: 	 Grid scheduler - Task Worker:	crab3@vocms0197.cern.ch - crab-prod-tw01
INFO 2021-02-06 22:32:41.827 UTC: 	 Status on the CRAB server:	SUBMITTED
INFO 2021-02-06 22:32:41.827 UTC: 	 Task URL to use for HELP:	https://cmsweb-k8s-prod.cern.ch/crabserver/ui/task/210206_014744%3Ammyllyma_crab_generate_K0S_20k
INFO 2021-02-06 22:32:41.833 UTC: 	 Dashboard monitoring URL:	https://monit-grafana.cern.ch/d/cmsTMDetail/cms-task-monitoring-task-view?orgId=11&var-user=mmyllyma&var-task=210206_014744%3Ammyllyma_crab_generate_K0S_20k&from=1612572465000&to=now
INFO 2021-02-06 22:32:41.834 UTC: 	 In case of issues with the dashboard, please provide feedback to hn-cms-computing-tools@cern.ch
DEBUG 2021-02-06 22:32:41.834 UTC: 	 The CRAB server submitted your task to the Grid scheduler (cluster ID: 61190812)
DEBUG 2021-02-06 22:32:41.834 UTC: 	 Webdir is located at http://vocms0197.cern.ch/mon/cms1254/210206_014744:mmyllyma_crab_generate_K0S_20k
DEBUG 2021-02-06 22:32:41.910 UTC: 	 Proxied webdir is located at https://cmsweb.cern.ch:8443/scheddmon/0197/cms1254/210206_014744:mmyllyma_crab_generate_K0S_20k
DEBUG 2021-02-06 22:32:41.910 UTC: 	 Retrieving 'status_cache' file from https://cmsweb.cern.ch:8443/scheddmon/0197/cms1254/210206_014744:mmyllyma_crab_generate_K0S_20k/status_cache
DEBUG 2021-02-06 22:32:41.972 UTC: 	 Got information from status cache file: {'11': {'Retries': 0, 'WallDurations': [10.0, 60.65218901634216, 4936.0], 'StartTimes': [1612576414.0], 'SubmitTimes': [1612576114.0], 'JobIds': ['61190836.0'], 'EndTimes': [1612581350.0], 'Restarts': 0, 'RecordedSite': True, 'State': 'finished', 'ResidentSetSize': [677360], 'TotalUserCpuTimeHistory': [4394], 'SiteHistory': ['Unknown', 'T2_US_UCSD', 'T2_US_UCSD'], 'TotalSysCpuTimeHistory': [26]}, '10': {'Retries': 0, 'WallDurations': [8.0, 177.65218901634216, 6561.0], 'StartTimes': [1612576297.0], 'SubmitTimes': [1612576114.0], 'JobIds': ['61190840.0'], 'EndTimes': [1612582858.0], 'Restarts': 0, 'RecordedSite': True, 'State': 'finished', 'ResidentSetSize': [717800], 'TotalUserCpuTimeHistory': [6439], 'SiteHistory': ['Unknown', 'T2_CH_CERN', 'T2_CH_CERN'], 'TotalSysCpuTimeHistory': [19]}, '13': {'Retries': 0, 'WallDurations': [8.0, 177.65218901634216, 7008.0], 'StartTimes': [1612576297.0], 'SubmitTimes': [1612576115.0], 'JobIds': ['61190843.0'], 'EndTimes': [1612583305.0], 'Restarts': 0, 'RecordedSite': True, 'State': 'finished', 'ResidentSetSize': [710236], 'TotalUserCpuTimeHistory': [6823], 'SiteHistory': ['Unknown', 'T2_CH_CERN', 'T2_CH_CERN'], 'TotalSysCpuTimeHistory': [29]}, '12': {'Retries': 0, 'WallDurations': [9.0, 178.65218901634216, 5707.0], 'StartTimes': [1612576296.0], 'SubmitTimes': [1612576114.0], 'JobIds': ['61190841.0'], 'EndTimes': [1612582003.0], 'Restarts': 0, 'RecordedSite': True, 'State': 'finished', 'ResidentSetSize': [741800], 'TotalUserCpuTimeHistory': [5586], 'SiteHistory': ['Unknown', 'T2_CH_CERN', 'T2_CH_CERN'], 'TotalSysCpuTimeHistory': [15]}, '15': {'Retries': 0, 'WallDurations': [10.0, 177.65218901634216, 6595.0], 'StartTimes': [1612576297.0], 'SubmitTimes': [1612576115.0], 'JobIds': ['61190845.0'], 'EndTimes': [1612582892.0], 'Restarts': 0, 'RecordedSite': True, 'State': 'finished', 'ResidentSetSize': [720900], 'TotalUserCpuTimeHistory': [6423], 'SiteHistory': ['Unknown', 'T2_CH_CERN', 'T2_CH_CERN'], 'TotalSysCpuTimeHistory': [21]}, '14': {'Retries': 0, 'WallDurations': [9.0, 178.65218901634216, 5728.0], 'StartTimes': [1612576296.0], 'SubmitTimes': [1612576114.0], 'JobIds': ['61190842.0'], 'EndTimes': [1612582024.0], 'Restarts': 0, 'RecordedSite': True, 'State': 'finished', 'ResidentSetSize': [716136], 'TotalUserCpuTimeHistory': [5637], 'SiteHistory': ['Unknown', 'T2_CH_CERN', 'T2_CH_CERN'], 'TotalSysCpuTimeHistory': [15]}, '17': {'Retries': 0, 'WallDurations': [8.0, 177.65218901634216, 6106.0], 'StartTimes': [1612576297.0], 'SubmitTimes': [1612576115.0], 'JobIds': ['61190844.0'], 'EndTimes': [1612582403.0], 'Restarts': 0, 'RecordedSite': True, 'State': 'finished', 'ResidentSetSize': [722392], 'TotalUserCpuTimeHistory': [5977], 'SiteHistory': ['Unknown', 'T2_CH_CERN', 'T2_CH_CERN'], 'TotalSysCpuTimeHistory': [16]}, '16': {'Retries': 0, 'WallDurations': [9.0, 60.65218901634216, 14968.0], 'StartTimes': [1612576414.0], 'SubmitTimes': [1612576116.0], 'JobIds': ['61190846.0'], 'EndTimes': [1612591382.0], 'Restarts': 0, 'RecordedSite': True, 'State': 'finished', 'ResidentSetSize': [799220], 'TotalUserCpuTimeHistory': [12463], 'SiteHistory': ['Unknown', 'T2_US_Wisconsin', 'T2_US_Wisconsin'], 'TotalSysCpuTimeHistory': [163]}, '19': {'Retries': 0, 'WallDurations': [10.0, 55.65218901634216, 4893.0], 'StartTimes': [1612576419.0], 'SubmitTimes': [1612576121.0], 'JobIds': ['61190855.0'], 'EndTimes': [1612581312.0], 'Restarts': 0, 'RecordedSite': True, 'State': 'finished', 'ResidentSetSize': [716124], 'TotalUserCpuTimeHistory': [4563], 'SiteHistory': ['Unknown', 'T2_US_Caltech', 'T2_US_Caltech'], 'TotalSysCpuTimeHistory': [34]}, '18': {'Retries': 0, 'WallDurations': [9.0, 63.65218901634216, 6520.0], 'StartTimes': [1612576411.0], 'SubmitTimes': [1612576121.0], 'JobIds': ['61190854.0'], 'EndTimes': [1612582931.0], 'Restarts': 0, 'RecordedSite': True, 'State': 'finished', 'ResidentSetSize': [698412], 'TotalUserCpuTimeHistory': [6189], 'SiteHistory': ['Unknown', 'T2_US_MIT', 'T2_US_MIT'], 'TotalSysCpuTimeHistory': [54]}, '1': {'Retries': 0, 'WallDurations': [10.0, 55.65218901634216, 11605.0], 'StartTimes': [1612576419.0], 'SubmitTimes': [1612576110.0], 'JobIds': ['61190823.0'], 'EndTimes': [1612588024.0], 'Restarts': 0, 'RecordedSite': True, 'State': 'finished', 'ResidentSetSize': [698804], 'TotalUserCpuTimeHistory': [10917], 'SiteHistory': ['Unknown', 'T2_US_Caltech', 'T2_US_Caltech'], 'TotalSysCpuTimeHistory': [145]}, '3': {'Retries': 0, 'WallDurations': [9.0, 62.65218901634216, 7230.0], 'StartTimes': [1612576412.0], 'SubmitTimes': [1612576111.0], 'JobIds': ['61190825.0'], 'EndTimes': [1612583642.0], 'Restarts': 0, 'RecordedSite': True, 'State': 'finished', 'ResidentSetSize': [716064], 'TotalUserCpuTimeHistory': [6802], 'SiteHistory': ['Unknown', 'T2_US_MIT', 'T2_US_MIT'], 'TotalSysCpuTimeHistory': [48]}, '2': {'Retries': 0, 'WallDurations': [9.0, 62.65218901634216, 9600.0, 0, 3625.0], 'StartTimes': [1612576412.0, 1612586292.0], 'SubmitTimes': [1612576111.0, -1], 'JobIds': ['61190824.0', '61190824.0'], 'EndTimes': [1612586012.0, 1612589917.0], 'Restarts': 1, 'RecordedSite': True, 'State': 'finished', 'ResidentSetSize': [766228, 1000000], 'TotalUserCpuTimeHistory': [6463.0, 9810], 'SiteHistory': ['Unknown', 'T2_US_Nebraska', 'T2_US_Nebraska', 'Unknown', 'T2_CH_CERN'], 'TotalSysCpuTimeHistory': [20.0, 28]}, '5': {'Retries': 0, 'WallDurations': [9.0, 59.65218901634216, 12407.0], 'StartTimes': [1612576415.0], 'SubmitTimes': [1612576111.0], 'JobIds': ['61190828.0'], 'EndTimes': [1612588822.0], 'Restarts': 0, 'RecordedSite': True, 'State': 'finished', 'ResidentSetSize': [833192], 'TotalUserCpuTimeHistory': [11801], 'SiteHistory': ['Unknown', 'T2_US_Wisconsin', 'T2_US_Wisconsin'], 'TotalSysCpuTimeHistory': [85]}, '4': {'Retries': 0, 'WallDurations': [10.0, 62.65218901634216, 12260.0], 'StartTimes': [1612576412.0], 'SubmitTimes': [1612576111.0], 'JobIds': ['61190826.0'], 'EndTimes': [1612588672.0], 'Restarts': 0, 'RecordedSite': True, 'State': 'finished', 'ResidentSetSize': [795180], 'TotalUserCpuTimeHistory': [11190], 'SiteHistory': ['Unknown', 'T2_US_Wisconsin', 'T2_US_Wisconsin'], 'TotalSysCpuTimeHistory': [120]}, '7': {'Retries': 0, 'WallDurations': [8.0, 178.65218901634216, 5874.0], 'StartTimes': [1612576296.0], 'SubmitTimes': [1612576114.0], 'JobIds': ['61190838.0'], 'EndTimes': [1612582170.0], 'Restarts': 0, 'RecordedSite': True, 'State': 'finished', 'ResidentSetSize': [731036], 'TotalUserCpuTimeHistory': [5748], 'SiteHistory': ['Unknown', 'T2_CH_CERN', 'T2_CH_CERN'], 'TotalSysCpuTimeHistory': [15]}, '6': {'Retries': 0, 'WallDurations': [9.0, 177.65218901634216, 3779.0], 'StartTimes': [1612576297.0], 'SubmitTimes': [1612576111.0], 'JobIds': ['61190830.0'], 'EndTimes': [1612580076.0], 'Restarts': 0, 'RecordedSite': True, 'State': 'finished', 'ResidentSetSize': [711360], 'TotalUserCpuTimeHistory': [3465], 'SiteHistory': ['Unknown', 'T2_CH_CERN', 'T2_CH_CERN'], 'TotalSysCpuTimeHistory': [12]}, '9': {'Retries': 0, 'WallDurations': [8.0, 176.65218901634216, 4605.0], 'StartTimes': [1612576298.0], 'SubmitTimes': [1612576114.0], 'JobIds': ['61190834.0'], 'EndTimes': [1612580903.0], 'Restarts': 0, 'RecordedSite': True, 'State': 'finished', 'ResidentSetSize': [736888], 'TotalUserCpuTimeHistory': [3887], 'SiteHistory': ['Unknown', 'T2_CH_CERN', 'T2_CH_CERN'], 'TotalSysCpuTimeHistory': [10]}, '20': {'Retries': 0, 'WallDurations': [9.0, 59.65218901634216, 5083.0], 'StartTimes': [1612576415.0], 'SubmitTimes': [1612576121.0], 'JobIds': ['61190856.0'], 'EndTimes': [1612581498.0], 'Restarts': 0, 'RecordedSite': True, 'State': 'finished', 'ResidentSetSize': [706880], 'TotalUserCpuTimeHistory': [4702], 'SiteHistory': ['Unknown', 'T2_US_UCSD', 'T2_US_UCSD'], 'TotalSysCpuTimeHistory': [26]}, '8': {'Retries': 0, 'WallDurations': [8.0, 176.65218901634216, 3840.0], 'StartTimes': [1612576298.0], 'SubmitTimes': [1612576111.0], 'JobIds': ['61190832.0'], 'EndTimes': [1612580138.0], 'Restarts': 0, 'RecordedSite': True, 'State': 'finished', 'ResidentSetSize': [722900], 'TotalUserCpuTimeHistory': [3528], 'SiteHistory': ['Unknown', 'T2_CH_CERN', 'T2_CH_CERN'], 'TotalSysCpuTimeHistory': [12]}}
INFO 2021-02-06 22:32:41.972 UTC: 	 Status on the scheduler:	COMPLETED
INFO 2021-02-06 22:32:41.972 UTC: 	 
Jobs status:                    finished     		100.0% (20/20)
INFO 2021-02-06 22:32:42.029 UTC: 	 
Publication status of 1 dataset(s):	done         		100.0% (20/20)
(from CRAB internal bookkeeping in transferdb)
INFO 2021-02-06 22:32:42.029 UTC: 	 
Output dataset:			/SingleK0S/mmyllyma-generate_K0S_20k-d8fcbbeb0874d17edc07af95cfef2f12/USER
Output dataset DAS URL:		https://cmsweb.cern.ch/das/request?input=%2FSingleK0S%2Fmmyllyma-generate_K0S_20k-d8fcbbeb0874d17edc07af95cfef2f12%2FUSER&instance=prod%2Fphys03
INFO 2021-02-06 22:32:42.030 UTC: 	 
Warning: the max jobs runtime is less than 30% of the task requested value (1250 min), please consider to request a lower value for failed jobs (allowed through crab resubmit) and/or improve the jobs splitting (e.g. config.Data.splitting = 'Automatic') in a new task.
INFO 2021-02-06 22:32:42.030 UTC: 	 
Summary of run jobs:
 * Memory: 682MB min, 976MB max, 726MB ave
 * Runtime: 1:00:25 min, 4:09:28 max, 1:56:06 ave
 * CPU eff: 84% min, 271% max, 98% ave
 * Waste: 3:22:40 (8% of total)

INFO 2021-02-06 22:32:42.117 UTC: 	 Log file is /afs/cern.ch/work/m/mmyllyma/singleParticleResponse/CMSSW_10_4_0/src/PFCalibration/PFChargedHadronAnalyzer/mmylly/K0S/crab_generate_K0S_20k/crab.log
