DEBUG 2021-01-07 22:13:27.112 UTC: 	 CRAB Client version: v3.201110
DEBUG 2021-01-07 22:13:27.112 UTC: 	 Running on: Linux lxplus753.cern.ch 3.10.0-1160.6.1.el7.x86_64 #1 SMP Tue Nov 17 13:59:11 UTC 2020 x86_64 x86_64 x86_64 GNU/Linux - CentOS Linux 7 (Core)
DEBUG 2021-01-07 22:13:27.112 UTC: 	 Executing command: 'status'
DEBUG 2021-01-07 22:13:27.113 UTC: 	 Found CRAB cache file /afs/cern.ch/user/m/mmyllyma/.crab3
ERROR 2021-01-07 22:13:27.114 UTC: 	 Error: crab_step2_K0L_1M.py is not a valid CRAB project directory.
ERROR 2021-01-07 22:13:27.114 UTC: 	 Caught ClientException exception
Traceback (most recent call last):
  File "/cvmfs/cms.cern.ch/share/cms/crab-prod/v3.201110.01/bin/crab", line 165, in <module>
    client()
  File "/cvmfs/cms.cern.ch/share/cms/crab-prod/v3.201110.01/bin/crab", line 150, in __call__
    self.cmd = sub_cmd(self.logger, args[1:])
  File "/cvmfs/cms.cern.ch/share/cms/crab-prod/v3.201110.01/lib/CRABClient/Commands/status.py", line 41, in __init__
    SubCommand.__init__(self, logger, cmdargs)
  File "/cvmfs/cms.cern.ch/share/cms/crab-prod/v3.201110.01/lib/CRABClient/Commands/SubCommand.py", line 271, in __init__
    SubCommand.validateOptions(self)
  File "/cvmfs/cms.cern.ch/share/cms/crab-prod/v3.201110.01/lib/CRABClient/Commands/SubCommand.py", line 628, in validateOptions
    raise ConfigurationException(msg)
ConfigurationException: [91mError[0m: crab_step2_K0L_1M.py is not a valid CRAB project directory.
INFO 2021-01-07 22:13:27.117 UTC: 	 Log file is /afs/cern.ch/work/m/mmyllyma/singleParticleResponse/CMSSW_10_4_0/src/PFCalibration/PFChargedHadronAnalyzer/mmylly/K0L/crab.log
DEBUG 2021-01-08 02:06:00.776 UTC: 	 CRAB Client version: v3.201110
DEBUG 2021-01-08 02:06:00.777 UTC: 	 Running on: Linux lxplus753.cern.ch 3.10.0-1160.6.1.el7.x86_64 #1 SMP Tue Nov 17 13:59:11 UTC 2020 x86_64 x86_64 x86_64 GNU/Linux - CentOS Linux 7 (Core)
DEBUG 2021-01-08 02:06:00.777 UTC: 	 Executing command: 'status'
DEBUG 2021-01-08 02:06:00.777 UTC: 	 Found CRAB cache file /afs/cern.ch/user/m/mmyllyma/.crab3
