DEBUG 2021-02-06 22:36:48.135 UTC: 	 CRAB Client version: v3.201110
DEBUG 2021-02-06 22:36:48.136 UTC: 	 Running on: Linux lxplus722.cern.ch 3.10.0-1160.6.1.el7.x86_64 #1 SMP Tue Nov 17 13:59:11 UTC 2020 x86_64 x86_64 x86_64 GNU/Linux - CentOS Linux 7 (Core)
DEBUG 2021-02-06 22:36:48.136 UTC: 	 Executing command: 'submit'
DEBUG 2021-02-06 22:36:48.136 UTC: 	 Found CRAB cache file /afs/cern.ch/user/m/mmyllyma/.crab3
INFO 2021-02-06 22:36:48.137 UTC: 	 Will use CRAB configuration file crab_step2_K0S_20k.py
DEBUG 2021-02-06 22:36:48.137 UTC: 	 Loading CRAB configuration file.
DEBUG 2021-02-06 22:36:48.142 UTC: 	 Will use CRAB Analysis plugin (i.e. will run an analysis job type).
DEBUG 2021-02-06 22:36:48.194 UTC: 	 Checking credentials
DEBUG 2021-02-06 22:36:48.195 UTC: 	 Found proxy file /tmp/x509up_u104199
DEBUG 2021-02-06 22:36:48.195 UTC: 	 Getting proxy life time left
DEBUG 2021-02-06 22:36:48.800 UTC: 	 Executing : 
 command : voms-proxy-info -file /tmp/x509up_u104199 -timeleft
 output : 42939

 error: 
 retcode : 0
DEBUG 2021-02-06 22:36:49.304 UTC: 	 Executing : 
 command : voms-proxy-info -file /tmp/x509up_u104199 -actimeleft
 output : 42938

 error: 
 retcode : 0
DEBUG 2021-02-06 22:36:49.305 UTC: 	 Proxy lifetime 42939 secs is different from voms extension lifetime 42938 secs for proxy: /tmp/x509up_u104199
DEBUG 2021-02-06 22:36:49.305 UTC: 	 Proxy valid for 11:55:38 hours
DEBUG 2021-02-06 22:36:49.809 UTC: 	 Executing : 
 command : env X509_USER_PROXY=/tmp/x509up_u104199 voms-proxy-info -fqan
 output : /cms/Role=NULL/Capability=NULL

 error: 
 retcode : 0
DEBUG 2021-02-06 22:36:49.919 UTC: 	 Registering user credentials for server /DC=ch/DC=cern/OU=computers/CN=vocms0105.cern.ch|/DC=ch/DC=cern/OU=computers/CN=crab-(preprod|prod|dev)-tw(02|01).cern.ch|/DC=ch/DC=cern/OU=computers/CN=(ddi|ddidk|mytw).cern.ch|/DC=ch/DC=cern/OU=computers/CN=stefanov(m|m2).cern.ch
DEBUG 2021-02-06 22:36:50.530 UTC: 	 Executing : 
 command : voms-proxy-info -file /tmp/x509up_u104199 -identity
 output : /DC=ch/DC=cern/OU=Organic Units/OU=Users/CN=mmyllyma/CN=821759/CN=Mikael Myllymaki

 error: 
 retcode : 0
DEBUG 2021-02-06 22:36:50.536 UTC: 	 Getting myproxy life time left for myproxy.cern.ch
DEBUG 2021-02-06 22:36:50.536 UTC: 	 using a3633836dd8d176e9381cc89a8c8629d52861e19 as credential login name
DEBUG 2021-02-06 22:36:50.840 UTC: 	 Executing : 
 command : myproxy-info -l a3633836dd8d176e9381cc89a8c8629d52861e19 -s myproxy.cern.ch
 output : username: a3633836dd8d176e9381cc89a8c8629d52861e19
owner: /DC=ch/DC=cern/OU=Organic Units/OU=Users/CN=mmyllyma/CN=821759/CN=Mikael Myllymaki
  renewal policy: /DC=ch/DC=cern/OU=computers/CN=vocms0105.cern.ch|/DC=ch/DC=cern/OU=computers/CN=crab-(preprod|prod|dev)-tw(02|01).cern.ch|/DC=ch/DC=cern/OU=computers/CN=(ddi|ddidk|mytw).cern.ch|/DC=ch/DC=cern/OU=computers/CN=stefanov(m|m2).cern.ch
  trusted retrieval policy: /DC=ch/DC=cern/OU=computers/CN=vocms0105.cern.ch|/DC=ch/DC=cern/OU=computers/CN=crab-(preprod|prod|dev)-tw(02|01).cern.ch|/DC=ch/DC=cern/OU=computers/CN=(ddi|ddidk|mytw).cern.ch|/DC=ch/DC=cern/OU=computers/CN=stefanov(m|m2).cern.ch
  timeleft: 615:21:27  (25.6 days)

 error: 
 retcode : 0
DEBUG 2021-02-06 22:36:50.841 UTC: 	 Myproxy is valid: 2215287
DEBUG 2021-02-06 22:36:50.841 UTC: 	 Retrieving username ...
DEBUG 2021-02-06 22:36:50.841 UTC: 	 Retrieving username from CRIC...
DEBUG 2021-02-06 22:36:51.589 UTC: 	 username is mmyllyma
DEBUG 2021-02-06 22:36:51.594 UTC: 	 Getting myproxy life time left for myproxy.cern.ch
DEBUG 2021-02-06 22:36:51.595 UTC: 	 using mmyllyma_CRAB as credential login name
DEBUG 2021-02-06 22:36:51.898 UTC: 	 Executing : 
 command : myproxy-info -l mmyllyma_CRAB -s myproxy.cern.ch
 output : username: mmyllyma_CRAB
owner: /DC=ch/DC=cern/OU=Organic Units/OU=Users/CN=mmyllyma/CN=821759/CN=Mikael Myllymaki
  renewal policy: /DC=ch/DC=cern/OU=computers/CN=vocms0105.cern.ch|/DC=ch/DC=cern/OU=computers/CN=crab-(preprod|prod|dev)-tw(02|01).cern.ch|/DC=ch/DC=cern/OU=computers/CN=(ddi|ddidk|mytw).cern.ch|/DC=ch/DC=cern/OU=computers/CN=stefanov(m|m2).cern.ch
  trusted retrieval policy: /DC=ch/DC=cern/OU=computers/CN=vocms0105.cern.ch|/DC=ch/DC=cern/OU=computers/CN=crab-(preprod|prod|dev)-tw(02|01).cern.ch|/DC=ch/DC=cern/OU=computers/CN=(ddi|ddidk|mytw).cern.ch|/DC=ch/DC=cern/OU=computers/CN=stefanov(m|m2).cern.ch
  timeleft: 615:21:34  (25.6 days)

 error: 
 retcode : 0
DEBUG 2021-02-06 22:36:51.898 UTC: 	 Myproxy is valid: 2215294
DEBUG 2021-02-06 22:36:51.899 UTC: 	 Result of myproxy credential check:
  Credential exists on myproxy: username: a3633836dd8d176e9381cc89a8c8629d52861e19  - validity: 25 days, 15:21:27
  Credential exists on myproxy: username: mmyllyma_CRAB  - validity: 25 days, 15:21:34
DEBUG 2021-02-06 22:36:51.899 UTC: 	 Command use: submit
DEBUG 2021-02-06 22:36:51.899 UTC: 	 Options use: ['-c', 'crab_step2_K0S_20k.py']
DEBUG 2021-02-06 22:36:51.970 UTC: 	 CRABClient version: v3.201110
DEBUG 2021-02-06 22:36:51.970 UTC: 	 Instance is prod
DEBUG 2021-02-06 22:36:51.970 UTC: 	 Server base url is cmsweb-k8s-prod.cern.ch
DEBUG 2021-02-06 22:36:51.970 UTC: 	 Command url /crabserver/prod/workflow
DEBUG 2021-02-06 22:36:51.970 UTC: 	 Started submission
DEBUG 2021-02-06 22:36:51.970 UTC: 	 Working on /afs/cern.ch/work/m/mmyllyma/singleParticleResponse/CMSSW_10_4_0/src/PFCalibration/PFChargedHadronAnalyzer/mmylly/K0S/crab_step2_K0S_20k
DEBUG 2021-02-06 22:36:52.127 UTC: 	 Loading required information from the environment
DEBUG 2021-02-06 22:36:52.127 UTC: 	 Found CMSSW_10_4_0 for slc7_amd64_gcc700 with base /afs/cern.ch/work/m/mmyllyma/singleParticleResponse/CMSSW_10_4_0
DEBUG 2021-02-06 22:36:52.127 UTC: 	 Loading required information from the environment
DEBUG 2021-02-06 22:36:52.127 UTC: 	 Found CMSSW_10_4_0 for slc7_amd64_gcc700 with base /afs/cern.ch/work/m/mmyllyma/singleParticleResponse/CMSSW_10_4_0
DEBUG 2021-02-06 22:36:52.127 UTC: 	 UNIQUE NAME: tarUUID 0b316a51-1eb3-45b7-99a7-9bdd18797cb7 
DEBUG 2021-02-06 22:36:52.127 UTC: 	 self.config: from WMCore.Configuration import Configuration
config = Configuration()
config.section_('General')
config.General.transferOutputs = True
config.General.requestName = 'step2_K0S_20k'
config.section_('JobType')
config.JobType.psetName = 'step2_K0S_20k.py'
config.JobType.pluginName = 'Analysis'
config.JobType.outputFiles = ['step2_K0S_20k.root']
config.JobType.allowUndistributedCMSSW = True
config.JobType.maxMemoryMB = 2500
config.section_('Data')
config.Data.inputDataset = '/SingleK0S/mmyllyma-generate_K0S_20k-d8fcbbeb0874d17edc07af95cfef2f12/USER'
config.Data.outputDatasetTag = 'step2_K0S_20k'
config.Data.publishDBS = 'https://cmsweb.cern.ch/dbs/prod/phys03/DBSWriter/'
config.Data.totalUnits = 20
config.Data.unitsPerJob = 1
config.Data.inputDBS = 'phys03'
config.Data.splitting = 'FileBased'
config.Data.outLFNDirBase = '/store/user/mmyllyma/CRAB3_TransferData'
config.Data.publication = True
config.section_('Site')
config.Site.storageSite = 'T2_FI_HIP'

DEBUG 2021-02-06 22:36:52.127 UTC: 	 self.config.JobType.psetName: step2_K0S_20k.py
INFO 2021-02-06 22:36:52.127 UTC: 	 Importing CMSSW configuration step2_K0S_20k.py
INFO 2021-02-06 22:37:13.306 UTC: 	 Finished importing CMSSW configuration step2_K0S_20k.py
DEBUG 2021-02-06 22:37:13.307 UTC: 	 Writing CMSSW configuration to /afs/cern.ch/work/m/mmyllyma/singleParticleResponse/CMSSW_10_4_0/src/PFCalibration/PFChargedHadronAnalyzer/mmylly/K0S/crab_step2_K0S_20k/inputs/PSet.py
DEBUG 2021-02-06 22:37:19.312 UTC: 	 The following EDM output files will be collected: ['step2_K0S_20k.root']
DEBUG 2021-02-06 22:37:19.312 UTC: 	 The following TFile output files will be collected: []
DEBUG 2021-02-06 22:37:19.312 UTC: 	 The following user output files (not listed as PoolOuputModule or TFileService in the CMSSW PSet) will be collected: 
DEBUG 2021-02-06 22:37:19.312 UTC: 	 Loading required information from the environment
DEBUG 2021-02-06 22:37:19.312 UTC: 	 Found CMSSW_10_4_0 for slc7_amd64_gcc700 with base /afs/cern.ch/work/m/mmyllyma/singleParticleResponse/CMSSW_10_4_0
DEBUG 2021-02-06 22:37:19.312 UTC: 	 Making tarball in /afs/cern.ch/work/m/mmyllyma/singleParticleResponse/CMSSW_10_4_0/src/PFCalibration/PFChargedHadronAnalyzer/mmylly/K0S/crab_step2_K0S_20k/inputs/0b316a51-1eb3-45b7-99a7-9bdd18797cb7default.tgz
DEBUG 2021-02-06 22:37:19.314 UTC: 	 Checking directory /afs/cern.ch/work/m/mmyllyma/singleParticleResponse/CMSSW_10_4_0/lib
DEBUG 2021-02-06 22:37:19.314 UTC: 	 Adding directory /afs/cern.ch/work/m/mmyllyma/singleParticleResponse/CMSSW_10_4_0/lib to tarball
DEBUG 2021-02-06 22:37:19.461 UTC: 	 Checking directory /afs/cern.ch/work/m/mmyllyma/singleParticleResponse/CMSSW_10_4_0/biglib
DEBUG 2021-02-06 22:37:19.461 UTC: 	 Adding directory /afs/cern.ch/work/m/mmyllyma/singleParticleResponse/CMSSW_10_4_0/biglib to tarball
DEBUG 2021-02-06 22:37:19.462 UTC: 	 Checking directory /afs/cern.ch/work/m/mmyllyma/singleParticleResponse/CMSSW_10_4_0/module
DEBUG 2021-02-06 22:37:22.078 UTC: 	 Uploading archive /afs/cern.ch/work/m/mmyllyma/singleParticleResponse/CMSSW_10_4_0/src/PFCalibration/PFChargedHadronAnalyzer/mmylly/K0S/crab_step2_K0S_20k/inputs/0b316a51-1eb3-45b7-99a7-9bdd18797cb7default.tgz (1.678711.1 MB) to the CRAB cache. Using URI https://cmsweb.cern.ch:8443/crabcache
DEBUG 2021-02-06 22:37:24.081 UTC: 	 Loading required information from the environment
DEBUG 2021-02-06 22:37:24.081 UTC: 	 Found CMSSW_10_4_0 for slc7_amd64_gcc700 with base /afs/cern.ch/work/m/mmyllyma/singleParticleResponse/CMSSW_10_4_0
DEBUG 2021-02-06 22:37:24.081 UTC: 	 Making tarball in /afs/cern.ch/work/m/mmyllyma/singleParticleResponse/CMSSW_10_4_0/src/PFCalibration/PFChargedHadronAnalyzer/mmylly/K0S/crab_step2_K0S_20k/inputs/debugFiles.tgz
DEBUG 2021-02-06 22:37:24.088 UTC: 	 Uploading archive /afs/cern.ch/work/m/mmyllyma/singleParticleResponse/CMSSW_10_4_0/src/PFCalibration/PFChargedHadronAnalyzer/mmylly/K0S/crab_step2_K0S_20k/inputs/debugFiles.tgz (2 KB) to the CRAB cache. Using URI https://cmsweb.cern.ch:8443/crabcache
DEBUG 2021-02-06 22:37:24.143 UTC: 	 Result uploading input files: 8ef5d29598b6dcda15ae9bc1df810385ec0bf752e96b92c19b3c7ec2cda5b069.tar.gz 
INFO 2021-02-06 22:37:24.144 UTC: 	 Sending the request to the server at cmsweb-k8s-prod.cern.ch
DEBUG 2021-02-06 22:37:24.144 UTC: 	 Submitting {'maxjobruntime': 1250, 'extrajdl': [], 'ignorelocality': 0, 'savelogsflag': 0, 'useparent': 0, 'asyncdest': 'T2_FI_HIP', 'algoargs': 1, 'cachefilename': '8ef5d29598b6dcda15ae9bc1df810385ec0bf752e96b92c19b3c7ec2cda5b069.tar.gz', 'numcores': 1, 'addoutputfiles': [], 'generator': 'pythia', 'maxmemory': 2500, 'publishdbsurl': 'https://cmsweb.cern.ch/dbs/prod/phys03/DBSWriter', 'priority': 10, 'jobsw': 'CMSSW_10_4_0', 'edmoutfiles': ['step2_K0S_20k.root'], 'userfiles': [], 'primarydataset': '', 'inputdata': '/SingleK0S/mmyllyma-generate_K0S_20k-d8fcbbeb0874d17edc07af95cfef2f12/USER', 'lfn': '/store/user/mmyllyma/CRAB3_TransferData', 'dryrun': 0, 'workflow': 'crab_step2_K0S_20k', 'cacheurl': u'https://cmsweb.cern.ch:8443/crabcache', 'nonprodsw': 1, 'tfileoutfiles': [], 'oneEventMode': 0, 'debugfilename': 'f0c10dce73b86138ff02734d5f683b721c11716bef9f4c47ca2560fe614c67f3.tar.gz', 'saveoutput': 1, 'publication': 1, 'jobarch': 'slc7_amd64_gcc700', 'totalunits': 20, 'splitalgo': 'FileBased', 'ignoreglobalblacklist': 0, 'nonvaliddata': 0, 'dbsurl': 'https://cmsweb.cern.ch/dbs/prod/phys03/DBSReader', 'publishgroupname': 0, 'jobtype': 'Analysis', 'publishname2': 'step2_K0S_20k'} 
DEBUG 2021-02-06 22:37:24.144 UTC: 	 Encoded submit request: maxjobruntime=1250&ignorelocality=0&savelogsflag=0&useparent=0&asyncdest=T2_FI_HIP&algoargs=1&cachefilename=8ef5d29598b6dcda15ae9bc1df810385ec0bf752e96b92c19b3c7ec2cda5b069.tar.gz&numcores=1&generator=pythia&maxmemory=2500&publishdbsurl=https%3A%2F%2Fcmsweb.cern.ch%2Fdbs%2Fprod%2Fphys03%2FDBSWriter&priority=10&jobsw=CMSSW_10_4_0&primarydataset=&inputdata=%2FSingleK0S%2Fmmyllyma-generate_K0S_20k-d8fcbbeb0874d17edc07af95cfef2f12%2FUSER&lfn=%2Fstore%2Fuser%2Fmmyllyma%2FCRAB3_TransferData&dryrun=0&workflow=crab_step2_K0S_20k&cacheurl=https%3A%2F%2Fcmsweb.cern.ch%3A8443%2Fcrabcache&nonprodsw=1&oneEventMode=0&debugfilename=f0c10dce73b86138ff02734d5f683b721c11716bef9f4c47ca2560fe614c67f3.tar.gz&saveoutput=1&publication=1&jobarch=slc7_amd64_gcc700&totalunits=20&splitalgo=FileBased&ignoreglobalblacklist=0&nonvaliddata=0&dbsurl=https%3A%2F%2Fcmsweb.cern.ch%2Fdbs%2Fprod%2Fphys03%2FDBSReader&publishgroupname=0&jobtype=Analysis&publishname2=step2_K0S_20k&edmoutfiles=step2_K0S_20k.root
DEBUG 2021-02-06 22:37:24.462 UTC: 	 Result: {u'result': [{u'RequestName': u'210206_223724:mmyllyma_crab_step2_K0S_20k'}]}
INFO 2021-02-06 22:37:24.465 UTC: 	 Success: Your task has been delivered to the prod CRAB3 server.
INFO 2021-02-06 22:37:24.465 UTC: 	 Task name: 210206_223724:mmyllyma_crab_step2_K0S_20k
INFO 2021-02-06 22:37:24.465 UTC: 	 Project dir: ./crab_step2_K0S_20k
INFO 2021-02-06 22:37:24.465 UTC: 	 Please use ' crab status -d ./crab_step2_K0S_20k ' to check how the submission process proceeds.
DEBUG 2021-02-06 22:37:24.466 UTC: 	 About to return
INFO 2021-02-06 22:37:24.467 UTC: 	 Log file is /afs/cern.ch/work/m/mmyllyma/singleParticleResponse/CMSSW_10_4_0/src/PFCalibration/PFChargedHadronAnalyzer/mmylly/K0S/crab_step2_K0S_20k/crab.log
DEBUG 2021-02-06 22:38:50.256 UTC: 	 CRAB Client version: v3.201110
DEBUG 2021-02-06 22:38:50.256 UTC: 	 Running on: Linux lxplus722.cern.ch 3.10.0-1160.6.1.el7.x86_64 #1 SMP Tue Nov 17 13:59:11 UTC 2020 x86_64 x86_64 x86_64 GNU/Linux - CentOS Linux 7 (Core)
DEBUG 2021-02-06 22:38:50.256 UTC: 	 Executing command: 'status'
DEBUG 2021-02-06 22:38:50.257 UTC: 	 Found CRAB cache file /afs/cern.ch/user/m/mmyllyma/.crab3
DEBUG 2021-02-06 22:38:50.285 UTC: 	 Checking credentials
DEBUG 2021-02-06 22:38:50.285 UTC: 	 Found proxy file /tmp/x509up_u104199
DEBUG 2021-02-06 22:38:50.285 UTC: 	 Getting proxy life time left
DEBUG 2021-02-06 22:38:50.889 UTC: 	 Executing : 
 command : voms-proxy-info -file /tmp/x509up_u104199 -timeleft
 output : 42817

 error: 
 retcode : 0
DEBUG 2021-02-06 22:38:51.396 UTC: 	 Executing : 
 command : voms-proxy-info -file /tmp/x509up_u104199 -actimeleft
 output : 42816

 error: 
 retcode : 0
DEBUG 2021-02-06 22:38:51.396 UTC: 	 Proxy lifetime 42817 secs is different from voms extension lifetime 42816 secs for proxy: /tmp/x509up_u104199
DEBUG 2021-02-06 22:38:51.397 UTC: 	 Proxy valid for 11:53:36 hours
DEBUG 2021-02-06 22:38:51.507 UTC: 	 Registering user credentials for server /DC=ch/DC=cern/OU=computers/CN=vocms0105.cern.ch|/DC=ch/DC=cern/OU=computers/CN=crab-(preprod|prod|dev)-tw(02|01).cern.ch|/DC=ch/DC=cern/OU=computers/CN=(ddi|ddidk|mytw).cern.ch|/DC=ch/DC=cern/OU=computers/CN=stefanov(m|m2).cern.ch
DEBUG 2021-02-06 22:38:52.017 UTC: 	 Executing : 
 command : voms-proxy-info -file /tmp/x509up_u104199 -identity
 output : /DC=ch/DC=cern/OU=Organic Units/OU=Users/CN=mmyllyma/CN=821759/CN=Mikael Myllymaki

 error: 
 retcode : 0
DEBUG 2021-02-06 22:38:52.023 UTC: 	 Getting myproxy life time left for myproxy.cern.ch
DEBUG 2021-02-06 22:38:52.024 UTC: 	 using a3633836dd8d176e9381cc89a8c8629d52861e19 as credential login name
DEBUG 2021-02-06 22:38:52.528 UTC: 	 Executing : 
 command : myproxy-info -l a3633836dd8d176e9381cc89a8c8629d52861e19 -s myproxy.cern.ch
 output : username: a3633836dd8d176e9381cc89a8c8629d52861e19
owner: /DC=ch/DC=cern/OU=Organic Units/OU=Users/CN=mmyllyma/CN=821759/CN=Mikael Myllymaki
  renewal policy: /DC=ch/DC=cern/OU=computers/CN=vocms0105.cern.ch|/DC=ch/DC=cern/OU=computers/CN=crab-(preprod|prod|dev)-tw(02|01).cern.ch|/DC=ch/DC=cern/OU=computers/CN=(ddi|ddidk|mytw).cern.ch|/DC=ch/DC=cern/OU=computers/CN=stefanov(m|m2).cern.ch
  trusted retrieval policy: /DC=ch/DC=cern/OU=computers/CN=vocms0105.cern.ch|/DC=ch/DC=cern/OU=computers/CN=crab-(preprod|prod|dev)-tw(02|01).cern.ch|/DC=ch/DC=cern/OU=computers/CN=(ddi|ddidk|mytw).cern.ch|/DC=ch/DC=cern/OU=computers/CN=stefanov(m|m2).cern.ch
  timeleft: 615:19:25  (25.6 days)

 error: 
 retcode : 0
DEBUG 2021-02-06 22:38:52.529 UTC: 	 Myproxy is valid: 2215165
DEBUG 2021-02-06 22:38:52.529 UTC: 	 Retrieving username ...
DEBUG 2021-02-06 22:38:52.529 UTC: 	 Retrieving username from CRIC...
DEBUG 2021-02-06 22:38:53.210 UTC: 	 username is mmyllyma
DEBUG 2021-02-06 22:38:53.215 UTC: 	 Getting myproxy life time left for myproxy.cern.ch
DEBUG 2021-02-06 22:38:53.215 UTC: 	 using mmyllyma_CRAB as credential login name
DEBUG 2021-02-06 22:38:53.519 UTC: 	 Executing : 
 command : myproxy-info -l mmyllyma_CRAB -s myproxy.cern.ch
 output : username: mmyllyma_CRAB
owner: /DC=ch/DC=cern/OU=Organic Units/OU=Users/CN=mmyllyma/CN=821759/CN=Mikael Myllymaki
  renewal policy: /DC=ch/DC=cern/OU=computers/CN=vocms0105.cern.ch|/DC=ch/DC=cern/OU=computers/CN=crab-(preprod|prod|dev)-tw(02|01).cern.ch|/DC=ch/DC=cern/OU=computers/CN=(ddi|ddidk|mytw).cern.ch|/DC=ch/DC=cern/OU=computers/CN=stefanov(m|m2).cern.ch
  trusted retrieval policy: /DC=ch/DC=cern/OU=computers/CN=vocms0105.cern.ch|/DC=ch/DC=cern/OU=computers/CN=crab-(preprod|prod|dev)-tw(02|01).cern.ch|/DC=ch/DC=cern/OU=computers/CN=(ddi|ddidk|mytw).cern.ch|/DC=ch/DC=cern/OU=computers/CN=stefanov(m|m2).cern.ch
  timeleft: 615:19:32  (25.6 days)

 error: 
 retcode : 0
DEBUG 2021-02-06 22:38:53.519 UTC: 	 Myproxy is valid: 2215172
DEBUG 2021-02-06 22:38:53.519 UTC: 	 Result of myproxy credential check:
  Credential exists on myproxy: username: a3633836dd8d176e9381cc89a8c8629d52861e19  - validity: 25 days, 15:19:25
  Credential exists on myproxy: username: mmyllyma_CRAB  - validity: 25 days, 15:19:32
DEBUG 2021-02-06 22:38:53.520 UTC: 	 Command use: status
DEBUG 2021-02-06 22:38:53.520 UTC: 	 Options use: ['crab_step2_K0S_20k']
DEBUG 2021-02-06 22:38:53.628 UTC: 	 CRABClient version: v3.201110
DEBUG 2021-02-06 22:38:53.628 UTC: 	 Instance is prod
DEBUG 2021-02-06 22:38:53.628 UTC: 	 Server base url is cmsweb-k8s-prod.cern.ch
DEBUG 2021-02-06 22:38:53.628 UTC: 	 Command url /crabserver/prod/workflow
DEBUG 2021-02-06 22:38:53.692 UTC: 	 Got information from server oracle database: {u'result': [u'210206_223724:mmyllyma_crab_step2_K0S_20k', u'None', u'None', u'QUEUED', u'SUBMIT', u'2021-02-06 22:37:24.454470', u'None', u'None', u'None', u'CMSSW_10_4_0', u'slc7_amd64_gcc700', u'/SingleK0S/mmyllyma-generate_K0S_20k-d8fcbbeb0874d17edc07af95cfef2f12/USER', u'F', u'0', u'[]', u'[]', u'FileBased', u"{'splitOnRun': False, 'halt_job_on_file_boundaries': False, 'files_per_job': 1, 'runs': [], 'lumis': []}", u'8ef5d29598b6dcda15ae9bc1df810385ec0bf752e96b92c19b3c7ec2cda5b069.tar.gz', u'https://cmsweb.cern.ch:8443/crabcache', u'mmyllyma', u'/DC=ch/DC=cern/OU=Organic Units/OU=Users/CN=mmyllyma/CN=821759/CN=Mikael Myllymaki', u'cms', u'None', u'None', u'step2_K0S_20k-00000000000000000000000000000000', u'F', u'T2_FI_HIP', u'https://cmsweb.cern.ch/dbs/prod/phys03/DBSReader', u'https://cmsweb.cern.ch/dbs/prod/phys03/DBSWriter', u'T', u'[]', u'[]', u"['step2_K0S_20k.root']", u'Analysis', u'pythia', u'None', u'{}', u'[]', u'F', u'crab-prod-tw01', u'[]', u'1250', u'1', u'2500', u'10', u'None', u'[]', u'None', u'None', u'[]', u'[]', u'https://cmsweb.cern.ch/crabserver/prod', u'cmsgwms-collector-global.cern.ch:9620,cmsgwms-collector-global.fnal.gov', u'crab3@vocms0121.cern.ch', u'F', u'[]', u'T', u'/store/user/mmyllyma/CRAB3_TransferData', u'F', u'None', u'F', u'None', u'SingleK0S', u'None', u'f0c10dce73b86138ff02734d5f683b721c11716bef9f4c47ca2560fe614c67f3.tar.gz', u'None', u'filetransfers', u'F', u'188.185.120.166', u'20.0', u'None'], u'desc': {u'columns': [u'tm_taskname', u'tm_activity', u'panda_jobset_id', u'tm_task_status', u'tm_task_command', u'tm_start_time', u'tm_start_injection', u'tm_end_injection', u'tm_task_failure', u'tm_job_sw', u'tm_job_arch', u'tm_input_dataset', u'tm_nonvalid_input_dataset', u'tm_use_parent', u'tm_site_whitelist', u'tm_site_blacklist', u'tm_split_algo', u'tm_split_args', u'tm_user_sandbox', u'tm_cache_url', u'tm_username', u'tm_user_dn', u'tm_user_vo', u'tm_user_role', u'tm_user_group', u'tm_publish_name', u'tm_publish_groupname', u'tm_asyncdest', u'tm_dbs_url', u'tm_publish_dbs_url', u'tm_publication', u'tm_outfiles', u'tm_tfile_outfiles', u'tm_edm_outfiles', u'tm_job_type', u'tm_generator', u'tm_events_per_lumi', u'tm_arguments', u'panda_resubmitted_jobs', u'tm_save_logs', u'tw_name', u'tm_user_infiles', u'tm_maxjobruntime', u'tm_numcores', u'tm_maxmemory', u'tm_priority', u'tm_output_dataset', u'tm_task_warnings', u'tm_user_webdir', u'tm_scriptexe', u'tm_scriptargs', u'tm_extrajdl', u'tm_asourl', u'tm_collector', u'tm_schedd', u'tm_dry_run', u'tm_user_files', u'tm_transfer_outputs', u'tm_output_lfn', u'tm_ignore_locality', u'tm_fail_limit', u'tm_one_event_mode', u'tm_secondary_input_dataset', u'tm_primary_dataset', u'tm_last_publication', u'tm_debug_files', u'clusterid', u'tm_asodb', u'tm_ignore_global_blacklist', u'tm_submitter_ip_addr', u'tm_totalunits', u'tm_ddm_reqid']}}
INFO 2021-02-06 22:38:53.692 UTC: 	 CRAB project directory:		/afs/cern.ch/work/m/mmyllyma/singleParticleResponse/CMSSW_10_4_0/src/PFCalibration/PFChargedHadronAnalyzer/mmylly/K0S/crab_step2_K0S_20k
INFO 2021-02-06 22:38:53.692 UTC: 	 Task name:			210206_223724:mmyllyma_crab_step2_K0S_20k
INFO 2021-02-06 22:38:53.692 UTC: 	 Grid scheduler - Task Worker:	crab3@vocms0121.cern.ch - crab-prod-tw01
INFO 2021-02-06 22:38:53.692 UTC: 	 Status on the CRAB server:	QUEUED on command SUBMIT
INFO 2021-02-06 22:38:53.692 UTC: 	 Task URL to use for HELP:	https://cmsweb-k8s-prod.cern.ch/crabserver/ui/task/210206_223724%3Ammyllyma_crab_step2_K0S_20k
INFO 2021-02-06 22:38:53.696 UTC: 	 Dashboard monitoring URL:	https://monit-grafana.cern.ch/d/cmsTMDetail/cms-task-monitoring-task-view?orgId=11&var-user=mmyllyma&var-task=210206_223724%3Ammyllyma_crab_step2_K0S_20k&from=1612647444000&to=now
INFO 2021-02-06 22:38:53.696 UTC: 	 In case of issues with the dashboard, please provide feedback to hn-cms-computing-tools@cern.ch
DEBUG 2021-02-06 22:38:53.696 UTC: 	 The task has not been submitted to the Grid scheduler yet. Not printing job information.
INFO 2021-02-06 22:38:53.697 UTC: 	 Log file is /afs/cern.ch/work/m/mmyllyma/singleParticleResponse/CMSSW_10_4_0/src/PFCalibration/PFChargedHadronAnalyzer/mmylly/K0S/crab_step2_K0S_20k/crab.log
DEBUG 2021-02-06 23:29:52.047 UTC: 	 CRAB Client version: v3.201110
DEBUG 2021-02-06 23:29:52.048 UTC: 	 Running on: Linux lxplus722.cern.ch 3.10.0-1160.6.1.el7.x86_64 #1 SMP Tue Nov 17 13:59:11 UTC 2020 x86_64 x86_64 x86_64 GNU/Linux - CentOS Linux 7 (Core)
DEBUG 2021-02-06 23:29:52.048 UTC: 	 Executing command: 'status'
DEBUG 2021-02-06 23:29:52.048 UTC: 	 Found CRAB cache file /afs/cern.ch/user/m/mmyllyma/.crab3
DEBUG 2021-02-06 23:29:52.060 UTC: 	 Checking credentials
DEBUG 2021-02-06 23:29:52.061 UTC: 	 Found proxy file /tmp/x509up_u104199
DEBUG 2021-02-06 23:29:52.061 UTC: 	 Getting proxy life time left
DEBUG 2021-02-06 23:29:52.665 UTC: 	 Executing : 
 command : voms-proxy-info -file /tmp/x509up_u104199 -timeleft
 output : 39755

 error: 
 retcode : 0
DEBUG 2021-02-06 23:29:53.169 UTC: 	 Executing : 
 command : voms-proxy-info -file /tmp/x509up_u104199 -actimeleft
 output : 39754

 error: 
 retcode : 0
DEBUG 2021-02-06 23:29:53.170 UTC: 	 Proxy lifetime 39755 secs is different from voms extension lifetime 39754 secs for proxy: /tmp/x509up_u104199
DEBUG 2021-02-06 23:29:53.170 UTC: 	 Proxy valid for 11:02:34 hours
DEBUG 2021-02-06 23:29:53.246 UTC: 	 Registering user credentials for server /DC=ch/DC=cern/OU=computers/CN=vocms0105.cern.ch|/DC=ch/DC=cern/OU=computers/CN=crab-(preprod|prod|dev)-tw(02|01).cern.ch|/DC=ch/DC=cern/OU=computers/CN=(ddi|ddidk|mytw).cern.ch|/DC=ch/DC=cern/OU=computers/CN=stefanov(m|m2).cern.ch
DEBUG 2021-02-06 23:29:53.757 UTC: 	 Executing : 
 command : voms-proxy-info -file /tmp/x509up_u104199 -identity
 output : /DC=ch/DC=cern/OU=Organic Units/OU=Users/CN=mmyllyma/CN=821759/CN=Mikael Myllymaki

 error: 
 retcode : 0
DEBUG 2021-02-06 23:29:53.764 UTC: 	 Getting myproxy life time left for myproxy.cern.ch
DEBUG 2021-02-06 23:29:53.764 UTC: 	 using a3633836dd8d176e9381cc89a8c8629d52861e19 as credential login name
DEBUG 2021-02-06 23:29:54.168 UTC: 	 Executing : 
 command : myproxy-info -l a3633836dd8d176e9381cc89a8c8629d52861e19 -s myproxy.cern.ch
 output : username: a3633836dd8d176e9381cc89a8c8629d52861e19
owner: /DC=ch/DC=cern/OU=Organic Units/OU=Users/CN=mmyllyma/CN=821759/CN=Mikael Myllymaki
  renewal policy: /DC=ch/DC=cern/OU=computers/CN=vocms0105.cern.ch|/DC=ch/DC=cern/OU=computers/CN=crab-(preprod|prod|dev)-tw(02|01).cern.ch|/DC=ch/DC=cern/OU=computers/CN=(ddi|ddidk|mytw).cern.ch|/DC=ch/DC=cern/OU=computers/CN=stefanov(m|m2).cern.ch
  trusted retrieval policy: /DC=ch/DC=cern/OU=computers/CN=vocms0105.cern.ch|/DC=ch/DC=cern/OU=computers/CN=crab-(preprod|prod|dev)-tw(02|01).cern.ch|/DC=ch/DC=cern/OU=computers/CN=(ddi|ddidk|mytw).cern.ch|/DC=ch/DC=cern/OU=computers/CN=stefanov(m|m2).cern.ch
  timeleft: 614:28:23  (25.6 days)

 error: 
 retcode : 0
DEBUG 2021-02-06 23:29:54.169 UTC: 	 Myproxy is valid: 2212103
DEBUG 2021-02-06 23:29:54.169 UTC: 	 Retrieving username ...
DEBUG 2021-02-06 23:29:54.169 UTC: 	 Retrieving username from CRIC...
DEBUG 2021-02-06 23:29:54.925 UTC: 	 username is mmyllyma
DEBUG 2021-02-06 23:29:54.931 UTC: 	 Getting myproxy life time left for myproxy.cern.ch
DEBUG 2021-02-06 23:29:54.931 UTC: 	 using mmyllyma_CRAB as credential login name
DEBUG 2021-02-06 23:29:55.336 UTC: 	 Executing : 
 command : myproxy-info -l mmyllyma_CRAB -s myproxy.cern.ch
 output : username: mmyllyma_CRAB
owner: /DC=ch/DC=cern/OU=Organic Units/OU=Users/CN=mmyllyma/CN=821759/CN=Mikael Myllymaki
  renewal policy: /DC=ch/DC=cern/OU=computers/CN=vocms0105.cern.ch|/DC=ch/DC=cern/OU=computers/CN=crab-(preprod|prod|dev)-tw(02|01).cern.ch|/DC=ch/DC=cern/OU=computers/CN=(ddi|ddidk|mytw).cern.ch|/DC=ch/DC=cern/OU=computers/CN=stefanov(m|m2).cern.ch
  trusted retrieval policy: /DC=ch/DC=cern/OU=computers/CN=vocms0105.cern.ch|/DC=ch/DC=cern/OU=computers/CN=crab-(preprod|prod|dev)-tw(02|01).cern.ch|/DC=ch/DC=cern/OU=computers/CN=(ddi|ddidk|mytw).cern.ch|/DC=ch/DC=cern/OU=computers/CN=stefanov(m|m2).cern.ch
  timeleft: 614:28:30  (25.6 days)

 error: 
 retcode : 0
DEBUG 2021-02-06 23:29:55.336 UTC: 	 Myproxy is valid: 2212110
DEBUG 2021-02-06 23:29:55.336 UTC: 	 Result of myproxy credential check:
  Credential exists on myproxy: username: a3633836dd8d176e9381cc89a8c8629d52861e19  - validity: 25 days, 14:28:23
  Credential exists on myproxy: username: mmyllyma_CRAB  - validity: 25 days, 14:28:30
DEBUG 2021-02-06 23:29:55.337 UTC: 	 Command use: status
DEBUG 2021-02-06 23:29:55.337 UTC: 	 Options use: ['crab_step2_K0S_20k']
DEBUG 2021-02-06 23:29:55.442 UTC: 	 CRABClient version: v3.201110
DEBUG 2021-02-06 23:29:55.442 UTC: 	 Instance is prod
DEBUG 2021-02-06 23:29:55.442 UTC: 	 Server base url is cmsweb-k8s-prod.cern.ch
DEBUG 2021-02-06 23:29:55.442 UTC: 	 Command url /crabserver/prod/workflow
DEBUG 2021-02-06 23:29:55.554 UTC: 	 Got information from server oracle database: {u'result': [u'210206_223724:mmyllyma_crab_step2_K0S_20k', u'None', u'None', u'SUBMITTED', u'SUBMIT', u'2021-02-06 22:37:24.454470', u'None', u'2021-02-06 22:38:54.460563', u'None', u'CMSSW_10_4_0', u'slc7_amd64_gcc700', u'/SingleK0S/mmyllyma-generate_K0S_20k-d8fcbbeb0874d17edc07af95cfef2f12/USER', u'F', u'0', u'[]', u'[]', u'FileBased', u"{'splitOnRun': False, 'halt_job_on_file_boundaries': False, 'files_per_job': 1, 'runs': [], 'lumis': []}", u'8ef5d29598b6dcda15ae9bc1df810385ec0bf752e96b92c19b3c7ec2cda5b069.tar.gz', u'https://cmsweb.cern.ch:8443/crabcache', u'mmyllyma', u'/DC=ch/DC=cern/OU=Organic Units/OU=Users/CN=mmyllyma/CN=821759/CN=Mikael Myllymaki', u'cms', u'None', u'None', u'step2_K0S_20k-00000000000000000000000000000000', u'F', u'T2_FI_HIP', u'https://cmsweb.cern.ch/dbs/prod/phys03/DBSReader', u'https://cmsweb.cern.ch/dbs/prod/phys03/DBSWriter', u'T', u'[]', u'[]', u"['step2_K0S_20k.root']", u'Analysis', u'pythia', u'None', u'{}', u'[]', u'F', u'crab-prod-tw01', u'[]', u'1250', u'1', u'2500', u'10', u"['/SingleK0S/mmyllyma-step2_K0S_20k-429973859737a67eb10c1a53af2256fc/USER']", u'[]', u'http://vocms0121.cern.ch/mon/cms1254/210206_223724:mmyllyma_crab_step2_K0S_20k', u'None', u'[]', u'[]', u'https://cmsweb.cern.ch/crabserver/prod', u'cmsgwms-collector-global.cern.ch:9620,cmsgwms-collector-global.fnal.gov', u'crab3@vocms0121.cern.ch', u'F', u'[]', u'T', u'/store/user/mmyllyma/CRAB3_TransferData', u'F', u'None', u'F', u'None', u'SingleK0S', u'None', u'f0c10dce73b86138ff02734d5f683b721c11716bef9f4c47ca2560fe614c67f3.tar.gz', u'63425717', u'filetransfers', u'F', u'188.185.120.166', u'20.0', u'None'], u'desc': {u'columns': [u'tm_taskname', u'tm_activity', u'panda_jobset_id', u'tm_task_status', u'tm_task_command', u'tm_start_time', u'tm_start_injection', u'tm_end_injection', u'tm_task_failure', u'tm_job_sw', u'tm_job_arch', u'tm_input_dataset', u'tm_nonvalid_input_dataset', u'tm_use_parent', u'tm_site_whitelist', u'tm_site_blacklist', u'tm_split_algo', u'tm_split_args', u'tm_user_sandbox', u'tm_cache_url', u'tm_username', u'tm_user_dn', u'tm_user_vo', u'tm_user_role', u'tm_user_group', u'tm_publish_name', u'tm_publish_groupname', u'tm_asyncdest', u'tm_dbs_url', u'tm_publish_dbs_url', u'tm_publication', u'tm_outfiles', u'tm_tfile_outfiles', u'tm_edm_outfiles', u'tm_job_type', u'tm_generator', u'tm_events_per_lumi', u'tm_arguments', u'panda_resubmitted_jobs', u'tm_save_logs', u'tw_name', u'tm_user_infiles', u'tm_maxjobruntime', u'tm_numcores', u'tm_maxmemory', u'tm_priority', u'tm_output_dataset', u'tm_task_warnings', u'tm_user_webdir', u'tm_scriptexe', u'tm_scriptargs', u'tm_extrajdl', u'tm_asourl', u'tm_collector', u'tm_schedd', u'tm_dry_run', u'tm_user_files', u'tm_transfer_outputs', u'tm_output_lfn', u'tm_ignore_locality', u'tm_fail_limit', u'tm_one_event_mode', u'tm_secondary_input_dataset', u'tm_primary_dataset', u'tm_last_publication', u'tm_debug_files', u'clusterid', u'tm_asodb', u'tm_ignore_global_blacklist', u'tm_submitter_ip_addr', u'tm_totalunits', u'tm_ddm_reqid']}}
INFO 2021-02-06 23:29:55.554 UTC: 	 CRAB project directory:		/afs/cern.ch/work/m/mmyllyma/singleParticleResponse/CMSSW_10_4_0/src/PFCalibration/PFChargedHadronAnalyzer/mmylly/K0S/crab_step2_K0S_20k
INFO 2021-02-06 23:29:55.554 UTC: 	 Task name:			210206_223724:mmyllyma_crab_step2_K0S_20k
INFO 2021-02-06 23:29:55.554 UTC: 	 Grid scheduler - Task Worker:	crab3@vocms0121.cern.ch - crab-prod-tw01
INFO 2021-02-06 23:29:55.554 UTC: 	 Status on the CRAB server:	SUBMITTED
INFO 2021-02-06 23:29:55.554 UTC: 	 Task URL to use for HELP:	https://cmsweb-k8s-prod.cern.ch/crabserver/ui/task/210206_223724%3Ammyllyma_crab_step2_K0S_20k
INFO 2021-02-06 23:29:55.558 UTC: 	 Dashboard monitoring URL:	https://monit-grafana.cern.ch/d/cmsTMDetail/cms-task-monitoring-task-view?orgId=11&var-user=mmyllyma&var-task=210206_223724%3Ammyllyma_crab_step2_K0S_20k&from=1612647444000&to=now
INFO 2021-02-06 23:29:55.558 UTC: 	 In case of issues with the dashboard, please provide feedback to hn-cms-computing-tools@cern.ch
DEBUG 2021-02-06 23:29:55.558 UTC: 	 The CRAB server submitted your task to the Grid scheduler (cluster ID: 63425717)
DEBUG 2021-02-06 23:29:55.558 UTC: 	 Webdir is located at http://vocms0121.cern.ch/mon/cms1254/210206_223724:mmyllyma_crab_step2_K0S_20k
DEBUG 2021-02-06 23:29:55.721 UTC: 	 Proxied webdir is located at https://cmsweb.cern.ch:8443/scheddmon/0121/cms1254/210206_223724:mmyllyma_crab_step2_K0S_20k
DEBUG 2021-02-06 23:29:55.721 UTC: 	 Retrieving 'status_cache' file from https://cmsweb.cern.ch:8443/scheddmon/0121/cms1254/210206_223724:mmyllyma_crab_step2_K0S_20k/status_cache
DEBUG 2021-02-06 23:29:55.757 UTC: 	 Got information from status cache file: {'11': {'Retries': 0, 'WallDurations': [9.0, 12.221993923187256, 2020.0], 'StartTimes': [1612651500.0], 'SubmitTimes': [1612651160.0], 'JobIds': ['63425730.0'], 'EndTimes': [1612653520.0], 'Restarts': 0, 'RecordedSite': True, 'State': 'finished', 'ResidentSetSize': [2513172], 'TotalUserCpuTimeHistory': [1781], 'SiteHistory': ['Unknown', 'T2_FI_HIP', 'T2_FI_HIP'], 'TotalSysCpuTimeHistory': [28]}, '10': {'Retries': 0, 'WallDurations': [8.0, 12.221993923187256, 1977.0], 'StartTimes': [1612651500.0], 'SubmitTimes': [1612651159.0], 'JobIds': ['63425722.0'], 'EndTimes': [1612653477.0], 'Restarts': 0, 'RecordedSite': True, 'State': 'finished', 'ResidentSetSize': [2490416], 'TotalUserCpuTimeHistory': [1740], 'SiteHistory': ['Unknown', 'T2_FI_HIP', 'T2_FI_HIP'], 'TotalSysCpuTimeHistory': [25]}, '13': {'Retries': 0, 'WallDurations': [9.0, 13.221993923187256, 2014.0], 'StartTimes': [1612651499.0], 'SubmitTimes': [1612651160.0], 'JobIds': ['63425731.0'], 'EndTimes': [1612653513.0], 'Restarts': 0, 'RecordedSite': True, 'State': 'finished', 'ResidentSetSize': [2525964], 'TotalUserCpuTimeHistory': [1755], 'SiteHistory': ['Unknown', 'T2_FI_HIP', 'T2_FI_HIP'], 'TotalSysCpuTimeHistory': [25]}, '12': {'Retries': 0, 'WallDurations': [9.0, 13.221993923187256, 2005.0], 'StartTimes': [1612651499.0], 'SubmitTimes': [1612651160.0], 'JobIds': ['63425726.0'], 'EndTimes': [1612653504.0], 'Restarts': 0, 'RecordedSite': True, 'State': 'finished', 'ResidentSetSize': [2455588], 'TotalUserCpuTimeHistory': [1754], 'SiteHistory': ['Unknown', 'T2_FI_HIP', 'T2_FI_HIP'], 'TotalSysCpuTimeHistory': [27]}, '15': {'Retries': 0, 'WallDurations': [9.0, 14.221993923187256, 2002.0], 'StartTimes': [1612651498.0], 'SubmitTimes': [1612651161.0], 'JobIds': ['63425732.0'], 'EndTimes': [1612653500.0], 'Restarts': 0, 'RecordedSite': True, 'State': 'finished', 'ResidentSetSize': [2482368], 'TotalUserCpuTimeHistory': [1726], 'SiteHistory': ['Unknown', 'T2_FI_HIP', 'T2_FI_HIP'], 'TotalSysCpuTimeHistory': [26]}, '14': {'Retries': 0, 'WallDurations': [9.0, 13.221993923187256, 2053.0], 'StartTimes': [1612651499.0], 'SubmitTimes': [1612651161.0], 'JobIds': ['63425733.0'], 'EndTimes': [1612653552.0], 'Restarts': 0, 'RecordedSite': True, 'State': 'finished', 'ResidentSetSize': [2491708], 'TotalUserCpuTimeHistory': [1832], 'SiteHistory': ['Unknown', 'T2_FI_HIP', 'T2_FI_HIP'], 'TotalSysCpuTimeHistory': [30]}, '17': {'Retries': 0, 'WallDurations': [8.0, 11.221993923187256, 1992.0], 'StartTimes': [1612651501.0], 'SubmitTimes': [1612651170.0], 'JobIds': ['63425738.0'], 'EndTimes': [1612653493.0], 'Restarts': 0, 'RecordedSite': True, 'State': 'finished', 'ResidentSetSize': [2502068], 'TotalUserCpuTimeHistory': [1743], 'SiteHistory': ['Unknown', 'T2_FI_HIP', 'T2_FI_HIP'], 'TotalSysCpuTimeHistory': [27]}, '16': {'Retries': 0, 'WallDurations': [9.0, 13.221993923187256, 1980.0], 'StartTimes': [1612651499.0], 'SubmitTimes': [1612651161.0], 'JobIds': ['63425734.0'], 'EndTimes': [1612653479.0], 'Restarts': 0, 'RecordedSite': True, 'State': 'finished', 'ResidentSetSize': [2465504], 'TotalUserCpuTimeHistory': [1738], 'SiteHistory': ['Unknown', 'T2_FI_HIP', 'T2_FI_HIP'], 'TotalSysCpuTimeHistory': [23]}, '19': {'Retries': 0, 'WallDurations': [8.0, 10.221993923187256, 1985.0], 'StartTimes': [1612651502.0], 'SubmitTimes': [1612651169.0], 'JobIds': ['63425737.0'], 'EndTimes': [1612653487.0], 'Restarts': 0, 'RecordedSite': True, 'State': 'finished', 'ResidentSetSize': [2490200], 'TotalUserCpuTimeHistory': [1751], 'SiteHistory': ['Unknown', 'T2_FI_HIP', 'T2_FI_HIP'], 'TotalSysCpuTimeHistory': [25]}, '18': {'Retries': 0, 'WallDurations': [9.0, 13.221993923187256, 2153.0], 'StartTimes': [1612651499.0], 'SubmitTimes': [1612651162.0], 'JobIds': ['63425735.0'], 'EndTimes': [1612653652.0], 'Restarts': 0, 'RecordedSite': True, 'State': 'finished', 'ResidentSetSize': [2477716], 'TotalUserCpuTimeHistory': [1945], 'SiteHistory': ['Unknown', 'T2_FI_HIP', 'T2_FI_HIP'], 'TotalSysCpuTimeHistory': [28]}, '1': {'Retries': 0, 'WallDurations': [9.0, 12.221993923187256, 2011.0], 'StartTimes': [1612651500.0], 'SubmitTimes': [1612651151.0], 'JobIds': ['63425719.0'], 'EndTimes': [1612653511.0], 'Restarts': 0, 'RecordedSite': True, 'State': 'finished', 'ResidentSetSize': [2511492], 'TotalUserCpuTimeHistory': [1735], 'SiteHistory': ['Unknown', 'T2_FI_HIP', 'T2_FI_HIP'], 'TotalSysCpuTimeHistory': [23]}, '3': {'Retries': 0, 'WallDurations': [9.0, 54.37195706367493, 1932.0], 'StartTimes': [1612651758.0], 'SubmitTimes': [1612651160.0], 'JobIds': ['63425729.0'], 'EndTimes': [1612653690.0], 'Restarts': 0, 'RecordedSite': True, 'State': 'finished', 'ResidentSetSize': [2525436], 'TotalUserCpuTimeHistory': [1772], 'SiteHistory': ['Unknown', 'T2_FI_HIP', 'T2_FI_HIP'], 'TotalSysCpuTimeHistory': [37]}, '2': {'Retries': 0, 'WallDurations': [8.0, 11.221993923187256, 2019.0], 'StartTimes': [1612651501.0], 'SubmitTimes': [1612651152.0], 'JobIds': ['63425720.0'], 'EndTimes': [1612653520.0], 'Restarts': 0, 'RecordedSite': True, 'State': 'finished', 'ResidentSetSize': [2474120], 'TotalUserCpuTimeHistory': [1794], 'SiteHistory': ['Unknown', 'T2_FI_HIP', 'T2_FI_HIP'], 'TotalSysCpuTimeHistory': [28]}, '5': {'Retries': 0, 'WallDurations': [8.0, 10.221993923187256, 2125.0], 'StartTimes': [1612651502.0], 'SubmitTimes': [1612651159.0], 'JobIds': ['63425723.0'], 'EndTimes': [1612653627.0], 'Restarts': 0, 'RecordedSite': True, 'State': 'finished', 'ResidentSetSize': [2477652], 'TotalUserCpuTimeHistory': [1926], 'SiteHistory': ['Unknown', 'T2_FI_HIP', 'T2_FI_HIP'], 'TotalSysCpuTimeHistory': [28]}, '4': {'Retries': 0, 'WallDurations': [9.0, 11.221993923187256, 2121.0], 'StartTimes': [1612651501.0], 'SubmitTimes': [1612651159.0], 'JobIds': ['63425721.0'], 'EndTimes': [1612653622.0], 'Restarts': 0, 'RecordedSite': True, 'State': 'finished', 'ResidentSetSize': [2465968], 'TotalUserCpuTimeHistory': [1910], 'SiteHistory': ['Unknown', 'T2_FI_HIP', 'T2_FI_HIP'], 'TotalSysCpuTimeHistory': [28]}, '7': {'Retries': 0, 'WallDurations': [9.0, 13.221993923187256, 1915.0], 'StartTimes': [1612651499.0], 'SubmitTimes': [1612651160.0], 'JobIds': ['63425727.0'], 'EndTimes': [1612653414.0], 'Restarts': 0, 'RecordedSite': True, 'State': 'finished', 'ResidentSetSize': [2498768], 'TotalUserCpuTimeHistory': [1709], 'SiteHistory': ['Unknown', 'T2_FI_HIP', 'T2_FI_HIP'], 'TotalSysCpuTimeHistory': [25]}, '6': {'Retries': 0, 'WallDurations': [9.0, 12.221993923187256, 2113.0], 'StartTimes': [1612651500.0], 'SubmitTimes': [1612651159.0], 'JobIds': ['63425725.0'], 'EndTimes': [], 'Restarts': 0, 'RecordedSite': True, 'State': 'running', 'ResidentSetSize': [2404268], 'TotalUserCpuTimeHistory': [1972.0], 'SiteHistory': ['Unknown', 'T2_FI_HIP', 'T2_FI_HIP'], 'TotalSysCpuTimeHistory': [31.0]}, '9': {'Retries': 0, 'WallDurations': [9.0, 13.221993923187256, 2018.0], 'StartTimes': [1612651499.0], 'SubmitTimes': [1612651160.0], 'JobIds': ['63425728.0'], 'EndTimes': [1612653517.0], 'Restarts': 0, 'RecordedSite': True, 'State': 'finished', 'ResidentSetSize': [2517084], 'TotalUserCpuTimeHistory': [1765], 'SiteHistory': ['Unknown', 'T2_FI_HIP', 'T2_FI_HIP'], 'TotalSysCpuTimeHistory': [27]}, '20': {'Retries': 0, 'WallDurations': [8.0, 12.221993923187256, 2104.0], 'StartTimes': [1612651500.0], 'SubmitTimes': [1612651163.0], 'JobIds': ['63425736.0'], 'EndTimes': [1612653604.0], 'Restarts': 0, 'RecordedSite': True, 'State': 'finished', 'ResidentSetSize': [2475928], 'TotalUserCpuTimeHistory': [1895], 'SiteHistory': ['Unknown', 'T2_FI_HIP', 'T2_FI_HIP'], 'TotalSysCpuTimeHistory': [27]}, '8': {'Retries': 0, 'WallDurations': [9.0, 12.221993923187256, 2009.0], 'StartTimes': [1612651500.0], 'SubmitTimes': [1612651159.0], 'JobIds': ['63425724.0'], 'EndTimes': [1612653509.0], 'Restarts': 0, 'RecordedSite': True, 'State': 'finished', 'ResidentSetSize': [2510920], 'TotalUserCpuTimeHistory': [1754], 'SiteHistory': ['Unknown', 'T2_FI_HIP', 'T2_FI_HIP'], 'TotalSysCpuTimeHistory': [26]}}
INFO 2021-02-06 23:29:55.757 UTC: 	 Status on the scheduler:	SUBMITTED
INFO 2021-02-06 23:29:55.757 UTC: 	 
Jobs status:                    finished     		 95.0% (19/20)
INFO 2021-02-06 23:29:55.758 UTC: 	 				running      		  5.0% ( 1/20)
INFO 2021-02-06 23:29:55.864 UTC: 	 
Publication status of 1 dataset(s):	new          		 95.0% (19/20)
(from CRAB internal bookkeeping in transferdb)
					unsubmitted  		  5.0% ( 1/20)
INFO 2021-02-06 23:29:55.864 UTC: 	 
Output dataset:			/SingleK0S/mmyllyma-step2_K0S_20k-429973859737a67eb10c1a53af2256fc/USER
Output dataset DAS URL:		https://cmsweb.cern.ch/das/request?input=%2FSingleK0S%2Fmmyllyma-step2_K0S_20k-429973859737a67eb10c1a53af2256fc%2FUSER&instance=prod%2Fphys03
INFO 2021-02-06 23:29:55.865 UTC: 	 
Warning: the max jobs runtime is less than 30% of the task requested value (1250 min), please consider to request a lower value for failed jobs (allowed through crab resubmit) and/or improve the jobs splitting (e.g. config.Data.splitting = 'Automatic') in a new task.
INFO 2021-02-06 23:29:55.865 UTC: 	 
Summary of run jobs:
 * Memory: 2417MB min, 2466MB max, 2434MB ave
 * Runtime: 0:31:55 min, 0:35:53 max, 0:33:42 ave
 * CPU eff: 87% min, 94% max, 90% ave
 * Waste: 0:07:21 (1% of total)

INFO 2021-02-06 23:29:55.867 UTC: 	 Log file is /afs/cern.ch/work/m/mmyllyma/singleParticleResponse/CMSSW_10_4_0/src/PFCalibration/PFChargedHadronAnalyzer/mmylly/K0S/crab_step2_K0S_20k/crab.log
DEBUG 2021-02-06 23:48:59.667 UTC: 	 CRAB Client version: v3.201110
DEBUG 2021-02-06 23:48:59.667 UTC: 	 Running on: Linux lxplus722.cern.ch 3.10.0-1160.6.1.el7.x86_64 #1 SMP Tue Nov 17 13:59:11 UTC 2020 x86_64 x86_64 x86_64 GNU/Linux - CentOS Linux 7 (Core)
DEBUG 2021-02-06 23:48:59.667 UTC: 	 Executing command: 'status'
DEBUG 2021-02-06 23:48:59.667 UTC: 	 Found CRAB cache file /afs/cern.ch/user/m/mmyllyma/.crab3
DEBUG 2021-02-06 23:48:59.681 UTC: 	 Checking credentials
DEBUG 2021-02-06 23:48:59.682 UTC: 	 Found proxy file /tmp/x509up_u104199
DEBUG 2021-02-06 23:48:59.682 UTC: 	 Getting proxy life time left
DEBUG 2021-02-06 23:49:00.286 UTC: 	 Executing : 
 command : voms-proxy-info -file /tmp/x509up_u104199 -timeleft
 output : 38607

 error: 
 retcode : 0
DEBUG 2021-02-06 23:49:00.892 UTC: 	 Executing : 
 command : voms-proxy-info -file /tmp/x509up_u104199 -actimeleft
 output : 38607

 error: 
 retcode : 0
DEBUG 2021-02-06 23:49:00.892 UTC: 	 Proxy valid for 10:43:27 hours
DEBUG 2021-02-06 23:49:00.952 UTC: 	 Registering user credentials for server /DC=ch/DC=cern/OU=computers/CN=vocms0105.cern.ch|/DC=ch/DC=cern/OU=computers/CN=crab-(preprod|prod|dev)-tw(02|01).cern.ch|/DC=ch/DC=cern/OU=computers/CN=(ddi|ddidk|mytw).cern.ch|/DC=ch/DC=cern/OU=computers/CN=stefanov(m|m2).cern.ch
DEBUG 2021-02-06 23:49:01.465 UTC: 	 Executing : 
 command : voms-proxy-info -file /tmp/x509up_u104199 -identity
 output : /DC=ch/DC=cern/OU=Organic Units/OU=Users/CN=mmyllyma/CN=821759/CN=Mikael Myllymaki

 error: 
 retcode : 0
DEBUG 2021-02-06 23:49:01.473 UTC: 	 Getting myproxy life time left for myproxy.cern.ch
DEBUG 2021-02-06 23:49:01.473 UTC: 	 using a3633836dd8d176e9381cc89a8c8629d52861e19 as credential login name
DEBUG 2021-02-06 23:49:01.877 UTC: 	 Executing : 
 command : myproxy-info -l a3633836dd8d176e9381cc89a8c8629d52861e19 -s myproxy.cern.ch
 output : username: a3633836dd8d176e9381cc89a8c8629d52861e19
owner: /DC=ch/DC=cern/OU=Organic Units/OU=Users/CN=mmyllyma/CN=821759/CN=Mikael Myllymaki
  renewal policy: /DC=ch/DC=cern/OU=computers/CN=vocms0105.cern.ch|/DC=ch/DC=cern/OU=computers/CN=crab-(preprod|prod|dev)-tw(02|01).cern.ch|/DC=ch/DC=cern/OU=computers/CN=(ddi|ddidk|mytw).cern.ch|/DC=ch/DC=cern/OU=computers/CN=stefanov(m|m2).cern.ch
  trusted retrieval policy: /DC=ch/DC=cern/OU=computers/CN=vocms0105.cern.ch|/DC=ch/DC=cern/OU=computers/CN=crab-(preprod|prod|dev)-tw(02|01).cern.ch|/DC=ch/DC=cern/OU=computers/CN=(ddi|ddidk|mytw).cern.ch|/DC=ch/DC=cern/OU=computers/CN=stefanov(m|m2).cern.ch
  timeleft: 614:09:16  (25.6 days)

 error: 
 retcode : 0
DEBUG 2021-02-06 23:49:01.878 UTC: 	 Myproxy is valid: 2210956
DEBUG 2021-02-06 23:49:01.878 UTC: 	 Retrieving username ...
DEBUG 2021-02-06 23:49:01.878 UTC: 	 Retrieving username from CRIC...
DEBUG 2021-02-06 23:49:02.621 UTC: 	 username is mmyllyma
DEBUG 2021-02-06 23:49:02.628 UTC: 	 Getting myproxy life time left for myproxy.cern.ch
DEBUG 2021-02-06 23:49:02.628 UTC: 	 using mmyllyma_CRAB as credential login name
DEBUG 2021-02-06 23:49:02.934 UTC: 	 Executing : 
 command : myproxy-info -l mmyllyma_CRAB -s myproxy.cern.ch
 output : username: mmyllyma_CRAB
owner: /DC=ch/DC=cern/OU=Organic Units/OU=Users/CN=mmyllyma/CN=821759/CN=Mikael Myllymaki
  renewal policy: /DC=ch/DC=cern/OU=computers/CN=vocms0105.cern.ch|/DC=ch/DC=cern/OU=computers/CN=crab-(preprod|prod|dev)-tw(02|01).cern.ch|/DC=ch/DC=cern/OU=computers/CN=(ddi|ddidk|mytw).cern.ch|/DC=ch/DC=cern/OU=computers/CN=stefanov(m|m2).cern.ch
  trusted retrieval policy: /DC=ch/DC=cern/OU=computers/CN=vocms0105.cern.ch|/DC=ch/DC=cern/OU=computers/CN=crab-(preprod|prod|dev)-tw(02|01).cern.ch|/DC=ch/DC=cern/OU=computers/CN=(ddi|ddidk|mytw).cern.ch|/DC=ch/DC=cern/OU=computers/CN=stefanov(m|m2).cern.ch
  timeleft: 614:09:23  (25.6 days)

 error: 
 retcode : 0
DEBUG 2021-02-06 23:49:02.934 UTC: 	 Myproxy is valid: 2210963
DEBUG 2021-02-06 23:49:02.935 UTC: 	 Result of myproxy credential check:
  Credential exists on myproxy: username: a3633836dd8d176e9381cc89a8c8629d52861e19  - validity: 25 days, 14:09:16
  Credential exists on myproxy: username: mmyllyma_CRAB  - validity: 25 days, 14:09:23
DEBUG 2021-02-06 23:49:02.935 UTC: 	 Command use: status
DEBUG 2021-02-06 23:49:02.935 UTC: 	 Options use: ['crab_step2_K0S_20k']
DEBUG 2021-02-06 23:49:03.007 UTC: 	 CRABClient version: v3.201110
DEBUG 2021-02-06 23:49:03.008 UTC: 	 Instance is prod
DEBUG 2021-02-06 23:49:03.008 UTC: 	 Server base url is cmsweb-k8s-prod.cern.ch
DEBUG 2021-02-06 23:49:03.008 UTC: 	 Command url /crabserver/prod/workflow
DEBUG 2021-02-06 23:49:03.109 UTC: 	 Got information from server oracle database: {u'result': [u'210206_223724:mmyllyma_crab_step2_K0S_20k', u'None', u'None', u'SUBMITTED', u'SUBMIT', u'2021-02-06 22:37:24.454470', u'None', u'2021-02-06 22:38:54.460563', u'None', u'CMSSW_10_4_0', u'slc7_amd64_gcc700', u'/SingleK0S/mmyllyma-generate_K0S_20k-d8fcbbeb0874d17edc07af95cfef2f12/USER', u'F', u'0', u'[]', u'[]', u'FileBased', u"{'splitOnRun': False, 'halt_job_on_file_boundaries': False, 'files_per_job': 1, 'runs': [], 'lumis': []}", u'8ef5d29598b6dcda15ae9bc1df810385ec0bf752e96b92c19b3c7ec2cda5b069.tar.gz', u'https://cmsweb.cern.ch:8443/crabcache', u'mmyllyma', u'/DC=ch/DC=cern/OU=Organic Units/OU=Users/CN=mmyllyma/CN=821759/CN=Mikael Myllymaki', u'cms', u'None', u'None', u'step2_K0S_20k-00000000000000000000000000000000', u'F', u'T2_FI_HIP', u'https://cmsweb.cern.ch/dbs/prod/phys03/DBSReader', u'https://cmsweb.cern.ch/dbs/prod/phys03/DBSWriter', u'T', u'[]', u'[]', u"['step2_K0S_20k.root']", u'Analysis', u'pythia', u'None', u'{}', u'[]', u'F', u'crab-prod-tw01', u'[]', u'1250', u'1', u'2500', u'10', u"['/SingleK0S/mmyllyma-step2_K0S_20k-429973859737a67eb10c1a53af2256fc/USER']", u'[]', u'http://vocms0121.cern.ch/mon/cms1254/210206_223724:mmyllyma_crab_step2_K0S_20k', u'None', u'[]', u'[]', u'https://cmsweb.cern.ch/crabserver/prod', u'cmsgwms-collector-global.cern.ch:9620,cmsgwms-collector-global.fnal.gov', u'crab3@vocms0121.cern.ch', u'F', u'[]', u'T', u'/store/user/mmyllyma/CRAB3_TransferData', u'F', u'None', u'F', u'None', u'SingleK0S', u'2021-02-06 23:45:58.220982', u'f0c10dce73b86138ff02734d5f683b721c11716bef9f4c47ca2560fe614c67f3.tar.gz', u'63425717', u'filetransfers', u'F', u'188.185.120.166', u'20.0', u'None'], u'desc': {u'columns': [u'tm_taskname', u'tm_activity', u'panda_jobset_id', u'tm_task_status', u'tm_task_command', u'tm_start_time', u'tm_start_injection', u'tm_end_injection', u'tm_task_failure', u'tm_job_sw', u'tm_job_arch', u'tm_input_dataset', u'tm_nonvalid_input_dataset', u'tm_use_parent', u'tm_site_whitelist', u'tm_site_blacklist', u'tm_split_algo', u'tm_split_args', u'tm_user_sandbox', u'tm_cache_url', u'tm_username', u'tm_user_dn', u'tm_user_vo', u'tm_user_role', u'tm_user_group', u'tm_publish_name', u'tm_publish_groupname', u'tm_asyncdest', u'tm_dbs_url', u'tm_publish_dbs_url', u'tm_publication', u'tm_outfiles', u'tm_tfile_outfiles', u'tm_edm_outfiles', u'tm_job_type', u'tm_generator', u'tm_events_per_lumi', u'tm_arguments', u'panda_resubmitted_jobs', u'tm_save_logs', u'tw_name', u'tm_user_infiles', u'tm_maxjobruntime', u'tm_numcores', u'tm_maxmemory', u'tm_priority', u'tm_output_dataset', u'tm_task_warnings', u'tm_user_webdir', u'tm_scriptexe', u'tm_scriptargs', u'tm_extrajdl', u'tm_asourl', u'tm_collector', u'tm_schedd', u'tm_dry_run', u'tm_user_files', u'tm_transfer_outputs', u'tm_output_lfn', u'tm_ignore_locality', u'tm_fail_limit', u'tm_one_event_mode', u'tm_secondary_input_dataset', u'tm_primary_dataset', u'tm_last_publication', u'tm_debug_files', u'clusterid', u'tm_asodb', u'tm_ignore_global_blacklist', u'tm_submitter_ip_addr', u'tm_totalunits', u'tm_ddm_reqid']}}
INFO 2021-02-06 23:49:03.110 UTC: 	 CRAB project directory:		/afs/cern.ch/work/m/mmyllyma/singleParticleResponse/CMSSW_10_4_0/src/PFCalibration/PFChargedHadronAnalyzer/mmylly/K0S/crab_step2_K0S_20k
INFO 2021-02-06 23:49:03.110 UTC: 	 Task name:			210206_223724:mmyllyma_crab_step2_K0S_20k
INFO 2021-02-06 23:49:03.110 UTC: 	 Grid scheduler - Task Worker:	crab3@vocms0121.cern.ch - crab-prod-tw01
INFO 2021-02-06 23:49:03.110 UTC: 	 Status on the CRAB server:	SUBMITTED
INFO 2021-02-06 23:49:03.110 UTC: 	 Task URL to use for HELP:	https://cmsweb-k8s-prod.cern.ch/crabserver/ui/task/210206_223724%3Ammyllyma_crab_step2_K0S_20k
INFO 2021-02-06 23:49:03.114 UTC: 	 Dashboard monitoring URL:	https://monit-grafana.cern.ch/d/cmsTMDetail/cms-task-monitoring-task-view?orgId=11&var-user=mmyllyma&var-task=210206_223724%3Ammyllyma_crab_step2_K0S_20k&from=1612647444000&to=now
INFO 2021-02-06 23:49:03.115 UTC: 	 In case of issues with the dashboard, please provide feedback to hn-cms-computing-tools@cern.ch
DEBUG 2021-02-06 23:49:03.115 UTC: 	 The CRAB server submitted your task to the Grid scheduler (cluster ID: 63425717)
DEBUG 2021-02-06 23:49:03.115 UTC: 	 Webdir is located at http://vocms0121.cern.ch/mon/cms1254/210206_223724:mmyllyma_crab_step2_K0S_20k
DEBUG 2021-02-06 23:49:03.234 UTC: 	 Proxied webdir is located at https://cmsweb.cern.ch:8443/scheddmon/0121/cms1254/210206_223724:mmyllyma_crab_step2_K0S_20k
DEBUG 2021-02-06 23:49:03.235 UTC: 	 Retrieving 'status_cache' file from https://cmsweb.cern.ch:8443/scheddmon/0121/cms1254/210206_223724:mmyllyma_crab_step2_K0S_20k/status_cache
DEBUG 2021-02-06 23:49:03.271 UTC: 	 Got information from status cache file: {'11': {'Retries': 0, 'WallDurations': [9.0, 12.221993923187256, 2020.0], 'StartTimes': [1612651500.0], 'SubmitTimes': [1612651160.0], 'JobIds': ['63425730.0'], 'EndTimes': [1612653520.0], 'Restarts': 0, 'RecordedSite': True, 'State': 'finished', 'ResidentSetSize': [2513172], 'TotalUserCpuTimeHistory': [1781], 'SiteHistory': ['Unknown', 'T2_FI_HIP', 'T2_FI_HIP'], 'TotalSysCpuTimeHistory': [28]}, '10': {'Retries': 0, 'WallDurations': [8.0, 12.221993923187256, 1977.0], 'StartTimes': [1612651500.0], 'SubmitTimes': [1612651159.0], 'JobIds': ['63425722.0'], 'EndTimes': [1612653477.0], 'Restarts': 0, 'RecordedSite': True, 'State': 'finished', 'ResidentSetSize': [2490416], 'TotalUserCpuTimeHistory': [1740], 'SiteHistory': ['Unknown', 'T2_FI_HIP', 'T2_FI_HIP'], 'TotalSysCpuTimeHistory': [25]}, '13': {'Retries': 0, 'WallDurations': [9.0, 13.221993923187256, 2014.0], 'StartTimes': [1612651499.0], 'SubmitTimes': [1612651160.0], 'JobIds': ['63425731.0'], 'EndTimes': [1612653513.0], 'Restarts': 0, 'RecordedSite': True, 'State': 'finished', 'ResidentSetSize': [2525964], 'TotalUserCpuTimeHistory': [1755], 'SiteHistory': ['Unknown', 'T2_FI_HIP', 'T2_FI_HIP'], 'TotalSysCpuTimeHistory': [25]}, '12': {'Retries': 0, 'WallDurations': [9.0, 13.221993923187256, 2005.0], 'StartTimes': [1612651499.0], 'SubmitTimes': [1612651160.0], 'JobIds': ['63425726.0'], 'EndTimes': [1612653504.0], 'Restarts': 0, 'RecordedSite': True, 'State': 'finished', 'ResidentSetSize': [2455588], 'TotalUserCpuTimeHistory': [1754], 'SiteHistory': ['Unknown', 'T2_FI_HIP', 'T2_FI_HIP'], 'TotalSysCpuTimeHistory': [27]}, '15': {'Retries': 0, 'WallDurations': [9.0, 14.221993923187256, 2002.0], 'StartTimes': [1612651498.0], 'SubmitTimes': [1612651161.0], 'JobIds': ['63425732.0'], 'EndTimes': [1612653500.0], 'Restarts': 0, 'RecordedSite': True, 'State': 'finished', 'ResidentSetSize': [2482368], 'TotalUserCpuTimeHistory': [1726], 'SiteHistory': ['Unknown', 'T2_FI_HIP', 'T2_FI_HIP'], 'TotalSysCpuTimeHistory': [26]}, '14': {'Retries': 0, 'WallDurations': [9.0, 13.221993923187256, 2053.0], 'StartTimes': [1612651499.0], 'SubmitTimes': [1612651161.0], 'JobIds': ['63425733.0'], 'EndTimes': [1612653552.0], 'Restarts': 0, 'RecordedSite': True, 'State': 'finished', 'ResidentSetSize': [2491708], 'TotalUserCpuTimeHistory': [1832], 'SiteHistory': ['Unknown', 'T2_FI_HIP', 'T2_FI_HIP'], 'TotalSysCpuTimeHistory': [30]}, '17': {'Retries': 0, 'WallDurations': [8.0, 11.221993923187256, 1992.0], 'StartTimes': [1612651501.0], 'SubmitTimes': [1612651170.0], 'JobIds': ['63425738.0'], 'EndTimes': [1612653493.0], 'Restarts': 0, 'RecordedSite': True, 'State': 'finished', 'ResidentSetSize': [2502068], 'TotalUserCpuTimeHistory': [1743], 'SiteHistory': ['Unknown', 'T2_FI_HIP', 'T2_FI_HIP'], 'TotalSysCpuTimeHistory': [27]}, '16': {'Retries': 0, 'WallDurations': [9.0, 13.221993923187256, 1980.0], 'StartTimes': [1612651499.0], 'SubmitTimes': [1612651161.0], 'JobIds': ['63425734.0'], 'EndTimes': [1612653479.0], 'Restarts': 0, 'RecordedSite': True, 'State': 'finished', 'ResidentSetSize': [2465504], 'TotalUserCpuTimeHistory': [1738], 'SiteHistory': ['Unknown', 'T2_FI_HIP', 'T2_FI_HIP'], 'TotalSysCpuTimeHistory': [23]}, '19': {'Retries': 0, 'WallDurations': [8.0, 10.221993923187256, 1985.0], 'StartTimes': [1612651502.0], 'SubmitTimes': [1612651169.0], 'JobIds': ['63425737.0'], 'EndTimes': [1612653487.0], 'Restarts': 0, 'RecordedSite': True, 'State': 'finished', 'ResidentSetSize': [2490200], 'TotalUserCpuTimeHistory': [1751], 'SiteHistory': ['Unknown', 'T2_FI_HIP', 'T2_FI_HIP'], 'TotalSysCpuTimeHistory': [25]}, '18': {'Retries': 0, 'WallDurations': [9.0, 13.221993923187256, 2153.0], 'StartTimes': [1612651499.0], 'SubmitTimes': [1612651162.0], 'JobIds': ['63425735.0'], 'EndTimes': [1612653652.0], 'Restarts': 0, 'RecordedSite': True, 'State': 'finished', 'ResidentSetSize': [2477716], 'TotalUserCpuTimeHistory': [1945], 'SiteHistory': ['Unknown', 'T2_FI_HIP', 'T2_FI_HIP'], 'TotalSysCpuTimeHistory': [28]}, '1': {'Retries': 0, 'WallDurations': [9.0, 12.221993923187256, 2011.0], 'StartTimes': [1612651500.0], 'SubmitTimes': [1612651151.0], 'JobIds': ['63425719.0'], 'EndTimes': [1612653511.0], 'Restarts': 0, 'RecordedSite': True, 'State': 'finished', 'ResidentSetSize': [2511492], 'TotalUserCpuTimeHistory': [1735], 'SiteHistory': ['Unknown', 'T2_FI_HIP', 'T2_FI_HIP'], 'TotalSysCpuTimeHistory': [23]}, '3': {'Retries': 0, 'WallDurations': [9.0, 54.37195706367493, 1932.0], 'StartTimes': [1612651758.0], 'SubmitTimes': [1612651160.0], 'JobIds': ['63425729.0'], 'EndTimes': [1612653690.0], 'Restarts': 0, 'RecordedSite': True, 'State': 'finished', 'ResidentSetSize': [2525436], 'TotalUserCpuTimeHistory': [1772], 'SiteHistory': ['Unknown', 'T2_FI_HIP', 'T2_FI_HIP'], 'TotalSysCpuTimeHistory': [37]}, '2': {'Retries': 0, 'WallDurations': [8.0, 11.221993923187256, 2019.0], 'StartTimes': [1612651501.0], 'SubmitTimes': [1612651152.0], 'JobIds': ['63425720.0'], 'EndTimes': [1612653520.0], 'Restarts': 0, 'RecordedSite': True, 'State': 'finished', 'ResidentSetSize': [2474120], 'TotalUserCpuTimeHistory': [1794], 'SiteHistory': ['Unknown', 'T2_FI_HIP', 'T2_FI_HIP'], 'TotalSysCpuTimeHistory': [28]}, '5': {'Retries': 0, 'WallDurations': [8.0, 10.221993923187256, 2125.0], 'StartTimes': [1612651502.0], 'SubmitTimes': [1612651159.0], 'JobIds': ['63425723.0'], 'EndTimes': [1612653627.0], 'Restarts': 0, 'RecordedSite': True, 'State': 'finished', 'ResidentSetSize': [2477652], 'TotalUserCpuTimeHistory': [1926], 'SiteHistory': ['Unknown', 'T2_FI_HIP', 'T2_FI_HIP'], 'TotalSysCpuTimeHistory': [28]}, '4': {'Retries': 0, 'WallDurations': [9.0, 11.221993923187256, 2121.0], 'StartTimes': [1612651501.0], 'SubmitTimes': [1612651159.0], 'JobIds': ['63425721.0'], 'EndTimes': [1612653622.0], 'Restarts': 0, 'RecordedSite': True, 'State': 'finished', 'ResidentSetSize': [2465968], 'TotalUserCpuTimeHistory': [1910], 'SiteHistory': ['Unknown', 'T2_FI_HIP', 'T2_FI_HIP'], 'TotalSysCpuTimeHistory': [28]}, '7': {'Retries': 0, 'WallDurations': [9.0, 13.221993923187256, 1915.0], 'StartTimes': [1612651499.0], 'SubmitTimes': [1612651160.0], 'JobIds': ['63425727.0'], 'EndTimes': [1612653414.0], 'Restarts': 0, 'RecordedSite': True, 'State': 'finished', 'ResidentSetSize': [2498768], 'TotalUserCpuTimeHistory': [1709], 'SiteHistory': ['Unknown', 'T2_FI_HIP', 'T2_FI_HIP'], 'TotalSysCpuTimeHistory': [25]}, '6': {'Retries': 0, 'WallDurations': [9.0, 12.221993923187256, 2707.0], 'StartTimes': [1612651500.0], 'SubmitTimes': [1612651159.0], 'JobIds': ['63425725.0'], 'EndTimes': [1612654207.0], 'Restarts': 0, 'RecordedSite': True, 'State': 'finished', 'ResidentSetSize': [2488248], 'TotalUserCpuTimeHistory': [2535], 'SiteHistory': ['Unknown', 'T2_FI_HIP', 'T2_FI_HIP'], 'TotalSysCpuTimeHistory': [41]}, '9': {'Retries': 0, 'WallDurations': [9.0, 13.221993923187256, 2018.0], 'StartTimes': [1612651499.0], 'SubmitTimes': [1612651160.0], 'JobIds': ['63425728.0'], 'EndTimes': [1612653517.0], 'Restarts': 0, 'RecordedSite': True, 'State': 'finished', 'ResidentSetSize': [2517084], 'TotalUserCpuTimeHistory': [1765], 'SiteHistory': ['Unknown', 'T2_FI_HIP', 'T2_FI_HIP'], 'TotalSysCpuTimeHistory': [27]}, '20': {'Retries': 0, 'WallDurations': [8.0, 12.221993923187256, 2104.0], 'StartTimes': [1612651500.0], 'SubmitTimes': [1612651163.0], 'JobIds': ['63425736.0'], 'EndTimes': [1612653604.0], 'Restarts': 0, 'RecordedSite': True, 'State': 'finished', 'ResidentSetSize': [2475928], 'TotalUserCpuTimeHistory': [1895], 'SiteHistory': ['Unknown', 'T2_FI_HIP', 'T2_FI_HIP'], 'TotalSysCpuTimeHistory': [27]}, '8': {'Retries': 0, 'WallDurations': [9.0, 12.221993923187256, 2009.0], 'StartTimes': [1612651500.0], 'SubmitTimes': [1612651159.0], 'JobIds': ['63425724.0'], 'EndTimes': [1612653509.0], 'Restarts': 0, 'RecordedSite': True, 'State': 'finished', 'ResidentSetSize': [2510920], 'TotalUserCpuTimeHistory': [1754], 'SiteHistory': ['Unknown', 'T2_FI_HIP', 'T2_FI_HIP'], 'TotalSysCpuTimeHistory': [26]}}
INFO 2021-02-06 23:49:03.271 UTC: 	 Status on the scheduler:	COMPLETED
INFO 2021-02-06 23:49:03.271 UTC: 	 
Jobs status:                    finished     		100.0% (20/20)
INFO 2021-02-06 23:49:03.411 UTC: 	 
Publication status of 1 dataset(s):	done         		100.0% (20/20)
(from CRAB internal bookkeeping in transferdb)
INFO 2021-02-06 23:49:03.412 UTC: 	 
Output dataset:			/SingleK0S/mmyllyma-step2_K0S_20k-429973859737a67eb10c1a53af2256fc/USER
Output dataset DAS URL:		https://cmsweb.cern.ch/das/request?input=%2FSingleK0S%2Fmmyllyma-step2_K0S_20k-429973859737a67eb10c1a53af2256fc%2FUSER&instance=prod%2Fphys03
INFO 2021-02-06 23:49:03.412 UTC: 	 
Warning: the max jobs runtime is less than 30% of the task requested value (1250 min), please consider to request a lower value for failed jobs (allowed through crab resubmit) and/or improve the jobs splitting (e.g. config.Data.splitting = 'Automatic') in a new task.
INFO 2021-02-06 23:49:03.412 UTC: 	 
Summary of run jobs:
 * Memory: 2417MB min, 2466MB max, 2434MB ave
 * Runtime: 0:31:55 min, 0:45:07 max, 0:34:17 ave
 * CPU eff: 87% min, 95% max, 90% ave
 * Waste: 0:07:42 (1% of total)

INFO 2021-02-06 23:49:03.414 UTC: 	 Log file is /afs/cern.ch/work/m/mmyllyma/singleParticleResponse/CMSSW_10_4_0/src/PFCalibration/PFChargedHadronAnalyzer/mmylly/K0S/crab_step2_K0S_20k/crab.log
DEBUG 2021-02-06 23:54:45.561 UTC: 	 CRAB Client version: v3.201110
DEBUG 2021-02-06 23:54:45.561 UTC: 	 Running on: Linux lxplus722.cern.ch 3.10.0-1160.6.1.el7.x86_64 #1 SMP Tue Nov 17 13:59:11 UTC 2020 x86_64 x86_64 x86_64 GNU/Linux - CentOS Linux 7 (Core)
DEBUG 2021-02-06 23:54:45.561 UTC: 	 Executing command: 'status'
DEBUG 2021-02-06 23:54:45.562 UTC: 	 Found CRAB cache file /afs/cern.ch/user/m/mmyllyma/.crab3
DEBUG 2021-02-06 23:54:45.572 UTC: 	 Checking credentials
DEBUG 2021-02-06 23:54:45.573 UTC: 	 Found proxy file /tmp/x509up_u104199
DEBUG 2021-02-06 23:54:45.573 UTC: 	 Getting proxy life time left
DEBUG 2021-02-06 23:54:46.076 UTC: 	 Executing : 
 command : voms-proxy-info -file /tmp/x509up_u104199 -timeleft
 output : 38261

 error: 
 retcode : 0
DEBUG 2021-02-06 23:54:46.581 UTC: 	 Executing : 
 command : voms-proxy-info -file /tmp/x509up_u104199 -actimeleft
 output : 38261

 error: 
 retcode : 0
DEBUG 2021-02-06 23:54:46.581 UTC: 	 Proxy valid for 10:37:41 hours
DEBUG 2021-02-06 23:54:46.658 UTC: 	 Registering user credentials for server /DC=ch/DC=cern/OU=computers/CN=vocms0105.cern.ch|/DC=ch/DC=cern/OU=computers/CN=crab-(preprod|prod|dev)-tw(02|01).cern.ch|/DC=ch/DC=cern/OU=computers/CN=(ddi|ddidk|mytw).cern.ch|/DC=ch/DC=cern/OU=computers/CN=stefanov(m|m2).cern.ch
DEBUG 2021-02-06 23:54:47.168 UTC: 	 Executing : 
 command : voms-proxy-info -file /tmp/x509up_u104199 -identity
 output : /DC=ch/DC=cern/OU=Organic Units/OU=Users/CN=mmyllyma/CN=821759/CN=Mikael Myllymaki

 error: 
 retcode : 0
DEBUG 2021-02-06 23:54:47.174 UTC: 	 Getting myproxy life time left for myproxy.cern.ch
DEBUG 2021-02-06 23:54:47.174 UTC: 	 using a3633836dd8d176e9381cc89a8c8629d52861e19 as credential login name
DEBUG 2021-02-06 23:54:47.578 UTC: 	 Executing : 
 command : myproxy-info -l a3633836dd8d176e9381cc89a8c8629d52861e19 -s myproxy.cern.ch
 output : username: a3633836dd8d176e9381cc89a8c8629d52861e19
owner: /DC=ch/DC=cern/OU=Organic Units/OU=Users/CN=mmyllyma/CN=821759/CN=Mikael Myllymaki
  renewal policy: /DC=ch/DC=cern/OU=computers/CN=vocms0105.cern.ch|/DC=ch/DC=cern/OU=computers/CN=crab-(preprod|prod|dev)-tw(02|01).cern.ch|/DC=ch/DC=cern/OU=computers/CN=(ddi|ddidk|mytw).cern.ch|/DC=ch/DC=cern/OU=computers/CN=stefanov(m|m2).cern.ch
  trusted retrieval policy: /DC=ch/DC=cern/OU=computers/CN=vocms0105.cern.ch|/DC=ch/DC=cern/OU=computers/CN=crab-(preprod|prod|dev)-tw(02|01).cern.ch|/DC=ch/DC=cern/OU=computers/CN=(ddi|ddidk|mytw).cern.ch|/DC=ch/DC=cern/OU=computers/CN=stefanov(m|m2).cern.ch
  timeleft: 614:03:30  (25.6 days)

 error: 
 retcode : 0
DEBUG 2021-02-06 23:54:47.579 UTC: 	 Myproxy is valid: 2210610
DEBUG 2021-02-06 23:54:47.579 UTC: 	 Retrieving username ...
DEBUG 2021-02-06 23:54:47.579 UTC: 	 Retrieving username from CRIC...
DEBUG 2021-02-06 23:54:48.311 UTC: 	 username is mmyllyma
DEBUG 2021-02-06 23:54:48.317 UTC: 	 Getting myproxy life time left for myproxy.cern.ch
DEBUG 2021-02-06 23:54:48.317 UTC: 	 using mmyllyma_CRAB as credential login name
DEBUG 2021-02-06 23:54:48.721 UTC: 	 Executing : 
 command : myproxy-info -l mmyllyma_CRAB -s myproxy.cern.ch
 output : username: mmyllyma_CRAB
owner: /DC=ch/DC=cern/OU=Organic Units/OU=Users/CN=mmyllyma/CN=821759/CN=Mikael Myllymaki
  renewal policy: /DC=ch/DC=cern/OU=computers/CN=vocms0105.cern.ch|/DC=ch/DC=cern/OU=computers/CN=crab-(preprod|prod|dev)-tw(02|01).cern.ch|/DC=ch/DC=cern/OU=computers/CN=(ddi|ddidk|mytw).cern.ch|/DC=ch/DC=cern/OU=computers/CN=stefanov(m|m2).cern.ch
  trusted retrieval policy: /DC=ch/DC=cern/OU=computers/CN=vocms0105.cern.ch|/DC=ch/DC=cern/OU=computers/CN=crab-(preprod|prod|dev)-tw(02|01).cern.ch|/DC=ch/DC=cern/OU=computers/CN=(ddi|ddidk|mytw).cern.ch|/DC=ch/DC=cern/OU=computers/CN=stefanov(m|m2).cern.ch
  timeleft: 614:03:37  (25.6 days)

 error: 
 retcode : 0
DEBUG 2021-02-06 23:54:48.721 UTC: 	 Myproxy is valid: 2210617
DEBUG 2021-02-06 23:54:48.721 UTC: 	 Result of myproxy credential check:
  Credential exists on myproxy: username: a3633836dd8d176e9381cc89a8c8629d52861e19  - validity: 25 days, 14:03:30
  Credential exists on myproxy: username: mmyllyma_CRAB  - validity: 25 days, 14:03:37
DEBUG 2021-02-06 23:54:48.722 UTC: 	 Command use: status
DEBUG 2021-02-06 23:54:48.722 UTC: 	 Options use: ['crab_step2_K0S_20k']
DEBUG 2021-02-06 23:54:48.796 UTC: 	 CRABClient version: v3.201110
DEBUG 2021-02-06 23:54:48.796 UTC: 	 Instance is prod
DEBUG 2021-02-06 23:54:48.796 UTC: 	 Server base url is cmsweb-k8s-prod.cern.ch
DEBUG 2021-02-06 23:54:48.796 UTC: 	 Command url /crabserver/prod/workflow
DEBUG 2021-02-06 23:54:48.875 UTC: 	 Got information from server oracle database: {u'result': [u'210206_223724:mmyllyma_crab_step2_K0S_20k', u'None', u'None', u'SUBMITTED', u'SUBMIT', u'2021-02-06 22:37:24.454470', u'None', u'2021-02-06 22:38:54.460563', u'None', u'CMSSW_10_4_0', u'slc7_amd64_gcc700', u'/SingleK0S/mmyllyma-generate_K0S_20k-d8fcbbeb0874d17edc07af95cfef2f12/USER', u'F', u'0', u'[]', u'[]', u'FileBased', u"{'splitOnRun': False, 'halt_job_on_file_boundaries': False, 'files_per_job': 1, 'runs': [], 'lumis': []}", u'8ef5d29598b6dcda15ae9bc1df810385ec0bf752e96b92c19b3c7ec2cda5b069.tar.gz', u'https://cmsweb.cern.ch:8443/crabcache', u'mmyllyma', u'/DC=ch/DC=cern/OU=Organic Units/OU=Users/CN=mmyllyma/CN=821759/CN=Mikael Myllymaki', u'cms', u'None', u'None', u'step2_K0S_20k-00000000000000000000000000000000', u'F', u'T2_FI_HIP', u'https://cmsweb.cern.ch/dbs/prod/phys03/DBSReader', u'https://cmsweb.cern.ch/dbs/prod/phys03/DBSWriter', u'T', u'[]', u'[]', u"['step2_K0S_20k.root']", u'Analysis', u'pythia', u'None', u'{}', u'[]', u'F', u'crab-prod-tw01', u'[]', u'1250', u'1', u'2500', u'10', u"['/SingleK0S/mmyllyma-step2_K0S_20k-429973859737a67eb10c1a53af2256fc/USER']", u'[]', u'http://vocms0121.cern.ch/mon/cms1254/210206_223724:mmyllyma_crab_step2_K0S_20k', u'None', u'[]', u'[]', u'https://cmsweb.cern.ch/crabserver/prod', u'cmsgwms-collector-global.cern.ch:9620,cmsgwms-collector-global.fnal.gov', u'crab3@vocms0121.cern.ch', u'F', u'[]', u'T', u'/store/user/mmyllyma/CRAB3_TransferData', u'F', u'None', u'F', u'None', u'SingleK0S', u'2021-02-06 23:45:58.220982', u'f0c10dce73b86138ff02734d5f683b721c11716bef9f4c47ca2560fe614c67f3.tar.gz', u'63425717', u'filetransfers', u'F', u'188.185.120.166', u'20.0', u'None'], u'desc': {u'columns': [u'tm_taskname', u'tm_activity', u'panda_jobset_id', u'tm_task_status', u'tm_task_command', u'tm_start_time', u'tm_start_injection', u'tm_end_injection', u'tm_task_failure', u'tm_job_sw', u'tm_job_arch', u'tm_input_dataset', u'tm_nonvalid_input_dataset', u'tm_use_parent', u'tm_site_whitelist', u'tm_site_blacklist', u'tm_split_algo', u'tm_split_args', u'tm_user_sandbox', u'tm_cache_url', u'tm_username', u'tm_user_dn', u'tm_user_vo', u'tm_user_role', u'tm_user_group', u'tm_publish_name', u'tm_publish_groupname', u'tm_asyncdest', u'tm_dbs_url', u'tm_publish_dbs_url', u'tm_publication', u'tm_outfiles', u'tm_tfile_outfiles', u'tm_edm_outfiles', u'tm_job_type', u'tm_generator', u'tm_events_per_lumi', u'tm_arguments', u'panda_resubmitted_jobs', u'tm_save_logs', u'tw_name', u'tm_user_infiles', u'tm_maxjobruntime', u'tm_numcores', u'tm_maxmemory', u'tm_priority', u'tm_output_dataset', u'tm_task_warnings', u'tm_user_webdir', u'tm_scriptexe', u'tm_scriptargs', u'tm_extrajdl', u'tm_asourl', u'tm_collector', u'tm_schedd', u'tm_dry_run', u'tm_user_files', u'tm_transfer_outputs', u'tm_output_lfn', u'tm_ignore_locality', u'tm_fail_limit', u'tm_one_event_mode', u'tm_secondary_input_dataset', u'tm_primary_dataset', u'tm_last_publication', u'tm_debug_files', u'clusterid', u'tm_asodb', u'tm_ignore_global_blacklist', u'tm_submitter_ip_addr', u'tm_totalunits', u'tm_ddm_reqid']}}
INFO 2021-02-06 23:54:48.876 UTC: 	 CRAB project directory:		/afs/cern.ch/work/m/mmyllyma/singleParticleResponse/CMSSW_10_4_0/src/PFCalibration/PFChargedHadronAnalyzer/mmylly/K0S/crab_step2_K0S_20k
INFO 2021-02-06 23:54:48.876 UTC: 	 Task name:			210206_223724:mmyllyma_crab_step2_K0S_20k
INFO 2021-02-06 23:54:48.876 UTC: 	 Grid scheduler - Task Worker:	crab3@vocms0121.cern.ch - crab-prod-tw01
INFO 2021-02-06 23:54:48.876 UTC: 	 Status on the CRAB server:	SUBMITTED
INFO 2021-02-06 23:54:48.876 UTC: 	 Task URL to use for HELP:	https://cmsweb-k8s-prod.cern.ch/crabserver/ui/task/210206_223724%3Ammyllyma_crab_step2_K0S_20k
INFO 2021-02-06 23:54:48.879 UTC: 	 Dashboard monitoring URL:	https://monit-grafana.cern.ch/d/cmsTMDetail/cms-task-monitoring-task-view?orgId=11&var-user=mmyllyma&var-task=210206_223724%3Ammyllyma_crab_step2_K0S_20k&from=1612647444000&to=now
INFO 2021-02-06 23:54:48.879 UTC: 	 In case of issues with the dashboard, please provide feedback to hn-cms-computing-tools@cern.ch
DEBUG 2021-02-06 23:54:48.880 UTC: 	 The CRAB server submitted your task to the Grid scheduler (cluster ID: 63425717)
DEBUG 2021-02-06 23:54:48.880 UTC: 	 Webdir is located at http://vocms0121.cern.ch/mon/cms1254/210206_223724:mmyllyma_crab_step2_K0S_20k
DEBUG 2021-02-06 23:54:49.034 UTC: 	 Proxied webdir is located at https://cmsweb.cern.ch:8443/scheddmon/0121/cms1254/210206_223724:mmyllyma_crab_step2_K0S_20k
DEBUG 2021-02-06 23:54:49.034 UTC: 	 Retrieving 'status_cache' file from https://cmsweb.cern.ch:8443/scheddmon/0121/cms1254/210206_223724:mmyllyma_crab_step2_K0S_20k/status_cache
DEBUG 2021-02-06 23:54:49.072 UTC: 	 Got information from status cache file: {'11': {'Retries': 0, 'WallDurations': [9.0, 12.221993923187256, 2020.0], 'StartTimes': [1612651500.0], 'SubmitTimes': [1612651160.0], 'JobIds': ['63425730.0'], 'EndTimes': [1612653520.0], 'Restarts': 0, 'RecordedSite': True, 'State': 'finished', 'ResidentSetSize': [2513172], 'TotalUserCpuTimeHistory': [1781], 'SiteHistory': ['Unknown', 'T2_FI_HIP', 'T2_FI_HIP'], 'TotalSysCpuTimeHistory': [28]}, '10': {'Retries': 0, 'WallDurations': [8.0, 12.221993923187256, 1977.0], 'StartTimes': [1612651500.0], 'SubmitTimes': [1612651159.0], 'JobIds': ['63425722.0'], 'EndTimes': [1612653477.0], 'Restarts': 0, 'RecordedSite': True, 'State': 'finished', 'ResidentSetSize': [2490416], 'TotalUserCpuTimeHistory': [1740], 'SiteHistory': ['Unknown', 'T2_FI_HIP', 'T2_FI_HIP'], 'TotalSysCpuTimeHistory': [25]}, '13': {'Retries': 0, 'WallDurations': [9.0, 13.221993923187256, 2014.0], 'StartTimes': [1612651499.0], 'SubmitTimes': [1612651160.0], 'JobIds': ['63425731.0'], 'EndTimes': [1612653513.0], 'Restarts': 0, 'RecordedSite': True, 'State': 'finished', 'ResidentSetSize': [2525964], 'TotalUserCpuTimeHistory': [1755], 'SiteHistory': ['Unknown', 'T2_FI_HIP', 'T2_FI_HIP'], 'TotalSysCpuTimeHistory': [25]}, '12': {'Retries': 0, 'WallDurations': [9.0, 13.221993923187256, 2005.0], 'StartTimes': [1612651499.0], 'SubmitTimes': [1612651160.0], 'JobIds': ['63425726.0'], 'EndTimes': [1612653504.0], 'Restarts': 0, 'RecordedSite': True, 'State': 'finished', 'ResidentSetSize': [2455588], 'TotalUserCpuTimeHistory': [1754], 'SiteHistory': ['Unknown', 'T2_FI_HIP', 'T2_FI_HIP'], 'TotalSysCpuTimeHistory': [27]}, '15': {'Retries': 0, 'WallDurations': [9.0, 14.221993923187256, 2002.0], 'StartTimes': [1612651498.0], 'SubmitTimes': [1612651161.0], 'JobIds': ['63425732.0'], 'EndTimes': [1612653500.0], 'Restarts': 0, 'RecordedSite': True, 'State': 'finished', 'ResidentSetSize': [2482368], 'TotalUserCpuTimeHistory': [1726], 'SiteHistory': ['Unknown', 'T2_FI_HIP', 'T2_FI_HIP'], 'TotalSysCpuTimeHistory': [26]}, '14': {'Retries': 0, 'WallDurations': [9.0, 13.221993923187256, 2053.0], 'StartTimes': [1612651499.0], 'SubmitTimes': [1612651161.0], 'JobIds': ['63425733.0'], 'EndTimes': [1612653552.0], 'Restarts': 0, 'RecordedSite': True, 'State': 'finished', 'ResidentSetSize': [2491708], 'TotalUserCpuTimeHistory': [1832], 'SiteHistory': ['Unknown', 'T2_FI_HIP', 'T2_FI_HIP'], 'TotalSysCpuTimeHistory': [30]}, '17': {'Retries': 0, 'WallDurations': [8.0, 11.221993923187256, 1992.0], 'StartTimes': [1612651501.0], 'SubmitTimes': [1612651170.0], 'JobIds': ['63425738.0'], 'EndTimes': [1612653493.0], 'Restarts': 0, 'RecordedSite': True, 'State': 'finished', 'ResidentSetSize': [2502068], 'TotalUserCpuTimeHistory': [1743], 'SiteHistory': ['Unknown', 'T2_FI_HIP', 'T2_FI_HIP'], 'TotalSysCpuTimeHistory': [27]}, '16': {'Retries': 0, 'WallDurations': [9.0, 13.221993923187256, 1980.0], 'StartTimes': [1612651499.0], 'SubmitTimes': [1612651161.0], 'JobIds': ['63425734.0'], 'EndTimes': [1612653479.0], 'Restarts': 0, 'RecordedSite': True, 'State': 'finished', 'ResidentSetSize': [2465504], 'TotalUserCpuTimeHistory': [1738], 'SiteHistory': ['Unknown', 'T2_FI_HIP', 'T2_FI_HIP'], 'TotalSysCpuTimeHistory': [23]}, '19': {'Retries': 0, 'WallDurations': [8.0, 10.221993923187256, 1985.0], 'StartTimes': [1612651502.0], 'SubmitTimes': [1612651169.0], 'JobIds': ['63425737.0'], 'EndTimes': [1612653487.0], 'Restarts': 0, 'RecordedSite': True, 'State': 'finished', 'ResidentSetSize': [2490200], 'TotalUserCpuTimeHistory': [1751], 'SiteHistory': ['Unknown', 'T2_FI_HIP', 'T2_FI_HIP'], 'TotalSysCpuTimeHistory': [25]}, '18': {'Retries': 0, 'WallDurations': [9.0, 13.221993923187256, 2153.0], 'StartTimes': [1612651499.0], 'SubmitTimes': [1612651162.0], 'JobIds': ['63425735.0'], 'EndTimes': [1612653652.0], 'Restarts': 0, 'RecordedSite': True, 'State': 'finished', 'ResidentSetSize': [2477716], 'TotalUserCpuTimeHistory': [1945], 'SiteHistory': ['Unknown', 'T2_FI_HIP', 'T2_FI_HIP'], 'TotalSysCpuTimeHistory': [28]}, '1': {'Retries': 0, 'WallDurations': [9.0, 12.221993923187256, 2011.0], 'StartTimes': [1612651500.0], 'SubmitTimes': [1612651151.0], 'JobIds': ['63425719.0'], 'EndTimes': [1612653511.0], 'Restarts': 0, 'RecordedSite': True, 'State': 'finished', 'ResidentSetSize': [2511492], 'TotalUserCpuTimeHistory': [1735], 'SiteHistory': ['Unknown', 'T2_FI_HIP', 'T2_FI_HIP'], 'TotalSysCpuTimeHistory': [23]}, '3': {'Retries': 0, 'WallDurations': [9.0, 54.37195706367493, 1932.0], 'StartTimes': [1612651758.0], 'SubmitTimes': [1612651160.0], 'JobIds': ['63425729.0'], 'EndTimes': [1612653690.0], 'Restarts': 0, 'RecordedSite': True, 'State': 'finished', 'ResidentSetSize': [2525436], 'TotalUserCpuTimeHistory': [1772], 'SiteHistory': ['Unknown', 'T2_FI_HIP', 'T2_FI_HIP'], 'TotalSysCpuTimeHistory': [37]}, '2': {'Retries': 0, 'WallDurations': [8.0, 11.221993923187256, 2019.0], 'StartTimes': [1612651501.0], 'SubmitTimes': [1612651152.0], 'JobIds': ['63425720.0'], 'EndTimes': [1612653520.0], 'Restarts': 0, 'RecordedSite': True, 'State': 'finished', 'ResidentSetSize': [2474120], 'TotalUserCpuTimeHistory': [1794], 'SiteHistory': ['Unknown', 'T2_FI_HIP', 'T2_FI_HIP'], 'TotalSysCpuTimeHistory': [28]}, '5': {'Retries': 0, 'WallDurations': [8.0, 10.221993923187256, 2125.0], 'StartTimes': [1612651502.0], 'SubmitTimes': [1612651159.0], 'JobIds': ['63425723.0'], 'EndTimes': [1612653627.0], 'Restarts': 0, 'RecordedSite': True, 'State': 'finished', 'ResidentSetSize': [2477652], 'TotalUserCpuTimeHistory': [1926], 'SiteHistory': ['Unknown', 'T2_FI_HIP', 'T2_FI_HIP'], 'TotalSysCpuTimeHistory': [28]}, '4': {'Retries': 0, 'WallDurations': [9.0, 11.221993923187256, 2121.0], 'StartTimes': [1612651501.0], 'SubmitTimes': [1612651159.0], 'JobIds': ['63425721.0'], 'EndTimes': [1612653622.0], 'Restarts': 0, 'RecordedSite': True, 'State': 'finished', 'ResidentSetSize': [2465968], 'TotalUserCpuTimeHistory': [1910], 'SiteHistory': ['Unknown', 'T2_FI_HIP', 'T2_FI_HIP'], 'TotalSysCpuTimeHistory': [28]}, '7': {'Retries': 0, 'WallDurations': [9.0, 13.221993923187256, 1915.0], 'StartTimes': [1612651499.0], 'SubmitTimes': [1612651160.0], 'JobIds': ['63425727.0'], 'EndTimes': [1612653414.0], 'Restarts': 0, 'RecordedSite': True, 'State': 'finished', 'ResidentSetSize': [2498768], 'TotalUserCpuTimeHistory': [1709], 'SiteHistory': ['Unknown', 'T2_FI_HIP', 'T2_FI_HIP'], 'TotalSysCpuTimeHistory': [25]}, '6': {'Retries': 0, 'WallDurations': [9.0, 12.221993923187256, 2707.0], 'StartTimes': [1612651500.0], 'SubmitTimes': [1612651159.0], 'JobIds': ['63425725.0'], 'EndTimes': [1612654207.0], 'Restarts': 0, 'RecordedSite': True, 'State': 'finished', 'ResidentSetSize': [2488248], 'TotalUserCpuTimeHistory': [2535], 'SiteHistory': ['Unknown', 'T2_FI_HIP', 'T2_FI_HIP'], 'TotalSysCpuTimeHistory': [41]}, '9': {'Retries': 0, 'WallDurations': [9.0, 13.221993923187256, 2018.0], 'StartTimes': [1612651499.0], 'SubmitTimes': [1612651160.0], 'JobIds': ['63425728.0'], 'EndTimes': [1612653517.0], 'Restarts': 0, 'RecordedSite': True, 'State': 'finished', 'ResidentSetSize': [2517084], 'TotalUserCpuTimeHistory': [1765], 'SiteHistory': ['Unknown', 'T2_FI_HIP', 'T2_FI_HIP'], 'TotalSysCpuTimeHistory': [27]}, '20': {'Retries': 0, 'WallDurations': [8.0, 12.221993923187256, 2104.0], 'StartTimes': [1612651500.0], 'SubmitTimes': [1612651163.0], 'JobIds': ['63425736.0'], 'EndTimes': [1612653604.0], 'Restarts': 0, 'RecordedSite': True, 'State': 'finished', 'ResidentSetSize': [2475928], 'TotalUserCpuTimeHistory': [1895], 'SiteHistory': ['Unknown', 'T2_FI_HIP', 'T2_FI_HIP'], 'TotalSysCpuTimeHistory': [27]}, '8': {'Retries': 0, 'WallDurations': [9.0, 12.221993923187256, 2009.0], 'StartTimes': [1612651500.0], 'SubmitTimes': [1612651159.0], 'JobIds': ['63425724.0'], 'EndTimes': [1612653509.0], 'Restarts': 0, 'RecordedSite': True, 'State': 'finished', 'ResidentSetSize': [2510920], 'TotalUserCpuTimeHistory': [1754], 'SiteHistory': ['Unknown', 'T2_FI_HIP', 'T2_FI_HIP'], 'TotalSysCpuTimeHistory': [26]}}
INFO 2021-02-06 23:54:49.072 UTC: 	 Status on the scheduler:	COMPLETED
INFO 2021-02-06 23:54:49.072 UTC: 	 
Jobs status:                    finished     		100.0% (20/20)
INFO 2021-02-06 23:54:49.201 UTC: 	 
Publication status of 1 dataset(s):	done         		100.0% (20/20)
(from CRAB internal bookkeeping in transferdb)
INFO 2021-02-06 23:54:49.201 UTC: 	 
Output dataset:			/SingleK0S/mmyllyma-step2_K0S_20k-429973859737a67eb10c1a53af2256fc/USER
Output dataset DAS URL:		https://cmsweb.cern.ch/das/request?input=%2FSingleK0S%2Fmmyllyma-step2_K0S_20k-429973859737a67eb10c1a53af2256fc%2FUSER&instance=prod%2Fphys03
INFO 2021-02-06 23:54:49.202 UTC: 	 
Warning: the max jobs runtime is less than 30% of the task requested value (1250 min), please consider to request a lower value for failed jobs (allowed through crab resubmit) and/or improve the jobs splitting (e.g. config.Data.splitting = 'Automatic') in a new task.
INFO 2021-02-06 23:54:49.202 UTC: 	 
Summary of run jobs:
 * Memory: 2417MB min, 2466MB max, 2434MB ave
 * Runtime: 0:31:55 min, 0:45:07 max, 0:34:17 ave
 * CPU eff: 87% min, 95% max, 90% ave
 * Waste: 0:07:42 (1% of total)

INFO 2021-02-06 23:54:49.204 UTC: 	 Log file is /afs/cern.ch/work/m/mmyllyma/singleParticleResponse/CMSSW_10_4_0/src/PFCalibration/PFChargedHadronAnalyzer/mmylly/K0S/crab_step2_K0S_20k/crab.log
